[0.040s] Invoking command in '/home/ubuntu/tfg_ws/build/abb_irb140_support': CMAKE_PREFIX_PATH=/home/ubuntu/tfg_ws/install/abb_resources:/home/ubuntu/tfg_ws/install/abb_ros2:/home/ubuntu/tfg_ws/install/abb_irb140_support:/home/ubuntu/tfg_ws/install/abb_hardware_interface:/home/ubuntu/tfg_ws/install/abb_egm_rws_managers:/home/ubuntu/tfg_ws/install/abb_librws:/home/ubuntu/tfg_ws/install/abb_libegm:/home/ubuntu/tfg_ws/install/abb_bringup:/opt/ros/jazzy/opt/sdformat_vendor:/opt/ros/jazzy/opt/gz_math_vendor:/opt/ros/jazzy/opt/gz_utils_vendor:/opt/ros/jazzy/opt/gz_tools_vendor:/opt/ros/jazzy/opt/gz_cmake_vendor:/opt/ros/jazzy /usr/bin/cmake --build /home/ubuntu/tfg_ws/build/abb_irb140_support -- -j4 -l4
[0.119s] Invoked command in '/home/ubuntu/tfg_ws/build/abb_irb140_support' returned '0': CMAKE_PREFIX_PATH=/home/ubuntu/tfg_ws/install/abb_resources:/home/ubuntu/tfg_ws/install/abb_ros2:/home/ubuntu/tfg_ws/install/abb_irb140_support:/home/ubuntu/tfg_ws/install/abb_hardware_interface:/home/ubuntu/tfg_ws/install/abb_egm_rws_managers:/home/ubuntu/tfg_ws/install/abb_librws:/home/ubuntu/tfg_ws/install/abb_libegm:/home/ubuntu/tfg_ws/install/abb_bringup:/opt/ros/jazzy/opt/sdformat_vendor:/opt/ros/jazzy/opt/gz_math_vendor:/opt/ros/jazzy/opt/gz_utils_vendor:/opt/ros/jazzy/opt/gz_tools_vendor:/opt/ros/jazzy/opt/gz_cmake_vendor:/opt/ros/jazzy /usr/bin/cmake --build /home/ubuntu/tfg_ws/build/abb_irb140_support -- -j4 -l4
[0.122s] Invoking command in '/home/ubuntu/tfg_ws/build/abb_irb140_support': CMAKE_PREFIX_PATH=/home/ubuntu/tfg_ws/install/abb_resources:/home/ubuntu/tfg_ws/install/abb_ros2:/home/ubuntu/tfg_ws/install/abb_irb140_support:/home/ubuntu/tfg_ws/install/abb_hardware_interface:/home/ubuntu/tfg_ws/install/abb_egm_rws_managers:/home/ubuntu/tfg_ws/install/abb_librws:/home/ubuntu/tfg_ws/install/abb_libegm:/home/ubuntu/tfg_ws/install/abb_bringup:/opt/ros/jazzy/opt/sdformat_vendor:/opt/ros/jazzy/opt/gz_math_vendor:/opt/ros/jazzy/opt/gz_utils_vendor:/opt/ros/jazzy/opt/gz_tools_vendor:/opt/ros/jazzy/opt/gz_cmake_vendor:/opt/ros/jazzy /usr/bin/cmake --install /home/ubuntu/tfg_ws/build/abb_irb140_support
[0.140s] -- Install configuration: ""
[0.145s] -- Execute custom install script
[0.145s] -- Symlinking: /home/ubuntu/tfg_ws/install/abb_irb140_support/share/abb_irb140_support/launch/interface.launch.py
[0.163s] -- Up-to-date symlink: /home/ubuntu/tfg_ws/install/abb_irb140_support/share/abb_irb140_support/launch/rsp.launch.py
[0.163s] -- Up-to-date symlink: /home/ubuntu/tfg_ws/install/abb_irb140_support/share/abb_irb140_support/urdf/irb140.urdf
[0.164s] -- Up-to-date symlink: /home/ubuntu/tfg_ws/install/abb_irb140_support/share/ament_index/resource_index/package_run_dependencies/abb_irb140_support
[0.164s] -- Up-to-date symlink: /home/ubuntu/tfg_ws/install/abb_irb140_support/share/ament_index/resource_index/parent_prefix_path/abb_irb140_support
[0.165s] -- Up-to-date symlink: /home/ubuntu/tfg_ws/install/abb_irb140_support/share/abb_irb140_support/environment/ament_prefix_path.sh
[0.165s] -- Up-to-date symlink: /home/ubuntu/tfg_ws/install/abb_irb140_support/share/abb_irb140_support/environment/ament_prefix_path.dsv
[0.165s] -- Up-to-date symlink: /home/ubuntu/tfg_ws/install/abb_irb140_support/share/abb_irb140_support/environment/path.sh
[0.165s] -- Up-to-date symlink: /home/ubuntu/tfg_ws/install/abb_irb140_support/share/abb_irb140_support/environment/path.dsv
[0.166s] -- Up-to-date symlink: /home/ubuntu/tfg_ws/install/abb_irb140_support/share/abb_irb140_support/local_setup.bash
[0.166s] -- Up-to-date symlink: /home/ubuntu/tfg_ws/install/abb_irb140_support/share/abb_irb140_support/local_setup.sh
[0.166s] -- Up-to-date symlink: /home/ubuntu/tfg_ws/install/abb_irb140_support/share/abb_irb140_support/local_setup.zsh
[0.166s] -- Up-to-date symlink: /home/ubuntu/tfg_ws/install/abb_irb140_support/share/abb_irb140_support/local_setup.dsv
[0.166s] -- Symlinking: /home/ubuntu/tfg_ws/install/abb_irb140_support/share/abb_irb140_support/package.dsv
[0.186s] -- Up-to-date symlink: /home/ubuntu/tfg_ws/install/abb_irb140_support/share/ament_index/resource_index/packages/abb_irb140_support
[0.186s] -- Up-to-date symlink: /home/ubuntu/tfg_ws/install/abb_irb140_support/share/abb_irb140_support/cmake/abb_irb140_supportConfig.cmake
[0.187s] -- Up-to-date symlink: /home/ubuntu/tfg_ws/install/abb_irb140_support/share/abb_irb140_support/cmake/abb_irb140_supportConfig-version.cmake
[0.187s] -- Up-to-date symlink: /home/ubuntu/tfg_ws/install/abb_irb140_support/share/abb_irb140_support/package.xml
[0.192s] Invoked command in '/home/ubuntu/tfg_ws/build/abb_irb140_support' returned '0': CMAKE_PREFIX_PATH=/home/ubuntu/tfg_ws/install/abb_resources:/home/ubuntu/tfg_ws/install/abb_ros2:/home/ubuntu/tfg_ws/install/abb_irb140_support:/home/ubuntu/tfg_ws/install/abb_hardware_interface:/home/ubuntu/tfg_ws/install/abb_egm_rws_managers:/home/ubuntu/tfg_ws/install/abb_librws:/home/ubuntu/tfg_ws/install/abb_libegm:/home/ubuntu/tfg_ws/install/abb_bringup:/opt/ros/jazzy/opt/sdformat_vendor:/opt/ros/jazzy/opt/gz_math_vendor:/opt/ros/jazzy/opt/gz_utils_vendor:/opt/ros/jazzy/opt/gz_tools_vendor:/opt/ros/jazzy/opt/gz_cmake_vendor:/opt/ros/jazzy /usr/bin/cmake --install /home/ubuntu/tfg_ws/build/abb_irb140_support
