[0.498s] Invoking command in '/home/carles/tfg_ws/src/abb_control': DEBUGINFOD_URLS=https://debuginfod.ubuntu.com PYTHONPATH=/home/carles/tfg_ws/build/abb_control/prefix_override:/usr/lib/python3/dist-packages/colcon_core/task/python/colcon_distutils_commands:/home/carles/tfg_ws/install/abb_control/lib/python3.12/site-packages:${PYTHONPATH} /usr/bin/python3 -W ignore:setup.py install is deprecated -W ignore:easy_install command is deprecated setup.py egg_info --egg-base ../../build/abb_control build --build-base /home/carles/tfg_ws/build/abb_control/build install --record /home/carles/tfg_ws/build/abb_control/install.log --single-version-externally-managed install_data
[0.658s] running egg_info
[0.667s] writing ../../build/abb_control/abb_control.egg-info/PKG-INFO
[0.667s] writing dependency_links to ../../build/abb_control/abb_control.egg-info/dependency_links.txt
[0.667s] writing entry points to ../../build/abb_control/abb_control.egg-info/entry_points.txt
[0.668s] writing requirements to ../../build/abb_control/abb_control.egg-info/requires.txt
[0.668s] writing top-level names to ../../build/abb_control/abb_control.egg-info/top_level.txt
[0.689s] reading manifest file '../../build/abb_control/abb_control.egg-info/SOURCES.txt'
[0.689s] writing manifest file '../../build/abb_control/abb_control.egg-info/SOURCES.txt'
[0.689s] running build
[0.689s] running build_py
[0.689s] copying abb_control/simple_move.py -> /home/carles/tfg_ws/build/abb_control/build/lib/abb_control
[0.690s] running install
[0.694s] running install_lib
[0.704s] copying /home/carles/tfg_ws/build/abb_control/build/lib/abb_control/simple_move.py -> /home/carles/tfg_ws/install/abb_control/lib/python3.12/site-packages/abb_control
[0.704s] byte-compiling /home/carles/tfg_ws/install/abb_control/lib/python3.12/site-packages/abb_control/simple_move.py to simple_move.cpython-312.pyc
[0.705s] running install_data
[0.705s] running install_egg_info
[0.719s] removing '/home/carles/tfg_ws/install/abb_control/lib/python3.12/site-packages/abb_control-0.0.0-py3.12.egg-info' (and everything under it)
[0.719s] Copying ../../build/abb_control/abb_control.egg-info to /home/carles/tfg_ws/install/abb_control/lib/python3.12/site-packages/abb_control-0.0.0-py3.12.egg-info
[0.719s] running install_scripts
[0.797s] Installing bailar script to /home/carles/tfg_ws/install/abb_control/lib/abb_control
[0.797s] writing list of installed files to '/home/carles/tfg_ws/build/abb_control/install.log'
[0.822s] Invoked command in '/home/carles/tfg_ws/src/abb_control' returned '0': DEBUGINFOD_URLS=https://debuginfod.ubuntu.com PYTHONPATH=/home/carles/tfg_ws/build/abb_control/prefix_override:/usr/lib/python3/dist-packages/colcon_core/task/python/colcon_distutils_commands:/home/carles/tfg_ws/install/abb_control/lib/python3.12/site-packages:${PYTHONPATH} /usr/bin/python3 -W ignore:setup.py install is deprecated -W ignore:easy_install command is deprecated setup.py egg_info --egg-base ../../build/abb_control build --build-base /home/carles/tfg_ws/build/abb_control/build install --record /home/carles/tfg_ws/build/abb_control/install.log --single-version-externally-managed install_data
