[0.028s] Invoking command in '/home/ubuntu/tfg_ws/build/abb_librws': CMAKE_PREFIX_PATH=${CMAKE_PREFIX_PATH}:/opt/ros/jazzy /usr/bin/cmake --build /home/ubuntu/tfg_ws/build/abb_librws -- -j4 -l4
[0.154s] [100%] Built target abb_librws
[0.180s] Invoked command in '/home/ubuntu/tfg_ws/build/abb_librws' returned '0': CMAKE_PREFIX_PATH=${CMAKE_PREFIX_PATH}:/opt/ros/jazzy /usr/bin/cmake --build /home/ubuntu/tfg_ws/build/abb_librws -- -j4 -l4
[0.181s] Invoking command in '/home/ubuntu/tfg_ws/build/abb_librws': CMAKE_PREFIX_PATH=${CMAKE_PREFIX_PATH}:/opt/ros/jazzy /usr/bin/cmake --install /home/ubuntu/tfg_ws/build/abb_librws
[0.202s] -- Install configuration: ""
[0.202s] -- Up-to-date: /home/ubuntu/tfg_ws/install/abb_librws/include
[0.202s] -- Up-to-date: /home/ubuntu/tfg_ws/install/abb_librws/include/abb_librws
[0.202s] -- Up-to-date: /home/ubuntu/tfg_ws/install/abb_librws/include/abb_librws/rws_rapid.h
[0.203s] -- Up-to-date: /home/ubuntu/tfg_ws/install/abb_librws/include/abb_librws/rws_poco_client.h
[0.203s] -- Up-to-date: /home/ubuntu/tfg_ws/install/abb_librws/include/abb_librws/rws_common.h
[0.203s] -- Up-to-date: /home/ubuntu/tfg_ws/install/abb_librws/include/abb_librws/rws_state_machine_interface.h
[0.203s] -- Up-to-date: /home/ubuntu/tfg_ws/install/abb_librws/include/abb_librws/rws_cfg.h
[0.204s] -- Up-to-date: /home/ubuntu/tfg_ws/install/abb_librws/include/abb_librws/rws_interface.h
[0.205s] -- Up-to-date: /home/ubuntu/tfg_ws/install/abb_librws/include/abb_librws/rws_client.h
[0.205s] -- Up-to-date: /home/ubuntu/tfg_ws/install/abb_librws/include/abb_librws/abb_librws_export.h
[0.205s] -- Up-to-date: /home/ubuntu/tfg_ws/install/abb_librws/share/abb_librws/cmake
[0.205s] -- Up-to-date: /home/ubuntu/tfg_ws/install/abb_librws/share/abb_librws/cmake/FindPoco.cmake
[0.205s] -- Up-to-date: /home/ubuntu/tfg_ws/install/abb_librws/share/abb_librws/cmake/README.md
[0.205s] -- Up-to-date: /home/ubuntu/tfg_ws/install/abb_librws/lib/libabb_librws.so
[0.205s] -- Up-to-date: /home/ubuntu/tfg_ws/install/abb_librws/share/abb_librws/abb_librwsConfig.cmake
[0.206s] -- Up-to-date: /home/ubuntu/tfg_ws/install/abb_librws/share/abb_librws/abb_librwsConfigVersion.cmake
[0.206s] -- Up-to-date: /home/ubuntu/tfg_ws/install/abb_librws/share/abb_librws/package.xml
[0.206s] -- Up-to-date: /home/ubuntu/tfg_ws/install/abb_librws/share/abb_librws/abb_librwsTargets.cmake
[0.206s] -- Up-to-date: /home/ubuntu/tfg_ws/install/abb_librws/share/abb_librws/abb_librwsTargets-noconfig.cmake
[0.258s] Invoked command in '/home/ubuntu/tfg_ws/build/abb_librws' returned '0': CMAKE_PREFIX_PATH=${CMAKE_PREFIX_PATH}:/opt/ros/jazzy /usr/bin/cmake --install /home/ubuntu/tfg_ws/build/abb_librws
