[0.061s] Invoking command in '/home/ubuntu/tfg_ws/build/abb_bringup': CMAKE_PREFIX_PATH=/home/ubuntu/tfg_ws/install/abb_resources:/home/ubuntu/tfg_ws/install/abb_ros2:/home/ubuntu/tfg_ws/install/abb_irb140_support:/home/ubuntu/tfg_ws/install/abb_hardware_interface:/home/ubuntu/tfg_ws/install/abb_egm_rws_managers:/home/ubuntu/tfg_ws/install/abb_librws:/home/ubuntu/tfg_ws/install/abb_libegm:/home/ubuntu/tfg_ws/install/abb_bringup:/opt/ros/jazzy/opt/sdformat_vendor:/opt/ros/jazzy/opt/gz_math_vendor:/opt/ros/jazzy/opt/gz_utils_vendor:/opt/ros/jazzy/opt/gz_tools_vendor:/opt/ros/jazzy/opt/gz_cmake_vendor:/opt/ros/jazzy /usr/bin/cmake --build /home/ubuntu/tfg_ws/build/abb_bringup -- -j4 -l4
[0.169s] [ 66%] Built target gtest
[0.170s] [ 66%] Built target gtest_main
[0.223s] [100%] Built target test_command_topics
[0.248s] Invoked command in '/home/ubuntu/tfg_ws/build/abb_bringup' returned '0': CMAKE_PREFIX_PATH=/home/ubuntu/tfg_ws/install/abb_resources:/home/ubuntu/tfg_ws/install/abb_ros2:/home/ubuntu/tfg_ws/install/abb_irb140_support:/home/ubuntu/tfg_ws/install/abb_hardware_interface:/home/ubuntu/tfg_ws/install/abb_egm_rws_managers:/home/ubuntu/tfg_ws/install/abb_librws:/home/ubuntu/tfg_ws/install/abb_libegm:/home/ubuntu/tfg_ws/install/abb_bringup:/opt/ros/jazzy/opt/sdformat_vendor:/opt/ros/jazzy/opt/gz_math_vendor:/opt/ros/jazzy/opt/gz_utils_vendor:/opt/ros/jazzy/opt/gz_tools_vendor:/opt/ros/jazzy/opt/gz_cmake_vendor:/opt/ros/jazzy /usr/bin/cmake --build /home/ubuntu/tfg_ws/build/abb_bringup -- -j4 -l4
[0.250s] Invoking command in '/home/ubuntu/tfg_ws/build/abb_bringup': CMAKE_PREFIX_PATH=/home/ubuntu/tfg_ws/install/abb_resources:/home/ubuntu/tfg_ws/install/abb_ros2:/home/ubuntu/tfg_ws/install/abb_irb140_support:/home/ubuntu/tfg_ws/install/abb_hardware_interface:/home/ubuntu/tfg_ws/install/abb_egm_rws_managers:/home/ubuntu/tfg_ws/install/abb_librws:/home/ubuntu/tfg_ws/install/abb_libegm:/home/ubuntu/tfg_ws/install/abb_bringup:/opt/ros/jazzy/opt/sdformat_vendor:/opt/ros/jazzy/opt/gz_math_vendor:/opt/ros/jazzy/opt/gz_utils_vendor:/opt/ros/jazzy/opt/gz_tools_vendor:/opt/ros/jazzy/opt/gz_cmake_vendor:/opt/ros/jazzy /usr/bin/cmake --install /home/ubuntu/tfg_ws/build/abb_bringup
[0.265s] -- Install configuration: ""
[0.266s] -- Execute custom install script
[0.266s] -- Up-to-date symlink: /home/ubuntu/tfg_ws/install/abb_bringup/share/abb_bringup/config/abb_controllers.yaml
[0.267s] -- Up-to-date symlink: /home/ubuntu/tfg_ws/install/abb_bringup/share/abb_bringup/launch/abb_control.launch.py
[0.267s] -- Up-to-date symlink: /home/ubuntu/tfg_ws/install/abb_bringup/share/abb_bringup/launch/abb_moveit.launch.py
[0.267s] -- Up-to-date symlink: /home/ubuntu/tfg_ws/install/abb_bringup/share/abb_bringup/launch/abb_rws_client.launch.py
[0.267s] -- Up-to-date symlink: /home/ubuntu/tfg_ws/install/abb_bringup/share/ament_index/resource_index/package_run_dependencies/abb_bringup
[0.267s] -- Up-to-date symlink: /home/ubuntu/tfg_ws/install/abb_bringup/share/ament_index/resource_index/parent_prefix_path/abb_bringup
[0.268s] -- Up-to-date symlink: /home/ubuntu/tfg_ws/install/abb_bringup/share/abb_bringup/environment/ament_prefix_path.sh
[0.268s] -- Up-to-date symlink: /home/ubuntu/tfg_ws/install/abb_bringup/share/abb_bringup/environment/ament_prefix_path.dsv
[0.268s] -- Up-to-date symlink: /home/ubuntu/tfg_ws/install/abb_bringup/share/abb_bringup/environment/path.sh
[0.268s] -- Up-to-date symlink: /home/ubuntu/tfg_ws/install/abb_bringup/share/abb_bringup/environment/path.dsv
[0.268s] -- Up-to-date symlink: /home/ubuntu/tfg_ws/install/abb_bringup/share/abb_bringup/local_setup.bash
[0.269s] -- Up-to-date symlink: /home/ubuntu/tfg_ws/install/abb_bringup/share/abb_bringup/local_setup.sh
[0.269s] -- Up-to-date symlink: /home/ubuntu/tfg_ws/install/abb_bringup/share/abb_bringup/local_setup.zsh
[0.269s] -- Up-to-date symlink: /home/ubuntu/tfg_ws/install/abb_bringup/share/abb_bringup/local_setup.dsv
[0.269s] -- Symlinking: /home/ubuntu/tfg_ws/install/abb_bringup/share/abb_bringup/package.dsv
[0.288s] -- Up-to-date symlink: /home/ubuntu/tfg_ws/install/abb_bringup/share/ament_index/resource_index/packages/abb_bringup
[0.288s] -- Up-to-date symlink: /home/ubuntu/tfg_ws/install/abb_bringup/share/abb_bringup/cmake/ament_cmake_export_dependencies-extras.cmake
[0.288s] -- Up-to-date symlink: /home/ubuntu/tfg_ws/install/abb_bringup/share/abb_bringup/cmake/abb_bringupConfig.cmake
[0.288s] -- Up-to-date symlink: /home/ubuntu/tfg_ws/install/abb_bringup/share/abb_bringup/cmake/abb_bringupConfig-version.cmake
[0.288s] -- Up-to-date symlink: /home/ubuntu/tfg_ws/install/abb_bringup/share/abb_bringup/package.xml
[0.292s] Invoked command in '/home/ubuntu/tfg_ws/build/abb_bringup' returned '0': CMAKE_PREFIX_PATH=/home/ubuntu/tfg_ws/install/abb_resources:/home/ubuntu/tfg_ws/install/abb_ros2:/home/ubuntu/tfg_ws/install/abb_irb140_support:/home/ubuntu/tfg_ws/install/abb_hardware_interface:/home/ubuntu/tfg_ws/install/abb_egm_rws_managers:/home/ubuntu/tfg_ws/install/abb_librws:/home/ubuntu/tfg_ws/install/abb_libegm:/home/ubuntu/tfg_ws/install/abb_bringup:/opt/ros/jazzy/opt/sdformat_vendor:/opt/ros/jazzy/opt/gz_math_vendor:/opt/ros/jazzy/opt/gz_utils_vendor:/opt/ros/jazzy/opt/gz_tools_vendor:/opt/ros/jazzy/opt/gz_cmake_vendor:/opt/ros/jazzy /usr/bin/cmake --install /home/ubuntu/tfg_ws/build/abb_bringup
