[0.032s] Invoking command in '/home/ubuntu/tfg_ws/build/abb_ros2': CMAKE_PREFIX_PATH=${CMAKE_PREFIX_PATH}:/opt/ros/jazzy /usr/bin/cmake --build /home/ubuntu/tfg_ws/build/abb_ros2 -- -j4 -l4
[0.128s] Invoked command in '/home/ubuntu/tfg_ws/build/abb_ros2' returned '0': CMAKE_PREFIX_PATH=${CMAKE_PREFIX_PATH}:/opt/ros/jazzy /usr/bin/cmake --build /home/ubuntu/tfg_ws/build/abb_ros2 -- -j4 -l4
[0.151s] Invoking command in '/home/ubuntu/tfg_ws/build/abb_ros2': CMAKE_PREFIX_PATH=${CMAKE_PREFIX_PATH}:/opt/ros/jazzy /usr/bin/cmake --install /home/ubuntu/tfg_ws/build/abb_ros2
[0.170s] -- Install configuration: ""
[0.171s] -- Execute custom install script
[0.173s] -- Up-to-date symlink: /home/ubuntu/tfg_ws/install/abb_ros2/share/ament_index/resource_index/package_run_dependencies/abb_ros2
[0.176s] -- Up-to-date symlink: /home/ubuntu/tfg_ws/install/abb_ros2/share/ament_index/resource_index/parent_prefix_path/abb_ros2
[0.177s] -- Up-to-date symlink: /home/ubuntu/tfg_ws/install/abb_ros2/share/abb_ros2/environment/ament_prefix_path.sh
[0.178s] -- Up-to-date symlink: /home/ubuntu/tfg_ws/install/abb_ros2/share/abb_ros2/environment/ament_prefix_path.dsv
[0.182s] -- Up-to-date symlink: /home/ubuntu/tfg_ws/install/abb_ros2/share/abb_ros2/environment/path.sh
[0.183s] -- Up-to-date symlink: /home/ubuntu/tfg_ws/install/abb_ros2/share/abb_ros2/environment/path.dsv
[0.183s] -- Up-to-date symlink: /home/ubuntu/tfg_ws/install/abb_ros2/share/abb_ros2/local_setup.bash
[0.183s] -- Up-to-date symlink: /home/ubuntu/tfg_ws/install/abb_ros2/share/abb_ros2/local_setup.sh
[0.184s] -- Up-to-date symlink: /home/ubuntu/tfg_ws/install/abb_ros2/share/abb_ros2/local_setup.zsh
[0.184s] -- Up-to-date symlink: /home/ubuntu/tfg_ws/install/abb_ros2/share/abb_ros2/local_setup.dsv
[0.184s] -- Symlinking: /home/ubuntu/tfg_ws/install/abb_ros2/share/abb_ros2/package.dsv
[0.209s] -- Up-to-date symlink: /home/ubuntu/tfg_ws/install/abb_ros2/share/ament_index/resource_index/packages/abb_ros2
[0.210s] -- Up-to-date symlink: /home/ubuntu/tfg_ws/install/abb_ros2/share/abb_ros2/cmake/abb_ros2Config.cmake
[0.210s] -- Up-to-date symlink: /home/ubuntu/tfg_ws/install/abb_ros2/share/abb_ros2/cmake/abb_ros2Config-version.cmake
[0.210s] -- Up-to-date symlink: /home/ubuntu/tfg_ws/install/abb_ros2/share/abb_ros2/package.xml
[0.213s] Invoked command in '/home/ubuntu/tfg_ws/build/abb_ros2' returned '0': CMAKE_PREFIX_PATH=${CMAKE_PREFIX_PATH}:/opt/ros/jazzy /usr/bin/cmake --install /home/ubuntu/tfg_ws/build/abb_ros2
