[0.026s] Invoking command in '/home/ubuntu/tfg_ws/build/abb_irb1200_gazebo': /usr/bin/cmake /home/ubuntu/tfg_ws/src/abb_description/gazebo/abb_irb1200_gazebo -DCATKIN_INSTALL_INTO_PREFIX_ROOT=0 -DCATKIN_SYMLINK_INSTALL=ON -DCMAKE_INSTALL_PREFIX=/home/ubuntu/tfg_ws/install/abb_irb1200_gazebo
[0.044s] [0mCMake Deprecation Warning at CMakeLists.txt:1 (cmake_minimum_required):
[0.044s]   Compatibility with CMake < 3.5 will be removed from a future version of
[0.044s]   CMake.
[0.044s] 
[0.044s]   Update the VERSION argument <min> value or use a ...<max> suffix to tell
[0.044s]   CMake that the project does not need compatibility with older versions.
[0.045s] 
[0.045s] [0m
[0.188s] -- The C compiler identification is GNU 13.3.0
[0.356s] -- The CXX compiler identification is GNU 13.3.0
[0.392s] -- Detecting C compiler ABI info
[0.618s] -- Detecting C compiler ABI info - done
[0.639s] -- Check for working C compiler: /usr/bin/cc - skipped
[0.640s] -- Detecting C compile features
[0.641s] -- Detecting C compile features - done
[0.661s] -- Detecting CXX compiler ABI info
[0.911s] -- Detecting CXX compiler ABI info - done
[0.930s] -- Check for working CXX compiler: /usr/bin/c++ - skipped
[0.932s] -- Detecting CXX compile features
[0.932s] -- Detecting CXX compile features - done
[0.943s] [31mCMake Error at CMakeLists.txt:4 (find_package):
[0.944s]   By not providing "Findcatkin.cmake" in CMAKE_MODULE_PATH this project has
[0.945s]   asked CMake to find a package configuration file provided by "catkin", but
[0.945s]   CMake did not find one.
[0.945s] 
[0.945s]   Could not find a package configuration file provided by "catkin" with any
[0.945s]   of the following names:
[0.945s] 
[0.945s]     catkinConfig.cmake
[0.946s]     catkin-config.cmake
[0.946s] 
[0.946s]   Add the installation prefix of "catkin" to CMAKE_PREFIX_PATH or set
[0.946s]   "catkin_DIR" to a directory containing one of the above files.  If "catkin"
[0.946s]   provides a separate development package or SDK, be sure it has been
[0.946s]   installed.
[0.946s] 
[0.946s] [0m
[0.946s] -- Configuring incomplete, errors occurred!
[0.963s] Invoked command in '/home/ubuntu/tfg_ws/build/abb_irb1200_gazebo' returned '1': /usr/bin/cmake /home/ubuntu/tfg_ws/src/abb_description/gazebo/abb_irb1200_gazebo -DCATKIN_INSTALL_INTO_PREFIX_ROOT=0 -DCATKIN_SYMLINK_INSTALL=ON -DCMAKE_INSTALL_PREFIX=/home/ubuntu/tfg_ws/install/abb_irb1200_gazebo
