running egg_info
writing ../../build/abb_control/abb_control.egg-info/PKG-INFO
writing dependency_links to ../../build/abb_control/abb_control.egg-info/dependency_links.txt
writing entry points to ../../build/abb_control/abb_control.egg-info/entry_points.txt
writing requirements to ../../build/abb_control/abb_control.egg-info/requires.txt
writing top-level names to ../../build/abb_control/abb_control.egg-info/top_level.txt
reading manifest file '../../build/abb_control/abb_control.egg-info/SOURCES.txt'
writing manifest file '../../build/abb_control/abb_control.egg-info/SOURCES.txt'
running build
running build_py
running install
running install_lib
running install_data
copying launch/conectar_web.launch.py -> /home/carles/tfg_ws/install/abb_control/share/abb_control/launch
running install_egg_info
removing '/home/carles/tfg_ws/install/abb_control/lib/python3.12/site-packages/abb_control-0.0.0-py3.12.egg-info' (and everything under it)
Copying ../../build/abb_control/abb_control.egg-info to /home/carles/tfg_ws/install/abb_control/lib/python3.12/site-packages/abb_control-0.0.0-py3.12.egg-info
running install_scripts
Installing bailar script to /home/carles/tfg_ws/install/abb_control/lib/abb_control
writing list of installed files to '/home/carles/tfg_ws/build/abb_control/install.log'
