[0.043s] Invoking command in '/home/ubuntu/tfg_ws/build/abb_bringup': AMENT_PREFIX_PATH=/home/ubuntu/tfg_ws/install/abb_resources:${AMENT_PREFIX_PATH} CMAKE_PREFIX_PATH=/home/ubuntu/tfg_ws/install/abb_resources:/opt/ros/jazzy/opt/sdformat_vendor:/opt/ros/jazzy/opt/gz_math_vendor:/opt/ros/jazzy/opt/gz_utils_vendor:/opt/ros/jazzy/opt/gz_tools_vendor:/opt/ros/jazzy/opt/gz_cmake_vendor:/opt/ros/jazzy /usr/bin/cmake --build /home/ubuntu/tfg_ws/build/abb_bringup -- -j4 -l4
[0.165s] [ 33%] Built target gtest_main
[0.172s] [ 66%] Built target gtest
[0.224s] [100%] Built target test_command_topics
[0.244s] Invoked command in '/home/ubuntu/tfg_ws/build/abb_bringup' returned '0': AMENT_PREFIX_PATH=/home/ubuntu/tfg_ws/install/abb_resources:${AMENT_PREFIX_PATH} CMAKE_PREFIX_PATH=/home/ubuntu/tfg_ws/install/abb_resources:/opt/ros/jazzy/opt/sdformat_vendor:/opt/ros/jazzy/opt/gz_math_vendor:/opt/ros/jazzy/opt/gz_utils_vendor:/opt/ros/jazzy/opt/gz_tools_vendor:/opt/ros/jazzy/opt/gz_cmake_vendor:/opt/ros/jazzy /usr/bin/cmake --build /home/ubuntu/tfg_ws/build/abb_bringup -- -j4 -l4
[0.246s] Invoking command in '/home/ubuntu/tfg_ws/build/abb_bringup': AMENT_PREFIX_PATH=/home/ubuntu/tfg_ws/install/abb_resources:${AMENT_PREFIX_PATH} CMAKE_PREFIX_PATH=/home/ubuntu/tfg_ws/install/abb_resources:/opt/ros/jazzy/opt/sdformat_vendor:/opt/ros/jazzy/opt/gz_math_vendor:/opt/ros/jazzy/opt/gz_utils_vendor:/opt/ros/jazzy/opt/gz_tools_vendor:/opt/ros/jazzy/opt/gz_cmake_vendor:/opt/ros/jazzy /usr/bin/cmake --install /home/ubuntu/tfg_ws/build/abb_bringup
[0.261s] -- Install configuration: ""
[0.261s] -- Execute custom install script
[0.262s] -- Up-to-date symlink: /home/ubuntu/tfg_ws/install/abb_bringup/share/abb_bringup/config/abb_controllers.yaml
[0.262s] -- Up-to-date symlink: /home/ubuntu/tfg_ws/install/abb_bringup/share/abb_bringup/launch/abb_control.launch.py
[0.262s] -- Up-to-date symlink: /home/ubuntu/tfg_ws/install/abb_bringup/share/abb_bringup/launch/abb_moveit.launch.py
[0.262s] -- Up-to-date symlink: /home/ubuntu/tfg_ws/install/abb_bringup/share/abb_bringup/launch/abb_rws_client.launch.py
[0.263s] -- Up-to-date symlink: /home/ubuntu/tfg_ws/install/abb_bringup/share/ament_index/resource_index/package_run_dependencies/abb_bringup
[0.263s] -- Up-to-date symlink: /home/ubuntu/tfg_ws/install/abb_bringup/share/ament_index/resource_index/parent_prefix_path/abb_bringup
[0.263s] -- Up-to-date symlink: /home/ubuntu/tfg_ws/install/abb_bringup/share/abb_bringup/environment/ament_prefix_path.sh
[0.263s] -- Up-to-date symlink: /home/ubuntu/tfg_ws/install/abb_bringup/share/abb_bringup/environment/ament_prefix_path.dsv
[0.263s] -- Up-to-date symlink: /home/ubuntu/tfg_ws/install/abb_bringup/share/abb_bringup/environment/path.sh
[0.264s] -- Up-to-date symlink: /home/ubuntu/tfg_ws/install/abb_bringup/share/abb_bringup/environment/path.dsv
[0.264s] -- Up-to-date symlink: /home/ubuntu/tfg_ws/install/abb_bringup/share/abb_bringup/local_setup.bash
[0.264s] -- Up-to-date symlink: /home/ubuntu/tfg_ws/install/abb_bringup/share/abb_bringup/local_setup.sh
[0.264s] -- Up-to-date symlink: /home/ubuntu/tfg_ws/install/abb_bringup/share/abb_bringup/local_setup.zsh
[0.264s] -- Up-to-date symlink: /home/ubuntu/tfg_ws/install/abb_bringup/share/abb_bringup/local_setup.dsv
[0.265s] -- Up-to-date symlink: /home/ubuntu/tfg_ws/install/abb_bringup/share/abb_bringup/package.dsv
[0.265s] -- Up-to-date symlink: /home/ubuntu/tfg_ws/install/abb_bringup/share/ament_index/resource_index/packages/abb_bringup
[0.265s] -- Up-to-date symlink: /home/ubuntu/tfg_ws/install/abb_bringup/share/abb_bringup/cmake/ament_cmake_export_dependencies-extras.cmake
[0.265s] -- Up-to-date symlink: /home/ubuntu/tfg_ws/install/abb_bringup/share/abb_bringup/cmake/abb_bringupConfig.cmake
[0.265s] -- Up-to-date symlink: /home/ubuntu/tfg_ws/install/abb_bringup/share/abb_bringup/cmake/abb_bringupConfig-version.cmake
[0.266s] -- Up-to-date symlink: /home/ubuntu/tfg_ws/install/abb_bringup/share/abb_bringup/package.xml
