1765064682.1980088 [INFO] [launch]: All log files can be found below /home/ubuntu/.ros/log/2025-12-07-00-44-42-196585-RaspberryPi-15116
1765064682.1982272 [INFO] [launch]: Default logging verbosity is set to INFO
1765064682.3143659 [INFO] [moveit_setup_assistant-1]: process started with pid [15125]
1765064697.5557144 [moveit_setup_assistant-1] [INFO] [1765064697.555131789] [moveit_setup_assistant.urdf]: Loaded abb_irb140 robot model.
1765064697.5664487 [moveit_setup_assistant-1] [INFO] [1765064697.566052899] [moveit_4237281921.moveit.core.robot_model]: Loading robot model 'abb_irb140'...
1765064697.5666564 [moveit_setup_assistant-1] [INFO] [1765064697.566115084] [moveit_4237281921.moveit.core.robot_model]: No root/virtual joint specified in SRDF. Assuming fixed joint
1765064697.5670578 [moveit_setup_assistant-1] Error:   Error retrieving file [file:///home/ubuntu/tfg_ws/install/abb_irb140_support/share/abb_irb140_support/meshes/irb140/collision/base_link.stl]: Couldn't open file /home/ubuntu/tfg_ws/install/abb_irb140_support/share/abb_irb140_support/meshes/irb140/collision/base_link.stl
1765064697.5671763 [moveit_setup_assistant-1]          at line 277 in ./src/mesh_operations.cpp
1765064697.5672688 [moveit_setup_assistant-1] [WARN] [1765064697.566626398] [moveit_4237281921.moveit.core.robot_model]: Link base_link has visual geometry but no collision geometry. Collision geometry will be left empty. Fix your URDF file by explicitly specifying collision geometry.
1765064697.5673692 [moveit_setup_assistant-1] Error:   Error retrieving file [file:///home/ubuntu/tfg_ws/install/abb_irb140_support/share/abb_irb140_support/meshes/irb140/collision/link_1.stl]: Couldn't open file /home/ubuntu/tfg_ws/install/abb_irb140_support/share/abb_irb140_support/meshes/irb140/collision/link_1.stl
1765064697.5674767 [moveit_setup_assistant-1]          at line 277 in ./src/mesh_operations.cpp
1765064697.5678854 [moveit_setup_assistant-1] [WARN] [1765064697.566899750] [moveit_4237281921.moveit.core.robot_model]: Link link_1 has visual geometry but no collision geometry. Collision geometry will be left empty. Fix your URDF file by explicitly specifying collision geometry.
1765064697.5679936 [moveit_setup_assistant-1] Error:   Error retrieving file [file:///home/ubuntu/tfg_ws/install/abb_irb140_support/share/abb_irb140_support/meshes/irb140/collision/link_2.stl]: Couldn't open file /home/ubuntu/tfg_ws/install/abb_irb140_support/share/abb_irb140_support/meshes/irb140/collision/link_2.stl
1765064697.5680816 [moveit_setup_assistant-1]          at line 277 in ./src/mesh_operations.cpp
1765064697.5681598 [moveit_setup_assistant-1] [WARN] [1765064697.567088064] [moveit_4237281921.moveit.core.robot_model]: Link link_2 has visual geometry but no collision geometry. Collision geometry will be left empty. Fix your URDF file by explicitly specifying collision geometry.
1765064697.5682249 [moveit_setup_assistant-1] Error:   Error retrieving file [file:///home/ubuntu/tfg_ws/install/abb_irb140_support/share/abb_irb140_support/meshes/irb140/collision/link_3.stl]: Couldn't open file /home/ubuntu/tfg_ws/install/abb_irb140_support/share/abb_irb140_support/meshes/irb140/collision/link_3.stl
1765064697.5683103 [moveit_setup_assistant-1]          at line 277 in ./src/mesh_operations.cpp
1765064697.5683646 [moveit_setup_assistant-1] [WARN] [1765064697.567286971] [moveit_4237281921.moveit.core.robot_model]: Link link_3 has visual geometry but no collision geometry. Collision geometry will be left empty. Fix your URDF file by explicitly specifying collision geometry.
1765064697.5684118 [moveit_setup_assistant-1] Error:   Error retrieving file [file:///home/ubuntu/tfg_ws/install/abb_irb140_support/share/abb_irb140_support/meshes/irb140/collision/link_4.stl]: Couldn't open file /home/ubuntu/tfg_ws/install/abb_irb140_support/share/abb_irb140_support/meshes/irb140/collision/link_4.stl
1765064697.5684597 [moveit_setup_assistant-1]          at line 277 in ./src/mesh_operations.cpp
1765064697.5685079 [moveit_setup_assistant-1] [WARN] [1765064697.567506841] [moveit_4237281921.moveit.core.robot_model]: Link link_4 has visual geometry but no collision geometry. Collision geometry will be left empty. Fix your URDF file by explicitly specifying collision geometry.
1765064697.5688303 [moveit_setup_assistant-1] Error:   Error retrieving file [file:///home/ubuntu/tfg_ws/install/abb_irb140_support/share/abb_irb140_support/meshes/irb140/collision/link_5.stl]: Couldn't open file /home/ubuntu/tfg_ws/install/abb_irb140_support/share/abb_irb140_support/meshes/irb140/collision/link_5.stl
1765064697.5689328 [moveit_setup_assistant-1]          at line 277 in ./src/mesh_operations.cpp
1765064697.5689859 [moveit_setup_assistant-1] [WARN] [1765064697.567715378] [moveit_4237281921.moveit.core.robot_model]: Link link_5 has visual geometry but no collision geometry. Collision geometry will be left empty. Fix your URDF file by explicitly specifying collision geometry.
1765064697.5691390 [moveit_setup_assistant-1] Error:   Error retrieving file [file:///home/ubuntu/tfg_ws/install/abb_irb140_support/share/abb_irb140_support/meshes/irb140/collision/link_6.stl]: Couldn't open file /home/ubuntu/tfg_ws/install/abb_irb140_support/share/abb_irb140_support/meshes/irb140/collision/link_6.stl
1765064697.5692060 [moveit_setup_assistant-1]          at line 277 in ./src/mesh_operations.cpp
1765064697.5692713 [moveit_setup_assistant-1] [WARN] [1765064697.567897378] [moveit_4237281921.moveit.core.robot_model]: Link link_6 has visual geometry but no collision geometry. Collision geometry will be left empty. Fix your URDF file by explicitly specifying collision geometry.
1765064697.5693285 [moveit_setup_assistant-1] [WARN] [1765064697.567984248] [moveit_4237281921.moveit.core.robot_model]: No geometry is associated to any robot links
1765064708.2771828 [moveit_setup_assistant-1] [INFO] [1765064708.276653555] [moveit_setup_assistant.urdf]: Loaded abb_irb140 robot model.
1765064708.2774653 [moveit_setup_assistant-1] [INFO] [1765064708.276766480] [moveit_4237281921.moveit.core.robot_model]: Loading robot model 'abb_irb140'...
1765064708.2775903 [moveit_setup_assistant-1] [INFO] [1765064708.276809536] [moveit_4237281921.moveit.core.robot_model]: No root/virtual joint specified in SRDF. Assuming fixed joint
1765064708.2781243 [moveit_setup_assistant-1] Error:   Error retrieving file [file:///home/ubuntu/tfg_ws/install/abb_irb140_support/share/abb_irb140_support/meshes/irb140/collision/base_link.stl]: Couldn't open file /home/ubuntu/tfg_ws/install/abb_irb140_support/share/abb_irb140_support/meshes/irb140/collision/base_link.stl
1765064708.2783065 [moveit_setup_assistant-1]          at line 277 in ./src/mesh_operations.cpp
1765064708.2784050 [moveit_setup_assistant-1] [WARN] [1765064708.277282942] [moveit_4237281921.moveit.core.robot_model]: Link base_link has visual geometry but no collision geometry. Collision geometry will be left empty. Fix your URDF file by explicitly specifying collision geometry.
1765064708.2784910 [moveit_setup_assistant-1] Error:   Error retrieving file [file:///home/ubuntu/tfg_ws/install/abb_irb140_support/share/abb_irb140_support/meshes/irb140/collision/link_1.stl]: Couldn't open file /home/ubuntu/tfg_ws/install/abb_irb140_support/share/abb_irb140_support/meshes/irb140/collision/link_1.stl
1765064708.2785678 [moveit_setup_assistant-1]          at line 277 in ./src/mesh_operations.cpp
1765064708.2786407 [moveit_setup_assistant-1] [WARN] [1765064708.277593497] [moveit_4237281921.moveit.core.robot_model]: Link link_1 has visual geometry but no collision geometry. Collision geometry will be left empty. Fix your URDF file by explicitly specifying collision geometry.
1765064708.2787149 [moveit_setup_assistant-1] Error:   Error retrieving file [file:///home/ubuntu/tfg_ws/install/abb_irb140_support/share/abb_irb140_support/meshes/irb140/collision/link_2.stl]: Couldn't open file /home/ubuntu/tfg_ws/install/abb_irb140_support/share/abb_irb140_support/meshes/irb140/collision/link_2.stl
1765064708.2791188 [moveit_setup_assistant-1]          at line 277 in ./src/mesh_operations.cpp
1765064708.2792692 [moveit_setup_assistant-1] [WARN] [1765064708.277872386] [moveit_4237281921.moveit.core.robot_model]: Link link_2 has visual geometry but no collision geometry. Collision geometry will be left empty. Fix your URDF file by explicitly specifying collision geometry.
1765064708.2798154 [moveit_setup_assistant-1] Error:   Error retrieving file [file:///home/ubuntu/tfg_ws/install/abb_irb140_support/share/abb_irb140_support/meshes/irb140/collision/link_3.stl]: Couldn't open file /home/ubuntu/tfg_ws/install/abb_irb140_support/share/abb_irb140_support/meshes/irb140/collision/link_3.stl
1765064708.2799940 [moveit_setup_assistant-1]          at line 277 in ./src/mesh_operations.cpp
1765064708.2800782 [moveit_setup_assistant-1] [WARN] [1765064708.278131478] [moveit_4237281921.moveit.core.robot_model]: Link link_3 has visual geometry but no collision geometry. Collision geometry will be left empty. Fix your URDF file by explicitly specifying collision geometry.
1765064708.2801468 [moveit_setup_assistant-1] Error:   Error retrieving file [file:///home/ubuntu/tfg_ws/install/abb_irb140_support/share/abb_irb140_support/meshes/irb140/collision/link_4.stl]: Couldn't open file /home/ubuntu/tfg_ws/install/abb_irb140_support/share/abb_irb140_support/meshes/irb140/collision/link_4.stl
1765064708.2802119 [moveit_setup_assistant-1]          at line 277 in ./src/mesh_operations.cpp
1765064708.2803040 [moveit_setup_assistant-1] [WARN] [1765064708.278408348] [moveit_4237281921.moveit.core.robot_model]: Link link_4 has visual geometry but no collision geometry. Collision geometry will be left empty. Fix your URDF file by explicitly specifying collision geometry.
1765064708.2803776 [moveit_setup_assistant-1] Error:   Error retrieving file [file:///home/ubuntu/tfg_ws/install/abb_irb140_support/share/abb_irb140_support/meshes/irb140/collision/link_5.stl]: Couldn't open file /home/ubuntu/tfg_ws/install/abb_irb140_support/share/abb_irb140_support/meshes/irb140/collision/link_5.stl
1765064708.2805305 [moveit_setup_assistant-1]          at line 277 in ./src/mesh_operations.cpp
1765064708.2806718 [moveit_setup_assistant-1] [WARN] [1765064708.278637421] [moveit_4237281921.moveit.core.robot_model]: Link link_5 has visual geometry but no collision geometry. Collision geometry will be left empty. Fix your URDF file by explicitly specifying collision geometry.
1765064708.2807565 [moveit_setup_assistant-1] Error:   Error retrieving file [file:///home/ubuntu/tfg_ws/install/abb_irb140_support/share/abb_irb140_support/meshes/irb140/collision/link_6.stl]: Couldn't open file /home/ubuntu/tfg_ws/install/abb_irb140_support/share/abb_irb140_support/meshes/irb140/collision/link_6.stl
1765064708.2808359 [moveit_setup_assistant-1]          at line 277 in ./src/mesh_operations.cpp
1765064708.2809043 [moveit_setup_assistant-1] [WARN] [1765064708.278866699] [moveit_4237281921.moveit.core.robot_model]: Link link_6 has visual geometry but no collision geometry. Collision geometry will be left empty. Fix your URDF file by explicitly specifying collision geometry.
1765064708.2812028 [moveit_setup_assistant-1] [WARN] [1765064708.278954625] [moveit_4237281921.moveit.core.robot_model]: No geometry is associated to any robot links
1765064708.6514466 [moveit_setup_assistant-1] [rviz_rendering:debug] Available Renderers(1): OpenGL Rendering Subsystem, at ./src/rviz_rendering/render_system.cpp:289
1765064708.6515937 [moveit_setup_assistant-1] [rviz_rendering:info] Stereo is NOT SUPPORTED, at ./src/rviz_rendering/render_system.cpp:531
1765064708.6516392 [moveit_setup_assistant-1] [rviz_rendering:info] OpenGl version: 4.5 (GLSL 4.5), at ./src/rviz_rendering/render_system.cpp:272
1765064708.6516716 [moveit_setup_assistant-1] [rviz_rendering:info] Stereo is NOT SUPPORTED, at ./src/rviz_rendering/render_system.cpp:531
1765064708.6517003 [moveit_setup_assistant-1] [rviz_common:debug] Load pixmap at package://rviz_default_plugins/icons/classes/TF.svg, at ./src/rviz_common/load_resource.cpp:71
1765064708.6517313 [moveit_setup_assistant-1] [rviz_common:debug] Error retrieving file [file:///opt/ros/jazzy/share/rviz_default_plugins/icons/classes/TF.svg]: Couldn't open file /opt/ros/jazzy/share/rviz_default_plugins/icons/classes/TF.svg, at ./src/rviz_common/load_resource.cpp:55
1765064708.6517794 [moveit_setup_assistant-1] [rviz_common:debug] Load pixmap at package://rviz_default_plugins/icons/classes/TF.png, at ./src/rviz_common/load_resource.cpp:71
1765064708.6518097 [moveit_setup_assistant-1] [rviz_common:debug] Load pixmap at package://rviz_common/icons/classes/Identity.svg, at ./src/rviz_common/load_resource.cpp:71
1765064708.6518366 [moveit_setup_assistant-1] [rviz_common:debug] Error retrieving file [file:///opt/ros/jazzy/share/rviz_common/icons/classes/Identity.svg]: Couldn't open file /opt/ros/jazzy/share/rviz_common/icons/classes/Identity.svg, at ./src/rviz_common/load_resource.cpp:55
1765064708.6518629 [moveit_setup_assistant-1] [rviz_common:debug] Load pixmap at package://rviz_common/icons/classes/Identity.png, at ./src/rviz_common/load_resource.cpp:71
1765064708.6518893 [moveit_setup_assistant-1] [rviz_common:debug] Error retrieving file [file:///opt/ros/jazzy/share/rviz_common/icons/classes/Identity.png]: Couldn't open file /opt/ros/jazzy/share/rviz_common/icons/classes/Identity.png, at ./src/rviz_common/load_resource.cpp:55
1765064708.6519148 [moveit_setup_assistant-1] [rviz_common:debug] Load pixmap at package://rviz_common/icons/default_class_icon.png, at ./src/rviz_common/load_resource.cpp:71
1765064708.6519403 [moveit_setup_assistant-1] [rviz_common:debug] Load pixmap at package://rviz_common/icons/options.png, at ./src/rviz_common/load_resource.cpp:71
1765064708.6519661 [moveit_setup_assistant-1] [rviz_common:debug] Load pixmap at package://rviz_common/icons/ok.png, at ./src/rviz_common/load_resource.cpp:71
1765064708.6519928 [moveit_setup_assistant-1] [rviz_common:debug] Load pixmap at package://rviz_common/icons/warning.png, at ./src/rviz_common/load_resource.cpp:71
1765064708.6520195 [moveit_setup_assistant-1] [rviz_common:debug] Load pixmap at package://rviz_common/icons/error.png, at ./src/rviz_common/load_resource.cpp:71
1765064708.6520481 [moveit_setup_assistant-1] [rviz_common:debug] Load pixmap at package://rviz_default_plugins/icons/classes/Orbit.svg, at ./src/rviz_common/load_resource.cpp:71
1765064708.6520753 [moveit_setup_assistant-1] [rviz_common:debug] Error retrieving file [file:///opt/ros/jazzy/share/rviz_default_plugins/icons/classes/Orbit.svg]: Couldn't open file /opt/ros/jazzy/share/rviz_default_plugins/icons/classes/Orbit.svg, at ./src/rviz_common/load_resource.cpp:55
1765064708.6521010 [moveit_setup_assistant-1] [rviz_common:debug] Load pixmap at package://rviz_default_plugins/icons/classes/Orbit.png, at ./src/rviz_common/load_resource.cpp:71
1765064708.6521277 [moveit_setup_assistant-1] [rviz_common:debug] Error retrieving file [file:///opt/ros/jazzy/share/rviz_default_plugins/icons/classes/Orbit.png]: Couldn't open file /opt/ros/jazzy/share/rviz_default_plugins/icons/classes/Orbit.png, at ./src/rviz_common/load_resource.cpp:55
1765064708.6521533 [moveit_setup_assistant-1] [rviz_common:debug] Load pixmap at package://rviz_common/icons/rotate.svg, at ./src/rviz_common/load_resource.cpp:71
1765064708.6521790 [moveit_setup_assistant-1] [rviz_common:debug] Load pixmap at package://rviz_common/icons/cursor.svg, at ./src/rviz_common/load_resource.cpp:71
1765064708.6522050 [moveit_setup_assistant-1] [rviz_common:debug] Load pixmap at package://rviz_common/icons/rotate_cam.svg, at ./src/rviz_common/load_resource.cpp:71
1765064708.6522303 [moveit_setup_assistant-1] [rviz_common:debug] Load pixmap at package://rviz_common/icons/move2d.svg, at ./src/rviz_common/load_resource.cpp:71
1765064708.6522694 [moveit_setup_assistant-1] [rviz_common:debug] Load pixmap at package://rviz_common/icons/move_z.svg, at ./src/rviz_common/load_resource.cpp:71
1765064708.6523058 [moveit_setup_assistant-1] [rviz_common:debug] Load pixmap at package://rviz_common/icons/zoom.svg, at ./src/rviz_common/load_resource.cpp:71
1765064708.6523347 [moveit_setup_assistant-1] [rviz_common:debug] Load pixmap at package://rviz_common/icons/crosshair.svg, at ./src/rviz_common/load_resource.cpp:71
1765064708.6523728 [moveit_setup_assistant-1] [rviz_common:debug] Load pixmap at package://rviz_default_plugins/icons/classes/FocusCamera.svg, at ./src/rviz_common/load_resource.cpp:71
1765064708.6524019 [moveit_setup_assistant-1] [rviz_common:debug] Load pixmap at package://rviz_default_plugins/icons/classes/Interact.svg, at ./src/rviz_common/load_resource.cpp:71
1765064708.6561692 [moveit_setup_assistant-1] [INFO] [1765064708.655866640] [moveit_4237281921.moveit.ros.rdf_loader]: Loaded robot model in 0.00124568 seconds
1765064708.6563783 [moveit_setup_assistant-1] [INFO] [1765064708.655930436] [moveit_4237281921.moveit.core.robot_model]: Loading robot model 'abb_irb140'...
1765064708.6564686 [moveit_setup_assistant-1] [INFO] [1765064708.655952214] [moveit_4237281921.moveit.core.robot_model]: No root/virtual joint specified in SRDF. Assuming fixed joint
1765064708.6569378 [moveit_setup_assistant-1] [rviz_common:debug] Error retrieving file [file:///opt/ros/jazzy/share/rviz_default_plugins/icons/classes/Interact.svg]: Couldn't open file /opt/ros/jazzy/share/rviz_default_plugins/icons/classes/Interact.svg, at ./src/rviz_common/load_resource.cpp:55
1765064708.6570222 [moveit_setup_assistant-1] [rviz_common:debug] Load pixmap at package://rviz_default_plugins/icons/classes/Interact.png, at ./src/rviz_common/load_resource.cpp:71
1765064708.6570551 [moveit_setup_assistant-1] [rviz_common:debug] Load pixmap at package://rviz_default_plugins/icons/classes/Measure.svg, at ./src/rviz_common/load_resource.cpp:71
1765064708.6570830 [moveit_setup_assistant-1] [rviz_common:debug] Load pixmap at package://rviz_default_plugins/icons/classes/MoveCamera.svg, at ./src/rviz_common/load_resource.cpp:71
1765064708.6571124 [moveit_setup_assistant-1] [rviz_common:debug] Error retrieving file [file:///opt/ros/jazzy/share/rviz_default_plugins/icons/classes/MoveCamera.svg]: Couldn't open file /opt/ros/jazzy/share/rviz_default_plugins/icons/classes/MoveCamera.svg, at ./src/rviz_common/load_resource.cpp:55
1765064708.6571400 [moveit_setup_assistant-1] [rviz_common:debug] Load pixmap at package://rviz_default_plugins/icons/classes/MoveCamera.png, at ./src/rviz_common/load_resource.cpp:71
1765064708.6571665 [moveit_setup_assistant-1] [rviz_common:debug] Load pixmap at package://rviz_default_plugins/icons/classes/PublishPoint.svg, at ./src/rviz_common/load_resource.cpp:71
1765064708.6571925 [moveit_setup_assistant-1] [rviz_common:debug] Load pixmap at package://rviz_default_plugins/icons/classes/Select.svg, at ./src/rviz_common/load_resource.cpp:71
1765064708.6572192 [moveit_setup_assistant-1] [rviz_common:debug] Error retrieving file [file:///opt/ros/jazzy/share/rviz_default_plugins/icons/classes/Select.svg]: Couldn't open file /opt/ros/jazzy/share/rviz_default_plugins/icons/classes/Select.svg, at ./src/rviz_common/load_resource.cpp:55
1765064708.6572456 [moveit_setup_assistant-1] [rviz_common:debug] Load pixmap at package://rviz_default_plugins/icons/classes/Select.png, at ./src/rviz_common/load_resource.cpp:71
1765064708.6572983 [moveit_setup_assistant-1] [rviz_common:debug] Load pixmap at package://rviz_default_plugins/icons/classes/SetGoal.svg, at ./src/rviz_common/load_resource.cpp:71
1765064708.6573277 [moveit_setup_assistant-1] [rviz_common:debug] Error retrieving file [file:///opt/ros/jazzy/share/rviz_default_plugins/icons/classes/SetGoal.svg]: Couldn't open file /opt/ros/jazzy/share/rviz_default_plugins/icons/classes/SetGoal.svg, at ./src/rviz_common/load_resource.cpp:55
1765064708.6573546 [moveit_setup_assistant-1] [rviz_common:debug] Load pixmap at package://rviz_default_plugins/icons/classes/SetGoal.png, at ./src/rviz_common/load_resource.cpp:71
1765064708.6573813 [moveit_setup_assistant-1] [rviz_common:debug] Load pixmap at package://rviz_default_plugins/icons/classes/SetInitialPose.svg, at ./src/rviz_common/load_resource.cpp:71
1765064708.6574075 [moveit_setup_assistant-1] [rviz_common:debug] Error retrieving file [file:///opt/ros/jazzy/share/rviz_default_plugins/icons/classes/SetInitialPose.svg]: Couldn't open file /opt/ros/jazzy/share/rviz_default_plugins/icons/classes/SetInitialPose.svg, at ./src/rviz_common/load_resource.cpp:55
1765064708.6574461 [moveit_setup_assistant-1] [rviz_common:debug] Load pixmap at package://rviz_default_plugins/icons/classes/SetInitialPose.png, at ./src/rviz_common/load_resource.cpp:71
1765064708.6577442 [moveit_setup_assistant-1] Error:   Error retrieving file [file:///home/ubuntu/tfg_ws/install/abb_irb140_support/share/abb_irb140_support/meshes/irb140/collision/base_link.stl]: Couldn't open file /home/ubuntu/tfg_ws/install/abb_irb140_support/share/abb_irb140_support/meshes/irb140/collision/base_link.stl
1765064708.6578553 [moveit_setup_assistant-1]          at line 277 in ./src/mesh_operations.cpp
1765064708.6579170 [moveit_setup_assistant-1] [WARN] [1765064708.656190139] [moveit_4237281921.moveit.core.robot_model]: Link base_link has visual geometry but no collision geometry. Collision geometry will be left empty. Fix your URDF file by explicitly specifying collision geometry.
1765064708.6579740 [moveit_setup_assistant-1] Error:   Error retrieving file [file:///home/ubuntu/tfg_ws/install/abb_irb140_support/share/abb_irb140_support/meshes/irb140/collision/link_1.stl]: Couldn't open file /home/ubuntu/tfg_ws/install/abb_irb140_support/share/abb_irb140_support/meshes/irb140/collision/link_1.stl
1765064708.6580322 [moveit_setup_assistant-1]          at line 277 in ./src/mesh_operations.cpp
1765064708.6580944 [moveit_setup_assistant-1] [WARN] [1765064708.656382324] [moveit_4237281921.moveit.core.robot_model]: Link link_1 has visual geometry but no collision geometry. Collision geometry will be left empty. Fix your URDF file by explicitly specifying collision geometry.
1765064708.6581538 [moveit_setup_assistant-1] Error:   Error retrieving file [file:///home/ubuntu/tfg_ws/install/abb_irb140_support/share/abb_irb140_support/meshes/irb140/collision/link_2.stl]: Couldn't open file /home/ubuntu/tfg_ws/install/abb_irb140_support/share/abb_irb140_support/meshes/irb140/collision/link_2.stl
1765064708.6582258 [moveit_setup_assistant-1]          at line 277 in ./src/mesh_operations.cpp
1765064708.6582909 [moveit_setup_assistant-1] [WARN] [1765064708.656555101] [moveit_4237281921.moveit.core.robot_model]: Link link_2 has visual geometry but no collision geometry. Collision geometry will be left empty. Fix your URDF file by explicitly specifying collision geometry.
1765064708.6585577 [moveit_setup_assistant-1] Error:   Error retrieving file [file:///home/ubuntu/tfg_ws/install/abb_irb140_support/share/abb_irb140_support/meshes/irb140/collision/link_3.stl]: Couldn't open file /home/ubuntu/tfg_ws/install/abb_irb140_support/share/abb_irb140_support/meshes/irb140/collision/link_3.stl
1765064708.6586320 [moveit_setup_assistant-1]          at line 277 in ./src/mesh_operations.cpp
1765064708.6586771 [moveit_setup_assistant-1] [WARN] [1765064708.656743786] [moveit_4237281921.moveit.core.robot_model]: Link link_3 has visual geometry but no collision geometry. Collision geometry will be left empty. Fix your URDF file by explicitly specifying collision geometry.
1765064708.6588240 [moveit_setup_assistant-1] Error:   Error retrieving file [file:///home/ubuntu/tfg_ws/install/abb_irb140_support/share/abb_irb140_support/meshes/irb140/collision/link_4.stl]: Couldn't open file /home/ubuntu/tfg_ws/install/abb_irb140_support/share/abb_irb140_support/meshes/irb140/collision/link_4.stl
1765064708.6588969 [moveit_setup_assistant-1]          at line 277 in ./src/mesh_operations.cpp
1765064708.6589451 [moveit_setup_assistant-1] [WARN] [1765064708.656917916] [moveit_4237281921.moveit.core.robot_model]: Link link_4 has visual geometry but no collision geometry. Collision geometry will be left empty. Fix your URDF file by explicitly specifying collision geometry.
1765064708.6589897 [moveit_setup_assistant-1] Error:   Error retrieving file [file:///home/ubuntu/tfg_ws/install/abb_irb140_support/share/abb_irb140_support/meshes/irb140/collision/link_5.stl]: Couldn't open file /home/ubuntu/tfg_ws/install/abb_irb140_support/share/abb_irb140_support/meshes/irb140/collision/link_5.stl
1765064708.6590474 [moveit_setup_assistant-1]          at line 277 in ./src/mesh_operations.cpp
1765064708.6590936 [moveit_setup_assistant-1] [WARN] [1765064708.657081434] [moveit_4237281921.moveit.core.robot_model]: Link link_5 has visual geometry but no collision geometry. Collision geometry will be left empty. Fix your URDF file by explicitly specifying collision geometry.
1765064708.6591375 [moveit_setup_assistant-1] Error:   Error retrieving file [file:///home/ubuntu/tfg_ws/install/abb_irb140_support/share/abb_irb140_support/meshes/irb140/collision/link_6.stl]: Couldn't open file /home/ubuntu/tfg_ws/install/abb_irb140_support/share/abb_irb140_support/meshes/irb140/collision/link_6.stl
1765064708.6591804 [moveit_setup_assistant-1]          at line 277 in ./src/mesh_operations.cpp
1765064708.6592228 [moveit_setup_assistant-1] [WARN] [1765064708.657230748] [moveit_4237281921.moveit.core.robot_model]: Link link_6 has visual geometry but no collision geometry. Collision geometry will be left empty. Fix your URDF file by explicitly specifying collision geometry.
1765064708.6592796 [moveit_setup_assistant-1] [WARN] [1765064708.657334211] [moveit_4237281921.moveit.core.robot_model]: No geometry is associated to any robot links
1765064708.6594319 [moveit_setup_assistant-1] [rviz_rendering:error] Could not load resource [package://abb_irb140_support/meshes/irb140/visual/base_link.stl]: Unable to open file "package://abb_irb140_support/meshes/irb140/visual/base_link.stl"., at ./src/rviz_rendering/mesh_loader.cpp:114
1765064708.6855810 [moveit_setup_assistant-1] [rviz_rendering:error] Could not load resource [package://abb_irb140_support/meshes/irb140/visual/base_link.stl]: Unable to open file "package://abb_irb140_support/meshes/irb140/visual/base_link.stl"., at ./src/rviz_rendering/mesh_loader.cpp:114
1765064708.6860306 [moveit_setup_assistant-1] [rviz_rendering:error] Could not load resource [package://abb_irb140_support/meshes/irb140/collision/base_link.stl]: Unable to open file "package://abb_irb140_support/meshes/irb140/collision/base_link.stl"., at ./src/rviz_rendering/mesh_loader.cpp:114
1765064708.6861627 [moveit_setup_assistant-1] [rviz_rendering:error] Could not load resource [package://abb_irb140_support/meshes/irb140/collision/base_link.stl]: Unable to open file "package://abb_irb140_support/meshes/irb140/collision/base_link.stl"., at ./src/rviz_rendering/mesh_loader.cpp:114
1765064708.6868927 [moveit_setup_assistant-1] [rviz_rendering:error] Could not load resource [package://abb_irb140_support/meshes/irb140/visual/link_1.stl]: Unable to open file "package://abb_irb140_support/meshes/irb140/visual/link_1.stl"., at ./src/rviz_rendering/mesh_loader.cpp:114
1765064708.6873345 [moveit_setup_assistant-1] [rviz_rendering:error] Could not load resource [package://abb_irb140_support/meshes/irb140/visual/link_1.stl]: Unable to open file "package://abb_irb140_support/meshes/irb140/visual/link_1.stl"., at ./src/rviz_rendering/mesh_loader.cpp:114
1765064708.6877089 [moveit_setup_assistant-1] [rviz_rendering:error] Could not load resource [package://abb_irb140_support/meshes/irb140/collision/link_1.stl]: Unable to open file "package://abb_irb140_support/meshes/irb140/collision/link_1.stl"., at ./src/rviz_rendering/mesh_loader.cpp:114
1765064708.6880312 [moveit_setup_assistant-1] [rviz_rendering:error] Could not load resource [package://abb_irb140_support/meshes/irb140/collision/link_1.stl]: Unable to open file "package://abb_irb140_support/meshes/irb140/collision/link_1.stl"., at ./src/rviz_rendering/mesh_loader.cpp:114
1765064708.6883502 [moveit_setup_assistant-1] [rviz_rendering:error] Could not load resource [package://abb_irb140_support/meshes/irb140/visual/link_2.stl]: Unable to open file "package://abb_irb140_support/meshes/irb140/visual/link_2.stl"., at ./src/rviz_rendering/mesh_loader.cpp:114
1765064708.6884723 [moveit_setup_assistant-1] [rviz_rendering:error] Could not load resource [package://abb_irb140_support/meshes/irb140/visual/link_2.stl]: Unable to open file "package://abb_irb140_support/meshes/irb140/visual/link_2.stl"., at ./src/rviz_rendering/mesh_loader.cpp:114
1765064708.6888046 [moveit_setup_assistant-1] [rviz_rendering:error] Could not load resource [package://abb_irb140_support/meshes/irb140/collision/link_2.stl]: Unable to open file "package://abb_irb140_support/meshes/irb140/collision/link_2.stl"., at ./src/rviz_rendering/mesh_loader.cpp:114
1765064708.6891315 [moveit_setup_assistant-1] [rviz_rendering:error] Could not load resource [package://abb_irb140_support/meshes/irb140/collision/link_2.stl]: Unable to open file "package://abb_irb140_support/meshes/irb140/collision/link_2.stl"., at ./src/rviz_rendering/mesh_loader.cpp:114
1765064708.6892414 [moveit_setup_assistant-1] [rviz_rendering:error] Could not load resource [package://abb_irb140_support/meshes/irb140/visual/link_3.stl]: Unable to open file "package://abb_irb140_support/meshes/irb140/visual/link_3.stl"., at ./src/rviz_rendering/mesh_loader.cpp:114
1765064708.6895700 [moveit_setup_assistant-1] [rviz_rendering:error] Could not load resource [package://abb_irb140_support/meshes/irb140/visual/link_3.stl]: Unable to open file "package://abb_irb140_support/meshes/irb140/visual/link_3.stl"., at ./src/rviz_rendering/mesh_loader.cpp:114
1765064708.6898947 [moveit_setup_assistant-1] [rviz_rendering:error] Could not load resource [package://abb_irb140_support/meshes/irb140/collision/link_3.stl]: Unable to open file "package://abb_irb140_support/meshes/irb140/collision/link_3.stl"., at ./src/rviz_rendering/mesh_loader.cpp:114
1765064708.6900024 [moveit_setup_assistant-1] [rviz_rendering:error] Could not load resource [package://abb_irb140_support/meshes/irb140/collision/link_3.stl]: Unable to open file "package://abb_irb140_support/meshes/irb140/collision/link_3.stl"., at ./src/rviz_rendering/mesh_loader.cpp:114
1765064708.6903300 [moveit_setup_assistant-1] [rviz_rendering:error] Could not load resource [package://abb_irb140_support/meshes/irb140/visual/link_4.stl]: Unable to open file "package://abb_irb140_support/meshes/irb140/visual/link_4.stl"., at ./src/rviz_rendering/mesh_loader.cpp:114
1765064708.6906745 [moveit_setup_assistant-1] [rviz_rendering:error] Could not load resource [package://abb_irb140_support/meshes/irb140/visual/link_4.stl]: Unable to open file "package://abb_irb140_support/meshes/irb140/visual/link_4.stl"., at ./src/rviz_rendering/mesh_loader.cpp:114
1765064708.6907852 [moveit_setup_assistant-1] [rviz_rendering:error] Could not load resource [package://abb_irb140_support/meshes/irb140/collision/link_4.stl]: Unable to open file "package://abb_irb140_support/meshes/irb140/collision/link_4.stl"., at ./src/rviz_rendering/mesh_loader.cpp:114
1765064708.6910820 [moveit_setup_assistant-1] [rviz_rendering:error] Could not load resource [package://abb_irb140_support/meshes/irb140/collision/link_4.stl]: Unable to open file "package://abb_irb140_support/meshes/irb140/collision/link_4.stl"., at ./src/rviz_rendering/mesh_loader.cpp:114
1765064708.6914289 [moveit_setup_assistant-1] [rviz_rendering:error] Could not load resource [package://abb_irb140_support/meshes/irb140/visual/link_5.stl]: Unable to open file "package://abb_irb140_support/meshes/irb140/visual/link_5.stl"., at ./src/rviz_rendering/mesh_loader.cpp:114
1765064708.6915600 [moveit_setup_assistant-1] [rviz_rendering:error] Could not load resource [package://abb_irb140_support/meshes/irb140/visual/link_5.stl]: Unable to open file "package://abb_irb140_support/meshes/irb140/visual/link_5.stl"., at ./src/rviz_rendering/mesh_loader.cpp:114
1765064708.6918740 [moveit_setup_assistant-1] [rviz_rendering:error] Could not load resource [package://abb_irb140_support/meshes/irb140/collision/link_5.stl]: Unable to open file "package://abb_irb140_support/meshes/irb140/collision/link_5.stl"., at ./src/rviz_rendering/mesh_loader.cpp:114
1765064708.6919956 [moveit_setup_assistant-1] [rviz_rendering:error] Could not load resource [package://abb_irb140_support/meshes/irb140/collision/link_5.stl]: Unable to open file "package://abb_irb140_support/meshes/irb140/collision/link_5.stl"., at ./src/rviz_rendering/mesh_loader.cpp:114
1765064708.6923733 [moveit_setup_assistant-1] [rviz_rendering:error] Could not load resource [package://abb_irb140_support/meshes/irb140/visual/link_6.stl]: Unable to open file "package://abb_irb140_support/meshes/irb140/visual/link_6.stl"., at ./src/rviz_rendering/mesh_loader.cpp:114
1765064708.6927302 [moveit_setup_assistant-1] [rviz_rendering:error] Could not load resource [package://abb_irb140_support/meshes/irb140/visual/link_6.stl]: Unable to open file "package://abb_irb140_support/meshes/irb140/visual/link_6.stl"., at ./src/rviz_rendering/mesh_loader.cpp:114
1765064708.6928496 [moveit_setup_assistant-1] [rviz_rendering:error] Could not load resource [package://abb_irb140_support/meshes/irb140/collision/link_6.stl]: Unable to open file "package://abb_irb140_support/meshes/irb140/collision/link_6.stl"., at ./src/rviz_rendering/mesh_loader.cpp:114
1765064708.6930654 [moveit_setup_assistant-1] [rviz_rendering:error] Could not load resource [package://abb_irb140_support/meshes/irb140/collision/link_6.stl]: Unable to open file "package://abb_irb140_support/meshes/irb140/collision/link_6.stl"., at ./src/rviz_rendering/mesh_loader.cpp:114
1765064708.6971104 [moveit_setup_assistant-1] [INFO] [1765064708.696735365] [moveit_4237281921.moveit.ros.rdf_loader]: Loaded robot model in 0.00146491 seconds
1765064708.6973515 [moveit_setup_assistant-1] [INFO] [1765064708.696814291] [moveit_4237281921.moveit.core.robot_model]: Loading robot model 'abb_irb140'...
1765064708.6974635 [moveit_setup_assistant-1] [INFO] [1765064708.696845032] [moveit_4237281921.moveit.core.robot_model]: No root/virtual joint specified in SRDF. Assuming fixed joint
1765064708.6979628 [moveit_setup_assistant-1] [rviz_common:debug] Load pixmap at package://rviz_default_plugins/icons/classes/RobotLink.png, at ./src/rviz_common/load_resource.cpp:71
1765064708.6980538 [moveit_setup_assistant-1] [rviz_common:debug] Load pixmap at package://rviz_default_plugins/icons/classes/RobotLinkNoGeom.png, at ./src/rviz_common/load_resource.cpp:71
1765064708.6981010 [moveit_setup_assistant-1] [rviz_common:debug] Load pixmap at package://rviz_default_plugins/icons/classes/RobotJoint.png, at ./src/rviz_common/load_resource.cpp:71
1765064708.6984768 [moveit_setup_assistant-1] Error:   Error retrieving file [file:///home/ubuntu/tfg_ws/install/abb_irb140_support/share/abb_irb140_support/meshes/irb140/collision/base_link.stl]: Couldn't open file /home/ubuntu/tfg_ws/install/abb_irb140_support/share/abb_irb140_support/meshes/irb140/collision/base_link.stl
1765064708.6986234 [moveit_setup_assistant-1]          at line 277 in ./src/mesh_operations.cpp
1765064708.6987257 [moveit_setup_assistant-1] [WARN] [1765064708.697153476] [moveit_4237281921.moveit.core.robot_model]: Link base_link has visual geometry but no collision geometry. Collision geometry will be left empty. Fix your URDF file by explicitly specifying collision geometry.
1765064708.6988084 [moveit_setup_assistant-1] Error:   Error retrieving file [file:///home/ubuntu/tfg_ws/install/abb_irb140_support/share/abb_irb140_support/meshes/irb140/collision/link_1.stl]: Couldn't open file /home/ubuntu/tfg_ws/install/abb_irb140_support/share/abb_irb140_support/meshes/irb140/collision/link_1.stl
1765064708.6988783 [moveit_setup_assistant-1]          at line 277 in ./src/mesh_operations.cpp
1765064708.6989431 [moveit_setup_assistant-1] [WARN] [1765064708.697414327] [moveit_4237281921.moveit.core.robot_model]: Link link_1 has visual geometry but no collision geometry. Collision geometry will be left empty. Fix your URDF file by explicitly specifying collision geometry.
1765064708.6990113 [moveit_setup_assistant-1] Error:   Error retrieving file [file:///home/ubuntu/tfg_ws/install/abb_irb140_support/share/abb_irb140_support/meshes/irb140/collision/link_2.stl]: Couldn't open file /home/ubuntu/tfg_ws/install/abb_irb140_support/share/abb_irb140_support/meshes/irb140/collision/link_2.stl
1765064708.6990752 [moveit_setup_assistant-1]          at line 277 in ./src/mesh_operations.cpp
1765064708.6991539 [moveit_setup_assistant-1] [WARN] [1765064708.697661142] [moveit_4237281921.moveit.core.robot_model]: Link link_2 has visual geometry but no collision geometry. Collision geometry will be left empty. Fix your URDF file by explicitly specifying collision geometry.
1765064708.6994917 [moveit_setup_assistant-1] Error:   Error retrieving file [file:///home/ubuntu/tfg_ws/install/abb_irb140_support/share/abb_irb140_support/meshes/irb140/collision/link_3.stl]: Couldn't open file /home/ubuntu/tfg_ws/install/abb_irb140_support/share/abb_irb140_support/meshes/irb140/collision/link_3.stl
1765064708.6995957 [moveit_setup_assistant-1]          at line 277 in ./src/mesh_operations.cpp
1765064708.6996510 [moveit_setup_assistant-1] [WARN] [1765064708.697896308] [moveit_4237281921.moveit.core.robot_model]: Link link_3 has visual geometry but no collision geometry. Collision geometry will be left empty. Fix your URDF file by explicitly specifying collision geometry.
1765064708.6997023 [moveit_setup_assistant-1] Error:   Error retrieving file [file:///home/ubuntu/tfg_ws/install/abb_irb140_support/share/abb_irb140_support/meshes/irb140/collision/link_4.stl]: Couldn't open file /home/ubuntu/tfg_ws/install/abb_irb140_support/share/abb_irb140_support/meshes/irb140/collision/link_4.stl
1765064708.6997492 [moveit_setup_assistant-1]          at line 277 in ./src/mesh_operations.cpp
1765064708.6997921 [moveit_setup_assistant-1] [WARN] [1765064708.698113382] [moveit_4237281921.moveit.core.robot_model]: Link link_4 has visual geometry but no collision geometry. Collision geometry will be left empty. Fix your URDF file by explicitly specifying collision geometry.
1765064708.7001376 [moveit_setup_assistant-1] Error:   Error retrieving file [file:///home/ubuntu/tfg_ws/install/abb_irb140_support/share/abb_irb140_support/meshes/irb140/collision/link_5.stl]: Couldn't open file /home/ubuntu/tfg_ws/install/abb_irb140_support/share/abb_irb140_support/meshes/irb140/collision/link_5.stl
1765064708.7002378 [moveit_setup_assistant-1]          at line 277 in ./src/mesh_operations.cpp
1765064708.7003131 [moveit_setup_assistant-1] [WARN] [1765064708.698344844] [moveit_4237281921.moveit.core.robot_model]: Link link_5 has visual geometry but no collision geometry. Collision geometry will be left empty. Fix your URDF file by explicitly specifying collision geometry.
1765064708.7005987 [moveit_setup_assistant-1] Error:   Error retrieving file [file:///home/ubuntu/tfg_ws/install/abb_irb140_support/share/abb_irb140_support/meshes/irb140/collision/link_6.stl]: Couldn't open file /home/ubuntu/tfg_ws/install/abb_irb140_support/share/abb_irb140_support/meshes/irb140/collision/link_6.stl
1765064708.7006888 [moveit_setup_assistant-1]          at line 277 in ./src/mesh_operations.cpp
1765064708.7007408 [moveit_setup_assistant-1] [WARN] [1765064708.698569714] [moveit_4237281921.moveit.core.robot_model]: Link link_6 has visual geometry but no collision geometry. Collision geometry will be left empty. Fix your URDF file by explicitly specifying collision geometry.
1765064708.7007852 [moveit_setup_assistant-1] [WARN] [1765064708.698656936] [moveit_4237281921.moveit.core.robot_model]: No geometry is associated to any robot links
1765064708.7008290 [moveit_setup_assistant-1] [rviz_rendering:error] Could not load resource [package://abb_irb140_support/meshes/irb140/visual/base_link.stl]: Unable to open file "package://abb_irb140_support/meshes/irb140/visual/base_link.stl"., at ./src/rviz_rendering/mesh_loader.cpp:114
1765064708.7008734 [moveit_setup_assistant-1] [rviz_rendering:error] Could not load resource [package://abb_irb140_support/meshes/irb140/visual/base_link.stl]: Unable to open file "package://abb_irb140_support/meshes/irb140/visual/base_link.stl"., at ./src/rviz_rendering/mesh_loader.cpp:114
1765064708.7010970 [moveit_setup_assistant-1] [rviz_rendering:error] Could not load resource [package://abb_irb140_support/meshes/irb140/collision/base_link.stl]: Unable to open file "package://abb_irb140_support/meshes/irb140/collision/base_link.stl"., at ./src/rviz_rendering/mesh_loader.cpp:114
1765064708.7011890 [moveit_setup_assistant-1] [rviz_rendering:error] Could not load resource [package://abb_irb140_support/meshes/irb140/collision/base_link.stl]: Unable to open file "package://abb_irb140_support/meshes/irb140/collision/base_link.stl"., at ./src/rviz_rendering/mesh_loader.cpp:114
1765064708.7012422 [moveit_setup_assistant-1] [rviz_rendering:error] Could not load resource [package://abb_irb140_support/meshes/irb140/visual/link_1.stl]: Unable to open file "package://abb_irb140_support/meshes/irb140/visual/link_1.stl"., at ./src/rviz_rendering/mesh_loader.cpp:114
1765064708.7014685 [moveit_setup_assistant-1] [rviz_rendering:error] Could not load resource [package://abb_irb140_support/meshes/irb140/visual/link_1.stl]: Unable to open file "package://abb_irb140_support/meshes/irb140/visual/link_1.stl"., at ./src/rviz_rendering/mesh_loader.cpp:114
1765064708.7016797 [moveit_setup_assistant-1] [rviz_rendering:error] Could not load resource [package://abb_irb140_support/meshes/irb140/collision/link_1.stl]: Unable to open file "package://abb_irb140_support/meshes/irb140/collision/link_1.stl"., at ./src/rviz_rendering/mesh_loader.cpp:114
1765064708.7017534 [moveit_setup_assistant-1] [rviz_rendering:error] Could not load resource [package://abb_irb140_support/meshes/irb140/collision/link_1.stl]: Unable to open file "package://abb_irb140_support/meshes/irb140/collision/link_1.stl"., at ./src/rviz_rendering/mesh_loader.cpp:114
1765064708.7019475 [moveit_setup_assistant-1] [rviz_rendering:error] Could not load resource [package://abb_irb140_support/meshes/irb140/visual/link_2.stl]: Unable to open file "package://abb_irb140_support/meshes/irb140/visual/link_2.stl"., at ./src/rviz_rendering/mesh_loader.cpp:114
1765064708.7020140 [moveit_setup_assistant-1] [rviz_rendering:error] Could not load resource [package://abb_irb140_support/meshes/irb140/visual/link_2.stl]: Unable to open file "package://abb_irb140_support/meshes/irb140/visual/link_2.stl"., at ./src/rviz_rendering/mesh_loader.cpp:114
1765064708.7020628 [moveit_setup_assistant-1] [rviz_rendering:error] Could not load resource [package://abb_irb140_support/meshes/irb140/collision/link_2.stl]: Unable to open file "package://abb_irb140_support/meshes/irb140/collision/link_2.stl"., at ./src/rviz_rendering/mesh_loader.cpp:114
1765064708.7021079 [moveit_setup_assistant-1] [rviz_rendering:error] Could not load resource [package://abb_irb140_support/meshes/irb140/collision/link_2.stl]: Unable to open file "package://abb_irb140_support/meshes/irb140/collision/link_2.stl"., at ./src/rviz_rendering/mesh_loader.cpp:114
1765064708.7023036 [moveit_setup_assistant-1] [rviz_rendering:error] Could not load resource [package://abb_irb140_support/meshes/irb140/visual/link_3.stl]: Unable to open file "package://abb_irb140_support/meshes/irb140/visual/link_3.stl"., at ./src/rviz_rendering/mesh_loader.cpp:114
1765064708.7023807 [moveit_setup_assistant-1] [rviz_rendering:error] Could not load resource [package://abb_irb140_support/meshes/irb140/visual/link_3.stl]: Unable to open file "package://abb_irb140_support/meshes/irb140/visual/link_3.stl"., at ./src/rviz_rendering/mesh_loader.cpp:114
1765064708.7025716 [moveit_setup_assistant-1] [rviz_rendering:error] Could not load resource [package://abb_irb140_support/meshes/irb140/collision/link_3.stl]: Unable to open file "package://abb_irb140_support/meshes/irb140/collision/link_3.stl"., at ./src/rviz_rendering/mesh_loader.cpp:114
1765064708.7026370 [moveit_setup_assistant-1] [rviz_rendering:error] Could not load resource [package://abb_irb140_support/meshes/irb140/collision/link_3.stl]: Unable to open file "package://abb_irb140_support/meshes/irb140/collision/link_3.stl"., at ./src/rviz_rendering/mesh_loader.cpp:114
1765064708.7028148 [moveit_setup_assistant-1] [rviz_rendering:error] Could not load resource [package://abb_irb140_support/meshes/irb140/visual/link_4.stl]: Unable to open file "package://abb_irb140_support/meshes/irb140/visual/link_4.stl"., at ./src/rviz_rendering/mesh_loader.cpp:114
1765064708.7030809 [moveit_setup_assistant-1] [rviz_rendering:error] Could not load resource [package://abb_irb140_support/meshes/irb140/visual/link_4.stl]: Unable to open file "package://abb_irb140_support/meshes/irb140/visual/link_4.stl"., at ./src/rviz_rendering/mesh_loader.cpp:114
1765064708.7031732 [moveit_setup_assistant-1] [rviz_rendering:error] Could not load resource [package://abb_irb140_support/meshes/irb140/collision/link_4.stl]: Unable to open file "package://abb_irb140_support/meshes/irb140/collision/link_4.stl"., at ./src/rviz_rendering/mesh_loader.cpp:114
1765064708.7032695 [moveit_setup_assistant-1] [rviz_rendering:error] Could not load resource [package://abb_irb140_support/meshes/irb140/collision/link_4.stl]: Unable to open file "package://abb_irb140_support/meshes/irb140/collision/link_4.stl"., at ./src/rviz_rendering/mesh_loader.cpp:114
1765064708.7036214 [moveit_setup_assistant-1] [rviz_rendering:error] Could not load resource [package://abb_irb140_support/meshes/irb140/visual/link_5.stl]: Unable to open file "package://abb_irb140_support/meshes/irb140/visual/link_5.stl"., at ./src/rviz_rendering/mesh_loader.cpp:114
1765064708.7038357 [moveit_setup_assistant-1] [rviz_rendering:error] Could not load resource [package://abb_irb140_support/meshes/irb140/visual/link_5.stl]: Unable to open file "package://abb_irb140_support/meshes/irb140/visual/link_5.stl"., at ./src/rviz_rendering/mesh_loader.cpp:114
1765064708.7039115 [moveit_setup_assistant-1] [rviz_rendering:error] Could not load resource [package://abb_irb140_support/meshes/irb140/collision/link_5.stl]: Unable to open file "package://abb_irb140_support/meshes/irb140/collision/link_5.stl"., at ./src/rviz_rendering/mesh_loader.cpp:114
1765064708.7040541 [moveit_setup_assistant-1] [rviz_rendering:error] Could not load resource [package://abb_irb140_support/meshes/irb140/collision/link_5.stl]: Unable to open file "package://abb_irb140_support/meshes/irb140/collision/link_5.stl"., at ./src/rviz_rendering/mesh_loader.cpp:114
1765064708.7042148 [moveit_setup_assistant-1] [rviz_rendering:error] Could not load resource [package://abb_irb140_support/meshes/irb140/visual/link_6.stl]: Unable to open file "package://abb_irb140_support/meshes/irb140/visual/link_6.stl"., at ./src/rviz_rendering/mesh_loader.cpp:114
1765064708.7043946 [moveit_setup_assistant-1] [rviz_rendering:error] Could not load resource [package://abb_irb140_support/meshes/irb140/visual/link_6.stl]: Unable to open file "package://abb_irb140_support/meshes/irb140/visual/link_6.stl"., at ./src/rviz_rendering/mesh_loader.cpp:114
1765064708.7044675 [moveit_setup_assistant-1] [rviz_rendering:error] Could not load resource [package://abb_irb140_support/meshes/irb140/collision/link_6.stl]: Unable to open file "package://abb_irb140_support/meshes/irb140/collision/link_6.stl"., at ./src/rviz_rendering/mesh_loader.cpp:114
1765064708.7046378 [moveit_setup_assistant-1] [rviz_rendering:error] Could not load resource [package://abb_irb140_support/meshes/irb140/collision/link_6.stl]: Unable to open file "package://abb_irb140_support/meshes/irb140/collision/link_6.stl"., at ./src/rviz_rendering/mesh_loader.cpp:114
1765064708.7374444 [moveit_setup_assistant-1] Stack trace (most recent call last):
1765064708.7469742 [moveit_setup_assistant-1] #31   Object "/usr/lib/aarch64-linux-gnu/libglib-2.0.so.0.8000.0", at 0xffff96aa37a7, in 
1765064708.7474489 [moveit_setup_assistant-1] #30   Object "/usr/lib/aarch64-linux-gnu/libglib-2.0.so.0.8000.0", at 0xffff96a418ab, in 
1765064708.7477930 [moveit_setup_assistant-1] #29   Object "/usr/lib/aarch64-linux-gnu/libQt5XcbQpa.so.5.15.13", at 0xffff842d3c7b, in 
1765064708.7490685 [moveit_setup_assistant-1] #28   Object "/usr/lib/aarch64-linux-gnu/libQt5Gui.so.5.15.13", at 0xffff98fba67f, in QWindowSystemInterface::sendWindowSystemEvents(QFlags<QEventLoop::ProcessEventsFlag>)
1765064708.7497129 [moveit_setup_assistant-1] #27   Object "/usr/lib/aarch64-linux-gnu/libQt5Gui.so.5.15.13", at 0xffff98fe7597, in QGuiApplicationPrivate::processMouseEvent(QWindowSystemInterfacePrivate::MouseEvent*)
1765064708.7508283 [moveit_setup_assistant-1] #26   Object "/usr/lib/aarch64-linux-gnu/libQt5Core.so.5.15.13", at 0xffff98bdc47f, in QCoreApplication::notifyInternal2(QObject*, QEvent*)
1765064708.7523730 [moveit_setup_assistant-1] #25   Object "/usr/lib/aarch64-linux-gnu/libQt5Widgets.so.5.15.13", at 0xffff996e2aa7, in QApplicationPrivate::notify_helper(QObject*, QEvent*)
1765064708.7529771 [moveit_setup_assistant-1] #24   Object "/usr/lib/aarch64-linux-gnu/libQt5Widgets.so.5.15.13", at 0xffff9974837b, in 
1765064708.7535369 [moveit_setup_assistant-1] #23   Object "/usr/lib/aarch64-linux-gnu/libQt5Widgets.so.5.15.13", at 0xffff9974550f, in 
1765064708.7540724 [moveit_setup_assistant-1] #22   Object "/usr/lib/aarch64-linux-gnu/libQt5Widgets.so.5.15.13", at 0xffff996e9bef, in QApplicationPrivate::sendMouseEvent(QWidget*, QMouseEvent*, QWidget*, QWidget*, QWidget**, QPointer<QWidget>&, bool, bool)
1765064708.7547307 [moveit_setup_assistant-1] #21   Object "/usr/lib/aarch64-linux-gnu/libQt5Core.so.5.15.13", at 0xffff98bdc47f, in QCoreApplication::notifyInternal2(QObject*, QEvent*)
1765064708.7553580 [moveit_setup_assistant-1] #20   Object "/usr/lib/aarch64-linux-gnu/libQt5Widgets.so.5.15.13", at 0xffff996ea97b, in QApplication::notify(QObject*, QEvent*)
1765064708.7559900 [moveit_setup_assistant-1] #19   Object "/usr/lib/aarch64-linux-gnu/libQt5Widgets.so.5.15.13", at 0xffff996e2aa7, in QApplicationPrivate::notify_helper(QObject*, QEvent*)
1765064708.7566090 [moveit_setup_assistant-1] #18   Object "/usr/lib/aarch64-linux-gnu/libQt5Widgets.so.5.15.13", at 0xffff9972a42b, in QWidget::event(QEvent*)
1765064708.7571840 [moveit_setup_assistant-1] #17   Object "/usr/lib/aarch64-linux-gnu/libQt5Widgets.so.5.15.13", at 0xffff997d821b, in QAbstractButton::mouseReleaseEvent(QMouseEvent*)
1765064708.7578232 [moveit_setup_assistant-1] #16   Object "/usr/lib/aarch64-linux-gnu/libQt5Widgets.so.5.15.13", at 0xffff997d7f77, in 
1765064708.7584326 [moveit_setup_assistant-1] #15   Object "/usr/lib/aarch64-linux-gnu/libQt5Widgets.so.5.15.13", at 0xffff997d616b, in 
1765064708.7589717 [moveit_setup_assistant-1] #14   Object "/usr/lib/aarch64-linux-gnu/libQt5Widgets.so.5.15.13", at 0xffff997d5e83, in QAbstractButton::clicked(bool)
1765064708.7596345 [moveit_setup_assistant-1] #13   Object "/usr/lib/aarch64-linux-gnu/libQt5Core.so.5.15.13", at 0xffff98c20577, in 
1765064708.7599413 [moveit_setup_assistant-1] #12   Object "/opt/ros/jazzy/lib/libmoveit_setup_core_plugins.so", at 0xffff7de5548b, in moveit_setup::core::StartScreenWidget::loadFilesClick()
1765064708.7601275 [moveit_setup_assistant-1] #11   Object "/opt/ros/jazzy/lib/libmoveit_setup_core_plugins.so", at 0xffff7de550a3, in moveit_setup::core::StartScreenWidget::loadNewFiles()
1765064708.7603850 [moveit_setup_assistant-1] #10   Object "/usr/lib/aarch64-linux-gnu/libQt5Core.so.5.15.13", at 0xffff98c47c8b, in QEventDispatcherGlib::processEvents(QFlags<QEventLoop::ProcessEventsFlag>)
1765064708.7606020 [moveit_setup_assistant-1] #9    Object "/usr/lib/aarch64-linux-gnu/libglib-2.0.so.0.8000.0", at 0xffff96a40b67, in g_main_context_iteration
1765064708.7607973 [moveit_setup_assistant-1] #8    Object "/usr/lib/aarch64-linux-gnu/libglib-2.0.so.0.8000.0", at 0xffff96aa37a7, in 
1765064708.7608664 [moveit_setup_assistant-1] #7    Object "/usr/lib/aarch64-linux-gnu/libglib-2.0.so.0.8000.0", at 0xffff96a418ab, in 
1765064708.7610705 [moveit_setup_assistant-1] #6    Object "/usr/lib/aarch64-linux-gnu/libQt5Core.so.5.15.13", at 0xffff98c4880b, in 
1765064708.7613966 [moveit_setup_assistant-1] #5    Object "/usr/lib/aarch64-linux-gnu/libQt5Core.so.5.15.13", at 0xffff98be033f, in QCoreApplicationPrivate::sendPostedEvents(QObject*, int, QThreadData*)
1765064708.7617157 [moveit_setup_assistant-1] #4    Object "/usr/lib/aarch64-linux-gnu/libQt5Core.so.5.15.13", at 0xffff98bdc47f, in QCoreApplication::notifyInternal2(QObject*, QEvent*)
1765064708.7625508 [moveit_setup_assistant-1] #3    Object "/usr/lib/aarch64-linux-gnu/libQt5Widgets.so.5.15.13", at 0xffff996e2aa7, in QApplicationPrivate::notify_helper(QObject*, QEvent*)
1765064708.7629199 [moveit_setup_assistant-1] #2    Object "/usr/lib/aarch64-linux-gnu/libQt5Core.so.5.15.13", at 0xffff98c12aff, in QObject::event(QEvent*)
1765064708.7635472 [moveit_setup_assistant-1] #1    Object "/opt/ros/jazzy/lib/librviz_common.so", at 0xffff99f8d777, in rviz_common::properties::PropertyTreeModel::propertyHiddenChanged(rviz_common::properties::Property const*)
1765064708.7639272 [moveit_setup_assistant-1] #0    Object "/usr/lib/aarch64-linux-gnu/libQt5Core.so.5.15.13", at 0xffff98c1fe8c, in 
1765064708.7641075 [moveit_setup_assistant-1] Segmentation fault (Address not mapped to object [0x5f746965766f75])
1765064743.7991731 [ERROR] [moveit_setup_assistant-1]: process has died [pid 15125, exit code -11, cmd '/opt/ros/jazzy/lib/moveit_setup_assistant/moveit_setup_assistant --ros-args'].
