[0.033s] Invoking command in '/home/ubuntu/tfg_ws/build/abb_hardware_interface': CMAKE_PREFIX_PATH=/home/ubuntu/tfg_ws/install/abb_egm_rws_managers:/home/ubuntu/tfg_ws/install/abb_librws:/home/ubuntu/tfg_ws/install/abb_libegm:/home/ubuntu/tfg_ws/install/abb_ros2:/home/ubuntu/tfg_ws/install/abb_irb140_support:/home/ubuntu/tfg_ws/install/abb_resources:/home/ubuntu/tfg_ws/install/abb_hardware_interface:/home/ubuntu/tfg_ws/install/abb_bringup:/opt/ros/jazzy/opt/sdformat_vendor:/opt/ros/jazzy/opt/gz_math_vendor:/opt/ros/jazzy/opt/gz_utils_vendor:/opt/ros/jazzy/opt/gz_tools_vendor:/opt/ros/jazzy/opt/gz_cmake_vendor:/opt/ros/jazzy LD_LIBRARY_PATH=/home/ubuntu/tfg_ws/install/abb_egm_rws_managers/lib:/home/ubuntu/tfg_ws/install/abb_librws/lib:/home/ubuntu/tfg_ws/install/abb_libegm/lib:/home/ubuntu/tfg_ws/install/abb_hardware_interface/lib:/opt/ros/jazzy/opt/sdformat_vendor/lib:/opt/ros/jazzy/opt/rviz_ogre_vendor/lib:/opt/ros/jazzy/lib/aarch64-linux-gnu:/opt/ros/jazzy/opt/gz_math_vendor/lib:/opt/ros/jazzy/opt/gz_utils_vendor/lib:/opt/ros/jazzy/opt/gz_tools_vendor/lib:/opt/ros/jazzy/opt/gz_cmake_vendor/lib:/opt/ros/jazzy/lib /usr/bin/cmake --build /home/ubuntu/tfg_ws/build/abb_hardware_interface -- -j4 -l4
[0.171s] [100%] Built target abb_hardware_interface
[0.191s] Invoked command in '/home/ubuntu/tfg_ws/build/abb_hardware_interface' returned '0': CMAKE_PREFIX_PATH=/home/ubuntu/tfg_ws/install/abb_egm_rws_managers:/home/ubuntu/tfg_ws/install/abb_librws:/home/ubuntu/tfg_ws/install/abb_libegm:/home/ubuntu/tfg_ws/install/abb_ros2:/home/ubuntu/tfg_ws/install/abb_irb140_support:/home/ubuntu/tfg_ws/install/abb_resources:/home/ubuntu/tfg_ws/install/abb_hardware_interface:/home/ubuntu/tfg_ws/install/abb_bringup:/opt/ros/jazzy/opt/sdformat_vendor:/opt/ros/jazzy/opt/gz_math_vendor:/opt/ros/jazzy/opt/gz_utils_vendor:/opt/ros/jazzy/opt/gz_tools_vendor:/opt/ros/jazzy/opt/gz_cmake_vendor:/opt/ros/jazzy LD_LIBRARY_PATH=/home/ubuntu/tfg_ws/install/abb_egm_rws_managers/lib:/home/ubuntu/tfg_ws/install/abb_librws/lib:/home/ubuntu/tfg_ws/install/abb_libegm/lib:/home/ubuntu/tfg_ws/install/abb_hardware_interface/lib:/opt/ros/jazzy/opt/sdformat_vendor/lib:/opt/ros/jazzy/opt/rviz_ogre_vendor/lib:/opt/ros/jazzy/lib/aarch64-linux-gnu:/opt/ros/jazzy/opt/gz_math_vendor/lib:/opt/ros/jazzy/opt/gz_utils_vendor/lib:/opt/ros/jazzy/opt/gz_tools_vendor/lib:/opt/ros/jazzy/opt/gz_cmake_vendor/lib:/opt/ros/jazzy/lib /usr/bin/cmake --build /home/ubuntu/tfg_ws/build/abb_hardware_interface -- -j4 -l4
[0.194s] Invoking command in '/home/ubuntu/tfg_ws/build/abb_hardware_interface': CMAKE_PREFIX_PATH=/home/ubuntu/tfg_ws/install/abb_egm_rws_managers:/home/ubuntu/tfg_ws/install/abb_librws:/home/ubuntu/tfg_ws/install/abb_libegm:/home/ubuntu/tfg_ws/install/abb_ros2:/home/ubuntu/tfg_ws/install/abb_irb140_support:/home/ubuntu/tfg_ws/install/abb_resources:/home/ubuntu/tfg_ws/install/abb_hardware_interface:/home/ubuntu/tfg_ws/install/abb_bringup:/opt/ros/jazzy/opt/sdformat_vendor:/opt/ros/jazzy/opt/gz_math_vendor:/opt/ros/jazzy/opt/gz_utils_vendor:/opt/ros/jazzy/opt/gz_tools_vendor:/opt/ros/jazzy/opt/gz_cmake_vendor:/opt/ros/jazzy LD_LIBRARY_PATH=/home/ubuntu/tfg_ws/install/abb_egm_rws_managers/lib:/home/ubuntu/tfg_ws/install/abb_librws/lib:/home/ubuntu/tfg_ws/install/abb_libegm/lib:/home/ubuntu/tfg_ws/install/abb_hardware_interface/lib:/opt/ros/jazzy/opt/sdformat_vendor/lib:/opt/ros/jazzy/opt/rviz_ogre_vendor/lib:/opt/ros/jazzy/lib/aarch64-linux-gnu:/opt/ros/jazzy/opt/gz_math_vendor/lib:/opt/ros/jazzy/opt/gz_utils_vendor/lib:/opt/ros/jazzy/opt/gz_tools_vendor/lib:/opt/ros/jazzy/opt/gz_cmake_vendor/lib:/opt/ros/jazzy/lib /usr/bin/cmake --install /home/ubuntu/tfg_ws/build/abb_hardware_interface
[0.209s] -- Install configuration: ""
[0.210s] -- Execute custom install script
[0.210s] -- Up-to-date symlink: /home/ubuntu/tfg_ws/install/abb_hardware_interface/share/abb_hardware_interface//abb_hardware_interface.xml
[0.211s] -- Up-to-date symlink: /home/ubuntu/tfg_ws/install/abb_hardware_interface/lib/libabb_hardware_interface.so
[0.211s] -- Up-to-date symlink: /home/ubuntu/tfg_ws/install/abb_hardware_interface/include/abb_hardware_interface/abb_hardware_interface.hpp
[0.211s] -- Up-to-date symlink: /home/ubuntu/tfg_ws/install/abb_hardware_interface/include/abb_hardware_interface/utilities.hpp
[0.211s] -- Up-to-date symlink: /home/ubuntu/tfg_ws/install/abb_hardware_interface/include/abb_hardware_interface/visibility_control.h
[0.212s] -- Up-to-date symlink: /home/ubuntu/tfg_ws/install/abb_hardware_interface/share/abb_hardware_interface/environment/library_path.sh
[0.212s] -- Up-to-date symlink: /home/ubuntu/tfg_ws/install/abb_hardware_interface/share/abb_hardware_interface/environment/library_path.dsv
[0.212s] -- Up-to-date symlink: /home/ubuntu/tfg_ws/install/abb_hardware_interface/share/ament_index/resource_index/package_run_dependencies/abb_hardware_interface
[0.212s] -- Up-to-date symlink: /home/ubuntu/tfg_ws/install/abb_hardware_interface/share/ament_index/resource_index/parent_prefix_path/abb_hardware_interface
[0.212s] -- Up-to-date symlink: /home/ubuntu/tfg_ws/install/abb_hardware_interface/share/abb_hardware_interface/environment/ament_prefix_path.sh
[0.213s] -- Up-to-date symlink: /home/ubuntu/tfg_ws/install/abb_hardware_interface/share/abb_hardware_interface/environment/ament_prefix_path.dsv
[0.213s] -- Up-to-date symlink: /home/ubuntu/tfg_ws/install/abb_hardware_interface/share/abb_hardware_interface/environment/path.sh
[0.213s] -- Up-to-date symlink: /home/ubuntu/tfg_ws/install/abb_hardware_interface/share/abb_hardware_interface/environment/path.dsv
[0.213s] -- Up-to-date symlink: /home/ubuntu/tfg_ws/install/abb_hardware_interface/share/abb_hardware_interface/local_setup.bash
[0.213s] -- Up-to-date symlink: /home/ubuntu/tfg_ws/install/abb_hardware_interface/share/abb_hardware_interface/local_setup.sh
[0.213s] -- Up-to-date symlink: /home/ubuntu/tfg_ws/install/abb_hardware_interface/share/abb_hardware_interface/local_setup.zsh
[0.214s] -- Up-to-date symlink: /home/ubuntu/tfg_ws/install/abb_hardware_interface/share/abb_hardware_interface/local_setup.dsv
[0.214s] -- Symlinking: /home/ubuntu/tfg_ws/install/abb_hardware_interface/share/abb_hardware_interface/package.dsv
[0.233s] -- Up-to-date symlink: /home/ubuntu/tfg_ws/install/abb_hardware_interface/share/ament_index/resource_index/packages/abb_hardware_interface
[0.233s] -- Up-to-date symlink: /home/ubuntu/tfg_ws/install/abb_hardware_interface/share/ament_index/resource_index/hardware_interface__pluginlib__plugin/abb_hardware_interface
[0.234s] -- Up-to-date symlink: /home/ubuntu/tfg_ws/install/abb_hardware_interface/share/abb_hardware_interface/cmake/ament_cmake_export_include_directories-extras.cmake
[0.234s] -- Up-to-date symlink: /home/ubuntu/tfg_ws/install/abb_hardware_interface/share/abb_hardware_interface/cmake/ament_cmake_export_libraries-extras.cmake
[0.234s] -- Up-to-date symlink: /home/ubuntu/tfg_ws/install/abb_hardware_interface/share/abb_hardware_interface/cmake/ament_cmake_export_dependencies-extras.cmake
[0.234s] -- Up-to-date symlink: /home/ubuntu/tfg_ws/install/abb_hardware_interface/share/abb_hardware_interface/cmake/abb_hardware_interfaceConfig.cmake
[0.234s] -- Up-to-date symlink: /home/ubuntu/tfg_ws/install/abb_hardware_interface/share/abb_hardware_interface/cmake/abb_hardware_interfaceConfig-version.cmake
[0.235s] -- Up-to-date symlink: /home/ubuntu/tfg_ws/install/abb_hardware_interface/share/abb_hardware_interface/package.xml
[0.239s] Invoked command in '/home/ubuntu/tfg_ws/build/abb_hardware_interface' returned '0': CMAKE_PREFIX_PATH=/home/ubuntu/tfg_ws/install/abb_egm_rws_managers:/home/ubuntu/tfg_ws/install/abb_librws:/home/ubuntu/tfg_ws/install/abb_libegm:/home/ubuntu/tfg_ws/install/abb_ros2:/home/ubuntu/tfg_ws/install/abb_irb140_support:/home/ubuntu/tfg_ws/install/abb_resources:/home/ubuntu/tfg_ws/install/abb_hardware_interface:/home/ubuntu/tfg_ws/install/abb_bringup:/opt/ros/jazzy/opt/sdformat_vendor:/opt/ros/jazzy/opt/gz_math_vendor:/opt/ros/jazzy/opt/gz_utils_vendor:/opt/ros/jazzy/opt/gz_tools_vendor:/opt/ros/jazzy/opt/gz_cmake_vendor:/opt/ros/jazzy LD_LIBRARY_PATH=/home/ubuntu/tfg_ws/install/abb_egm_rws_managers/lib:/home/ubuntu/tfg_ws/install/abb_librws/lib:/home/ubuntu/tfg_ws/install/abb_libegm/lib:/home/ubuntu/tfg_ws/install/abb_hardware_interface/lib:/opt/ros/jazzy/opt/sdformat_vendor/lib:/opt/ros/jazzy/opt/rviz_ogre_vendor/lib:/opt/ros/jazzy/lib/aarch64-linux-gnu:/opt/ros/jazzy/opt/gz_math_vendor/lib:/opt/ros/jazzy/opt/gz_utils_vendor/lib:/opt/ros/jazzy/opt/gz_tools_vendor/lib:/opt/ros/jazzy/opt/gz_cmake_vendor/lib:/opt/ros/jazzy/lib /usr/bin/cmake --install /home/ubuntu/tfg_ws/build/abb_hardware_interface
