[0.018s] Invoking command in '/home/ubuntu/tfg_ws/build/abb_hardware_interface': CMAKE_MODULE_PATH=/home/ubuntu/tfg_ws/install/abb_librws/share/abb_librws/cmake CMAKE_PREFIX_PATH=/home/ubuntu/tfg_ws/install/abb_egm_rws_managers:/home/ubuntu/tfg_ws/install/abb_librws:/home/ubuntu/tfg_ws/install/abb_libegm:/opt/ros/jazzy/opt/sdformat_vendor:/opt/ros/jazzy/opt/gz_math_vendor:/opt/ros/jazzy/opt/gz_utils_vendor:/opt/ros/jazzy/opt/gz_tools_vendor:/opt/ros/jazzy/opt/gz_cmake_vendor:/opt/ros/jazzy LD_LIBRARY_PATH=/home/ubuntu/tfg_ws/install/abb_egm_rws_managers/lib:/home/ubuntu/tfg_ws/install/abb_librws/lib:/home/ubuntu/tfg_ws/install/abb_libegm/lib:${LD_LIBRARY_PATH} PKG_CONFIG_PATH=/home/ubuntu/tfg_ws/install/abb_egm_rws_managers/lib/aarch64-linux-gnu/pkgconfig:/home/ubuntu/tfg_ws/install/abb_egm_rws_managers/lib/pkgconfig:/home/ubuntu/tfg_ws/install/abb_librws/lib/aarch64-linux-gnu/pkgconfig:/home/ubuntu/tfg_ws/install/abb_librws/lib/pkgconfig:/home/ubuntu/tfg_ws/install/abb_libegm/lib/aarch64-linux-gnu/pkgconfig:/home/ubuntu/tfg_ws/install/abb_libegm/lib/pkgconfig /usr/bin/cmake --build /home/ubuntu/tfg_ws/build/abb_hardware_interface -- -j4 -l4
[0.160s] [100%] Built target abb_hardware_interface
[0.180s] Invoked command in '/home/ubuntu/tfg_ws/build/abb_hardware_interface' returned '0': CMAKE_MODULE_PATH=/home/ubuntu/tfg_ws/install/abb_librws/share/abb_librws/cmake CMAKE_PREFIX_PATH=/home/ubuntu/tfg_ws/install/abb_egm_rws_managers:/home/ubuntu/tfg_ws/install/abb_librws:/home/ubuntu/tfg_ws/install/abb_libegm:/opt/ros/jazzy/opt/sdformat_vendor:/opt/ros/jazzy/opt/gz_math_vendor:/opt/ros/jazzy/opt/gz_utils_vendor:/opt/ros/jazzy/opt/gz_tools_vendor:/opt/ros/jazzy/opt/gz_cmake_vendor:/opt/ros/jazzy LD_LIBRARY_PATH=/home/ubuntu/tfg_ws/install/abb_egm_rws_managers/lib:/home/ubuntu/tfg_ws/install/abb_librws/lib:/home/ubuntu/tfg_ws/install/abb_libegm/lib:${LD_LIBRARY_PATH} PKG_CONFIG_PATH=/home/ubuntu/tfg_ws/install/abb_egm_rws_managers/lib/aarch64-linux-gnu/pkgconfig:/home/ubuntu/tfg_ws/install/abb_egm_rws_managers/lib/pkgconfig:/home/ubuntu/tfg_ws/install/abb_librws/lib/aarch64-linux-gnu/pkgconfig:/home/ubuntu/tfg_ws/install/abb_librws/lib/pkgconfig:/home/ubuntu/tfg_ws/install/abb_libegm/lib/aarch64-linux-gnu/pkgconfig:/home/ubuntu/tfg_ws/install/abb_libegm/lib/pkgconfig /usr/bin/cmake --build /home/ubuntu/tfg_ws/build/abb_hardware_interface -- -j4 -l4
[0.182s] Invoking command in '/home/ubuntu/tfg_ws/build/abb_hardware_interface': CMAKE_MODULE_PATH=/home/ubuntu/tfg_ws/install/abb_librws/share/abb_librws/cmake CMAKE_PREFIX_PATH=/home/ubuntu/tfg_ws/install/abb_egm_rws_managers:/home/ubuntu/tfg_ws/install/abb_librws:/home/ubuntu/tfg_ws/install/abb_libegm:/opt/ros/jazzy/opt/sdformat_vendor:/opt/ros/jazzy/opt/gz_math_vendor:/opt/ros/jazzy/opt/gz_utils_vendor:/opt/ros/jazzy/opt/gz_tools_vendor:/opt/ros/jazzy/opt/gz_cmake_vendor:/opt/ros/jazzy LD_LIBRARY_PATH=/home/ubuntu/tfg_ws/install/abb_egm_rws_managers/lib:/home/ubuntu/tfg_ws/install/abb_librws/lib:/home/ubuntu/tfg_ws/install/abb_libegm/lib:${LD_LIBRARY_PATH} PKG_CONFIG_PATH=/home/ubuntu/tfg_ws/install/abb_egm_rws_managers/lib/aarch64-linux-gnu/pkgconfig:/home/ubuntu/tfg_ws/install/abb_egm_rws_managers/lib/pkgconfig:/home/ubuntu/tfg_ws/install/abb_librws/lib/aarch64-linux-gnu/pkgconfig:/home/ubuntu/tfg_ws/install/abb_librws/lib/pkgconfig:/home/ubuntu/tfg_ws/install/abb_libegm/lib/aarch64-linux-gnu/pkgconfig:/home/ubuntu/tfg_ws/install/abb_libegm/lib/pkgconfig /usr/bin/cmake --install /home/ubuntu/tfg_ws/build/abb_hardware_interface
[0.197s] -- Install configuration: ""
[0.198s] -- Execute custom install script
[0.198s] -- Up-to-date symlink: /home/ubuntu/tfg_ws/install/abb_hardware_interface/share/abb_hardware_interface//abb_hardware_interface.xml
[0.198s] -- Up-to-date symlink: /home/ubuntu/tfg_ws/install/abb_hardware_interface/lib/libabb_hardware_interface.so
[0.199s] -- Up-to-date symlink: /home/ubuntu/tfg_ws/install/abb_hardware_interface/include/abb_hardware_interface/abb_hardware_interface.hpp
[0.199s] -- Up-to-date symlink: /home/ubuntu/tfg_ws/install/abb_hardware_interface/include/abb_hardware_interface/utilities.hpp
[0.199s] -- Up-to-date symlink: /home/ubuntu/tfg_ws/install/abb_hardware_interface/include/abb_hardware_interface/visibility_control.h
[0.199s] -- Up-to-date symlink: /home/ubuntu/tfg_ws/install/abb_hardware_interface/share/abb_hardware_interface/environment/library_path.sh
[0.199s] -- Up-to-date symlink: /home/ubuntu/tfg_ws/install/abb_hardware_interface/share/abb_hardware_interface/environment/library_path.dsv
[0.200s] -- Up-to-date symlink: /home/ubuntu/tfg_ws/install/abb_hardware_interface/share/ament_index/resource_index/package_run_dependencies/abb_hardware_interface
[0.200s] -- Up-to-date symlink: /home/ubuntu/tfg_ws/install/abb_hardware_interface/share/ament_index/resource_index/parent_prefix_path/abb_hardware_interface
[0.200s] -- Up-to-date symlink: /home/ubuntu/tfg_ws/install/abb_hardware_interface/share/abb_hardware_interface/environment/ament_prefix_path.sh
[0.200s] -- Up-to-date symlink: /home/ubuntu/tfg_ws/install/abb_hardware_interface/share/abb_hardware_interface/environment/ament_prefix_path.dsv
[0.201s] -- Up-to-date symlink: /home/ubuntu/tfg_ws/install/abb_hardware_interface/share/abb_hardware_interface/environment/path.sh
[0.201s] -- Up-to-date symlink: /home/ubuntu/tfg_ws/install/abb_hardware_interface/share/abb_hardware_interface/environment/path.dsv
[0.201s] -- Up-to-date symlink: /home/ubuntu/tfg_ws/install/abb_hardware_interface/share/abb_hardware_interface/local_setup.bash
[0.201s] -- Up-to-date symlink: /home/ubuntu/tfg_ws/install/abb_hardware_interface/share/abb_hardware_interface/local_setup.sh
[0.201s] -- Up-to-date symlink: /home/ubuntu/tfg_ws/install/abb_hardware_interface/share/abb_hardware_interface/local_setup.zsh
[0.201s] -- Up-to-date symlink: /home/ubuntu/tfg_ws/install/abb_hardware_interface/share/abb_hardware_interface/local_setup.dsv
[0.202s] -- Symlinking: /home/ubuntu/tfg_ws/install/abb_hardware_interface/share/abb_hardware_interface/package.dsv
[0.218s] -- Up-to-date symlink: /home/ubuntu/tfg_ws/install/abb_hardware_interface/share/ament_index/resource_index/packages/abb_hardware_interface
[0.219s] -- Up-to-date symlink: /home/ubuntu/tfg_ws/install/abb_hardware_interface/share/ament_index/resource_index/hardware_interface__pluginlib__plugin/abb_hardware_interface
[0.219s] -- Up-to-date symlink: /home/ubuntu/tfg_ws/install/abb_hardware_interface/share/abb_hardware_interface/cmake/ament_cmake_export_include_directories-extras.cmake
[0.219s] -- Up-to-date symlink: /home/ubuntu/tfg_ws/install/abb_hardware_interface/share/abb_hardware_interface/cmake/ament_cmake_export_libraries-extras.cmake
[0.219s] -- Up-to-date symlink: /home/ubuntu/tfg_ws/install/abb_hardware_interface/share/abb_hardware_interface/cmake/ament_cmake_export_dependencies-extras.cmake
[0.219s] -- Up-to-date symlink: /home/ubuntu/tfg_ws/install/abb_hardware_interface/share/abb_hardware_interface/cmake/abb_hardware_interfaceConfig.cmake
[0.220s] -- Up-to-date symlink: /home/ubuntu/tfg_ws/install/abb_hardware_interface/share/abb_hardware_interface/cmake/abb_hardware_interfaceConfig-version.cmake
[0.220s] -- Up-to-date symlink: /home/ubuntu/tfg_ws/install/abb_hardware_interface/share/abb_hardware_interface/package.xml
[0.223s] Invoked command in '/home/ubuntu/tfg_ws/build/abb_hardware_interface' returned '0': CMAKE_MODULE_PATH=/home/ubuntu/tfg_ws/install/abb_librws/share/abb_librws/cmake CMAKE_PREFIX_PATH=/home/ubuntu/tfg_ws/install/abb_egm_rws_managers:/home/ubuntu/tfg_ws/install/abb_librws:/home/ubuntu/tfg_ws/install/abb_libegm:/opt/ros/jazzy/opt/sdformat_vendor:/opt/ros/jazzy/opt/gz_math_vendor:/opt/ros/jazzy/opt/gz_utils_vendor:/opt/ros/jazzy/opt/gz_tools_vendor:/opt/ros/jazzy/opt/gz_cmake_vendor:/opt/ros/jazzy LD_LIBRARY_PATH=/home/ubuntu/tfg_ws/install/abb_egm_rws_managers/lib:/home/ubuntu/tfg_ws/install/abb_librws/lib:/home/ubuntu/tfg_ws/install/abb_libegm/lib:${LD_LIBRARY_PATH} PKG_CONFIG_PATH=/home/ubuntu/tfg_ws/install/abb_egm_rws_managers/lib/aarch64-linux-gnu/pkgconfig:/home/ubuntu/tfg_ws/install/abb_egm_rws_managers/lib/pkgconfig:/home/ubuntu/tfg_ws/install/abb_librws/lib/aarch64-linux-gnu/pkgconfig:/home/ubuntu/tfg_ws/install/abb_librws/lib/pkgconfig:/home/ubuntu/tfg_ws/install/abb_libegm/lib/aarch64-linux-gnu/pkgconfig:/home/ubuntu/tfg_ws/install/abb_libegm/lib/pkgconfig /usr/bin/cmake --install /home/ubuntu/tfg_ws/build/abb_hardware_interface
