[0.727s] Invoking command in '/home/carles/tfg_ws/src/abb_control': DEBUGINFOD_URLS=https://debuginfod.ubuntu.com PYTHONPATH=/home/carles/tfg_ws/build/abb_control/prefix_override:/usr/lib/python3/dist-packages/colcon_core/task/python/colcon_distutils_commands:/home/carles/tfg_ws/install/abb_control/lib/python3.12/site-packages:${PYTHONPATH} /usr/bin/python3 -W ignore:setup.py install is deprecated -W ignore:easy_install command is deprecated setup.py egg_info --egg-base ../../build/abb_control build --build-base /home/carles/tfg_ws/build/abb_control/build install --record /home/carles/tfg_ws/build/abb_control/install.log --single-version-externally-managed install_data
[0.885s] running egg_info
[0.896s] writing ../../build/abb_control/abb_control.egg-info/PKG-INFO
[0.897s] writing dependency_links to ../../build/abb_control/abb_control.egg-info/dependency_links.txt
[0.897s] writing entry points to ../../build/abb_control/abb_control.egg-info/entry_points.txt
[0.897s] writing requirements to ../../build/abb_control/abb_control.egg-info/requires.txt
[0.897s] writing top-level names to ../../build/abb_control/abb_control.egg-info/top_level.txt
[0.919s] reading manifest file '../../build/abb_control/abb_control.egg-info/SOURCES.txt'
[0.920s] writing manifest file '../../build/abb_control/abb_control.egg-info/SOURCES.txt'
[0.920s] running build
[0.920s] running build_py
[0.921s] running install
[0.926s] running install_lib
[0.939s] running install_data
[0.939s] copying launch/conectar_web.launch.py -> /home/carles/tfg_ws/install/abb_control/share/abb_control/launch
[0.939s] running install_egg_info
[0.952s] removing '/home/carles/tfg_ws/install/abb_control/lib/python3.12/site-packages/abb_control-0.0.0-py3.12.egg-info' (and everything under it)
[0.952s] Copying ../../build/abb_control/abb_control.egg-info to /home/carles/tfg_ws/install/abb_control/lib/python3.12/site-packages/abb_control-0.0.0-py3.12.egg-info
[0.953s] running install_scripts
[1.026s] Installing bailar script to /home/carles/tfg_ws/install/abb_control/lib/abb_control
[1.026s] writing list of installed files to '/home/carles/tfg_ws/build/abb_control/install.log'
[1.051s] Invoked command in '/home/carles/tfg_ws/src/abb_control' returned '0': DEBUGINFOD_URLS=https://debuginfod.ubuntu.com PYTHONPATH=/home/carles/tfg_ws/build/abb_control/prefix_override:/usr/lib/python3/dist-packages/colcon_core/task/python/colcon_distutils_commands:/home/carles/tfg_ws/install/abb_control/lib/python3.12/site-packages:${PYTHONPATH} /usr/bin/python3 -W ignore:setup.py install is deprecated -W ignore:easy_install command is deprecated setup.py egg_info --egg-base ../../build/abb_control build --build-base /home/carles/tfg_ws/build/abb_control/build install --record /home/carles/tfg_ws/build/abb_control/install.log --single-version-externally-managed install_data
