[0.019s] Invoking command in '/home/ubuntu/tfg_ws/build/abb_egm_rws_managers': CMAKE_MODULE_PATH=/home/ubuntu/tfg_ws/install/abb_librws/share/abb_librws/cmake CMAKE_PREFIX_PATH=/home/ubuntu/tfg_ws/install/abb_librws:/home/ubuntu/tfg_ws/install/abb_libegm:/opt/ros/jazzy/opt/sdformat_vendor:/opt/ros/jazzy/opt/gz_math_vendor:/opt/ros/jazzy/opt/gz_utils_vendor:/opt/ros/jazzy/opt/gz_tools_vendor:/opt/ros/jazzy/opt/gz_cmake_vendor:/opt/ros/jazzy LD_LIBRARY_PATH=/home/ubuntu/tfg_ws/install/abb_librws/lib:/home/ubuntu/tfg_ws/install/abb_libegm/lib:${LD_LIBRARY_PATH} PKG_CONFIG_PATH=/home/ubuntu/tfg_ws/install/abb_librws/lib/aarch64-linux-gnu/pkgconfig:/home/ubuntu/tfg_ws/install/abb_librws/lib/pkgconfig:/home/ubuntu/tfg_ws/install/abb_libegm/lib/aarch64-linux-gnu/pkgconfig:/home/ubuntu/tfg_ws/install/abb_libegm/lib/pkgconfig /usr/bin/cmake --build /home/ubuntu/tfg_ws/build/abb_egm_rws_managers -- -j4 -l4
[0.181s] [100%] Built target abb_egm_rws_managers
[0.217s] Invoked command in '/home/ubuntu/tfg_ws/build/abb_egm_rws_managers' returned '0': CMAKE_MODULE_PATH=/home/ubuntu/tfg_ws/install/abb_librws/share/abb_librws/cmake CMAKE_PREFIX_PATH=/home/ubuntu/tfg_ws/install/abb_librws:/home/ubuntu/tfg_ws/install/abb_libegm:/opt/ros/jazzy/opt/sdformat_vendor:/opt/ros/jazzy/opt/gz_math_vendor:/opt/ros/jazzy/opt/gz_utils_vendor:/opt/ros/jazzy/opt/gz_tools_vendor:/opt/ros/jazzy/opt/gz_cmake_vendor:/opt/ros/jazzy LD_LIBRARY_PATH=/home/ubuntu/tfg_ws/install/abb_librws/lib:/home/ubuntu/tfg_ws/install/abb_libegm/lib:${LD_LIBRARY_PATH} PKG_CONFIG_PATH=/home/ubuntu/tfg_ws/install/abb_librws/lib/aarch64-linux-gnu/pkgconfig:/home/ubuntu/tfg_ws/install/abb_librws/lib/pkgconfig:/home/ubuntu/tfg_ws/install/abb_libegm/lib/aarch64-linux-gnu/pkgconfig:/home/ubuntu/tfg_ws/install/abb_libegm/lib/pkgconfig /usr/bin/cmake --build /home/ubuntu/tfg_ws/build/abb_egm_rws_managers -- -j4 -l4
[0.219s] Invoking command in '/home/ubuntu/tfg_ws/build/abb_egm_rws_managers': CMAKE_MODULE_PATH=/home/ubuntu/tfg_ws/install/abb_librws/share/abb_librws/cmake CMAKE_PREFIX_PATH=/home/ubuntu/tfg_ws/install/abb_librws:/home/ubuntu/tfg_ws/install/abb_libegm:/opt/ros/jazzy/opt/sdformat_vendor:/opt/ros/jazzy/opt/gz_math_vendor:/opt/ros/jazzy/opt/gz_utils_vendor:/opt/ros/jazzy/opt/gz_tools_vendor:/opt/ros/jazzy/opt/gz_cmake_vendor:/opt/ros/jazzy LD_LIBRARY_PATH=/home/ubuntu/tfg_ws/install/abb_librws/lib:/home/ubuntu/tfg_ws/install/abb_libegm/lib:${LD_LIBRARY_PATH} PKG_CONFIG_PATH=/home/ubuntu/tfg_ws/install/abb_librws/lib/aarch64-linux-gnu/pkgconfig:/home/ubuntu/tfg_ws/install/abb_librws/lib/pkgconfig:/home/ubuntu/tfg_ws/install/abb_libegm/lib/aarch64-linux-gnu/pkgconfig:/home/ubuntu/tfg_ws/install/abb_libegm/lib/pkgconfig /usr/bin/cmake --install /home/ubuntu/tfg_ws/build/abb_egm_rws_managers
[0.234s] -- Install configuration: "RelWithDebInfo"
[0.234s] -- Up-to-date: /home/ubuntu/tfg_ws/install/abb_egm_rws_managers/include
[0.234s] -- Up-to-date: /home/ubuntu/tfg_ws/install/abb_egm_rws_managers/include/abb_egm_rws_managers
[0.234s] -- Up-to-date: /home/ubuntu/tfg_ws/install/abb_egm_rws_managers/include/abb_egm_rws_managers/rws_manager.h
[0.234s] -- Up-to-date: /home/ubuntu/tfg_ws/install/abb_egm_rws_managers/include/abb_egm_rws_managers/system_data_parser.h
[0.234s] -- Up-to-date: /home/ubuntu/tfg_ws/install/abb_egm_rws_managers/include/abb_egm_rws_managers/utilities.h
[0.234s] -- Up-to-date: /home/ubuntu/tfg_ws/install/abb_egm_rws_managers/include/abb_egm_rws_managers/data_containers.h
[0.234s] -- Up-to-date: /home/ubuntu/tfg_ws/install/abb_egm_rws_managers/include/abb_egm_rws_managers/egm_manager.h
[0.235s] -- Up-to-date: /home/ubuntu/tfg_ws/install/abb_egm_rws_managers/include/abb_egm_rws_managers/robot_controller_description.proto
[0.235s] -- Up-to-date: /home/ubuntu/tfg_ws/install/abb_egm_rws_managers/include/abb_egm_rws_managers/robot_controller_description.pb.h
[0.235s] -- Up-to-date: /home/ubuntu/tfg_ws/install/abb_egm_rws_managers/include/abb_egm_rws_managers/abb_egm_rws_managers_export.h
[0.235s] -- Up-to-date: /home/ubuntu/tfg_ws/install/abb_egm_rws_managers/share/abb_egm_rws_managers/abb_egm_rws_managersConfig.cmake
[0.235s] -- Up-to-date: /home/ubuntu/tfg_ws/install/abb_egm_rws_managers/share/abb_egm_rws_managers/abb_egm_rws_managersConfigVersion.cmake
[0.235s] -- Up-to-date: /home/ubuntu/tfg_ws/install/abb_egm_rws_managers/share/abb_egm_rws_managers/package.xml
[0.235s] -- Up-to-date: /home/ubuntu/tfg_ws/install/abb_egm_rws_managers/lib/libabb_egm_rws_managers.so
[0.235s] -- Up-to-date: /home/ubuntu/tfg_ws/install/abb_egm_rws_managers/share/abb_egm_rws_managers/abb_egm_rws_managersTargets.cmake
[0.235s] -- Up-to-date: /home/ubuntu/tfg_ws/install/abb_egm_rws_managers/share/abb_egm_rws_managers/abb_egm_rws_managersTargets-relwithdebinfo.cmake
[0.238s] Invoked command in '/home/ubuntu/tfg_ws/build/abb_egm_rws_managers' returned '0': CMAKE_MODULE_PATH=/home/ubuntu/tfg_ws/install/abb_librws/share/abb_librws/cmake CMAKE_PREFIX_PATH=/home/ubuntu/tfg_ws/install/abb_librws:/home/ubuntu/tfg_ws/install/abb_libegm:/opt/ros/jazzy/opt/sdformat_vendor:/opt/ros/jazzy/opt/gz_math_vendor:/opt/ros/jazzy/opt/gz_utils_vendor:/opt/ros/jazzy/opt/gz_tools_vendor:/opt/ros/jazzy/opt/gz_cmake_vendor:/opt/ros/jazzy LD_LIBRARY_PATH=/home/ubuntu/tfg_ws/install/abb_librws/lib:/home/ubuntu/tfg_ws/install/abb_libegm/lib:${LD_LIBRARY_PATH} PKG_CONFIG_PATH=/home/ubuntu/tfg_ws/install/abb_librws/lib/aarch64-linux-gnu/pkgconfig:/home/ubuntu/tfg_ws/install/abb_librws/lib/pkgconfig:/home/ubuntu/tfg_ws/install/abb_libegm/lib/aarch64-linux-gnu/pkgconfig:/home/ubuntu/tfg_ws/install/abb_libegm/lib/pkgconfig /usr/bin/cmake --install /home/ubuntu/tfg_ws/build/abb_egm_rws_managers
