[0.010s] Invoking command in '/home/carles/tfg_ws/build/abb_irb140_moveit_config': CMAKE_PREFIX_PATH=/home/carles/tfg_ws/install/abb_irb140_support:/home/carles/tfg_ws/install/abb_irb140_moveit_config:/opt/ros/jazzy/opt/sdformat_vendor:/opt/ros/jazzy/opt/gz_math_vendor:/opt/ros/jazzy/opt/gz_utils_vendor:/opt/ros/jazzy/opt/gz_tools_vendor:/opt/ros/jazzy/opt/gz_cmake_vendor:/home/carles/tfg_ws/install/abb_control:/opt/ros/jazzy DEBUGINFOD_URLS=https://debuginfod.ubuntu.com /usr/bin/cmake /home/carles/tfg_ws/src/abb_irb140_moveit_config -DCMAKE_INSTALL_PREFIX=/home/carles/tfg_ws/install/abb_irb140_moveit_config
[0.090s] -- The C compiler identification is GNU 13.3.0
[0.138s] -- The CXX compiler identification is GNU 13.3.0
[0.157s] -- Detecting C compiler ABI info
[0.234s] -- Detecting C compiler ABI info - done
[0.240s] -- Check for working C compiler: /usr/bin/cc - skipped
[0.240s] -- Detecting C compile features
[0.241s] -- Detecting C compile features - done
[0.250s] -- Detecting CXX compiler ABI info
[0.347s] -- Detecting CXX compiler ABI info - done
[0.354s] -- Check for working CXX compiler: /usr/bin/c++ - skipped
[0.354s] -- Detecting CXX compile features
[0.354s] -- Detecting CXX compile features - done
[0.357s] -- Found ament_cmake: 2.5.4 (/opt/ros/jazzy/share/ament_cmake/cmake)
[0.494s] -- Found Python3: /usr/bin/python3 (found version "3.12.3") found components: Interpreter 
[0.759s] -- Configuring done (0.7s)
[0.762s] -- Generating done (0.0s)
[0.765s] -- Build files have been written to: /home/carles/tfg_ws/build/abb_irb140_moveit_config
[0.773s] Invoked command in '/home/carles/tfg_ws/build/abb_irb140_moveit_config' returned '0': CMAKE_PREFIX_PATH=/home/carles/tfg_ws/install/abb_irb140_support:/home/carles/tfg_ws/install/abb_irb140_moveit_config:/opt/ros/jazzy/opt/sdformat_vendor:/opt/ros/jazzy/opt/gz_math_vendor:/opt/ros/jazzy/opt/gz_utils_vendor:/opt/ros/jazzy/opt/gz_tools_vendor:/opt/ros/jazzy/opt/gz_cmake_vendor:/home/carles/tfg_ws/install/abb_control:/opt/ros/jazzy DEBUGINFOD_URLS=https://debuginfod.ubuntu.com /usr/bin/cmake /home/carles/tfg_ws/src/abb_irb140_moveit_config -DCMAKE_INSTALL_PREFIX=/home/carles/tfg_ws/install/abb_irb140_moveit_config
[0.774s] Invoking command in '/home/carles/tfg_ws/build/abb_irb140_moveit_config': CMAKE_PREFIX_PATH=/home/carles/tfg_ws/install/abb_irb140_support:/home/carles/tfg_ws/install/abb_irb140_moveit_config:/opt/ros/jazzy/opt/sdformat_vendor:/opt/ros/jazzy/opt/gz_math_vendor:/opt/ros/jazzy/opt/gz_utils_vendor:/opt/ros/jazzy/opt/gz_tools_vendor:/opt/ros/jazzy/opt/gz_cmake_vendor:/home/carles/tfg_ws/install/abb_control:/opt/ros/jazzy DEBUGINFOD_URLS=https://debuginfod.ubuntu.com /usr/bin/cmake --build /home/carles/tfg_ws/build/abb_irb140_moveit_config -- -j4 -l4
[0.813s] Invoked command in '/home/carles/tfg_ws/build/abb_irb140_moveit_config' returned '0': CMAKE_PREFIX_PATH=/home/carles/tfg_ws/install/abb_irb140_support:/home/carles/tfg_ws/install/abb_irb140_moveit_config:/opt/ros/jazzy/opt/sdformat_vendor:/opt/ros/jazzy/opt/gz_math_vendor:/opt/ros/jazzy/opt/gz_utils_vendor:/opt/ros/jazzy/opt/gz_tools_vendor:/opt/ros/jazzy/opt/gz_cmake_vendor:/home/carles/tfg_ws/install/abb_control:/opt/ros/jazzy DEBUGINFOD_URLS=https://debuginfod.ubuntu.com /usr/bin/cmake --build /home/carles/tfg_ws/build/abb_irb140_moveit_config -- -j4 -l4
[0.814s] Invoking command in '/home/carles/tfg_ws/build/abb_irb140_moveit_config': CMAKE_PREFIX_PATH=/home/carles/tfg_ws/install/abb_irb140_support:/home/carles/tfg_ws/install/abb_irb140_moveit_config:/opt/ros/jazzy/opt/sdformat_vendor:/opt/ros/jazzy/opt/gz_math_vendor:/opt/ros/jazzy/opt/gz_utils_vendor:/opt/ros/jazzy/opt/gz_tools_vendor:/opt/ros/jazzy/opt/gz_cmake_vendor:/home/carles/tfg_ws/install/abb_control:/opt/ros/jazzy DEBUGINFOD_URLS=https://debuginfod.ubuntu.com /usr/bin/cmake --install /home/carles/tfg_ws/build/abb_irb140_moveit_config
[0.819s] -- Install configuration: ""
[0.820s] -- Installing: /home/carles/tfg_ws/install/abb_irb140_moveit_config/share/ament_index/resource_index/package_run_dependencies/abb_irb140_moveit_config
[0.820s] -- Installing: /home/carles/tfg_ws/install/abb_irb140_moveit_config/share/ament_index/resource_index/parent_prefix_path/abb_irb140_moveit_config
[0.820s] -- Installing: /home/carles/tfg_ws/install/abb_irb140_moveit_config/share/abb_irb140_moveit_config/environment/ament_prefix_path.sh
[0.820s] -- Installing: /home/carles/tfg_ws/install/abb_irb140_moveit_config/share/abb_irb140_moveit_config/environment/ament_prefix_path.dsv
[0.820s] -- Installing: /home/carles/tfg_ws/install/abb_irb140_moveit_config/share/abb_irb140_moveit_config/environment/path.sh
[0.820s] -- Installing: /home/carles/tfg_ws/install/abb_irb140_moveit_config/share/abb_irb140_moveit_config/environment/path.dsv
[0.820s] -- Installing: /home/carles/tfg_ws/install/abb_irb140_moveit_config/share/abb_irb140_moveit_config/local_setup.bash
[0.820s] -- Installing: /home/carles/tfg_ws/install/abb_irb140_moveit_config/share/abb_irb140_moveit_config/local_setup.sh
[0.820s] -- Installing: /home/carles/tfg_ws/install/abb_irb140_moveit_config/share/abb_irb140_moveit_config/local_setup.zsh
[0.820s] -- Installing: /home/carles/tfg_ws/install/abb_irb140_moveit_config/share/abb_irb140_moveit_config/local_setup.dsv
[0.820s] -- Installing: /home/carles/tfg_ws/install/abb_irb140_moveit_config/share/abb_irb140_moveit_config/package.dsv
[0.821s] -- Installing: /home/carles/tfg_ws/install/abb_irb140_moveit_config/share/ament_index/resource_index/packages/abb_irb140_moveit_config
[0.821s] -- Installing: /home/carles/tfg_ws/install/abb_irb140_moveit_config/share/abb_irb140_moveit_config/cmake/abb_irb140_moveit_configConfig.cmake
[0.821s] -- Installing: /home/carles/tfg_ws/install/abb_irb140_moveit_config/share/abb_irb140_moveit_config/cmake/abb_irb140_moveit_configConfig-version.cmake
[0.821s] -- Installing: /home/carles/tfg_ws/install/abb_irb140_moveit_config/share/abb_irb140_moveit_config/package.xml
[0.821s] -- Installing: /home/carles/tfg_ws/install/abb_irb140_moveit_config/share/abb_irb140_moveit_config/launch
[0.821s] -- Installing: /home/carles/tfg_ws/install/abb_irb140_moveit_config/share/abb_irb140_moveit_config/launch/demo.launch.py
[0.821s] -- Installing: /home/carles/tfg_ws/install/abb_irb140_moveit_config/share/abb_irb140_moveit_config/launch/spawn_controllers.launch.py
[0.822s] -- Installing: /home/carles/tfg_ws/install/abb_irb140_moveit_config/share/abb_irb140_moveit_config/launch/move_group.launch.py
[0.822s] -- Installing: /home/carles/tfg_ws/install/abb_irb140_moveit_config/share/abb_irb140_moveit_config/launch/static_virtual_joint_tfs.launch.py
[0.822s] -- Installing: /home/carles/tfg_ws/install/abb_irb140_moveit_config/share/abb_irb140_moveit_config/launch/warehouse_db.launch.py
[0.823s] -- Installing: /home/carles/tfg_ws/install/abb_irb140_moveit_config/share/abb_irb140_moveit_config/launch/moveit_rviz.launch.py
[0.824s] -- Installing: /home/carles/tfg_ws/install/abb_irb140_moveit_config/share/abb_irb140_moveit_config/launch/rsp.launch.py
[0.824s] -- Installing: /home/carles/tfg_ws/install/abb_irb140_moveit_config/share/abb_irb140_moveit_config/launch/setup_assistant.launch.py
[0.825s] -- Installing: /home/carles/tfg_ws/install/abb_irb140_moveit_config/share/abb_irb140_moveit_config/launch/__pycache__
[0.826s] -- Installing: /home/carles/tfg_ws/install/abb_irb140_moveit_config/share/abb_irb140_moveit_config/launch/__pycache__/demo.launch.cpython-312.pyc
[0.826s] -- Installing: /home/carles/tfg_ws/install/abb_irb140_moveit_config/share/abb_irb140_moveit_config/config
[0.826s] -- Installing: /home/carles/tfg_ws/install/abb_irb140_moveit_config/share/abb_irb140_moveit_config/config/kinematics.yaml
[0.827s] -- Installing: /home/carles/tfg_ws/install/abb_irb140_moveit_config/share/abb_irb140_moveit_config/config/initial_positions.yaml
[0.827s] -- Installing: /home/carles/tfg_ws/install/abb_irb140_moveit_config/share/abb_irb140_moveit_config/config/pilz_cartesian_limits.yaml
[0.828s] -- Installing: /home/carles/tfg_ws/install/abb_irb140_moveit_config/share/abb_irb140_moveit_config/config/ros2_controllers.yaml
[0.828s] -- Installing: /home/carles/tfg_ws/install/abb_irb140_moveit_config/share/abb_irb140_moveit_config/config/abb_irb140.srdf
[0.828s] -- Installing: /home/carles/tfg_ws/install/abb_irb140_moveit_config/share/abb_irb140_moveit_config/config/ompl_planning.yaml
[0.829s] -- Installing: /home/carles/tfg_ws/install/abb_irb140_moveit_config/share/abb_irb140_moveit_config/config/moveit_controllers.yaml
[0.829s] -- Installing: /home/carles/tfg_ws/install/abb_irb140_moveit_config/share/abb_irb140_moveit_config/config/joint_limits.yaml
[0.830s] -- Installing: /home/carles/tfg_ws/install/abb_irb140_moveit_config/share/abb_irb140_moveit_config/config/moveit.rviz
[0.830s] -- Installing: /home/carles/tfg_ws/install/abb_irb140_moveit_config/share/abb_irb140_moveit_config/.setup_assistant
[0.833s] Invoked command in '/home/carles/tfg_ws/build/abb_irb140_moveit_config' returned '0': CMAKE_PREFIX_PATH=/home/carles/tfg_ws/install/abb_irb140_support:/home/carles/tfg_ws/install/abb_irb140_moveit_config:/opt/ros/jazzy/opt/sdformat_vendor:/opt/ros/jazzy/opt/gz_math_vendor:/opt/ros/jazzy/opt/gz_utils_vendor:/opt/ros/jazzy/opt/gz_tools_vendor:/opt/ros/jazzy/opt/gz_cmake_vendor:/home/carles/tfg_ws/install/abb_control:/opt/ros/jazzy DEBUGINFOD_URLS=https://debuginfod.ubuntu.com /usr/bin/cmake --install /home/carles/tfg_ws/build/abb_irb140_moveit_config
