running egg_info
creating ../../build/abb_control/abb_control.egg-info
writing ../../build/abb_control/abb_control.egg-info/PKG-INFO
writing dependency_links to ../../build/abb_control/abb_control.egg-info/dependency_links.txt
writing entry points to ../../build/abb_control/abb_control.egg-info/entry_points.txt
writing requirements to ../../build/abb_control/abb_control.egg-info/requires.txt
writing top-level names to ../../build/abb_control/abb_control.egg-info/top_level.txt
writing manifest file '../../build/abb_control/abb_control.egg-info/SOURCES.txt'
reading manifest file '../../build/abb_control/abb_control.egg-info/SOURCES.txt'
writing manifest file '../../build/abb_control/abb_control.egg-info/SOURCES.txt'
running build
running build_py
creating /home/carles/tfg_ws/build/abb_control/build
creating /home/carles/tfg_ws/build/abb_control/build/lib
creating /home/carles/tfg_ws/build/abb_control/build/lib/abb_control
copying abb_control/__init__.py -> /home/carles/tfg_ws/build/abb_control/build/lib/abb_control
copying abb_control/simple_move.py -> /home/carles/tfg_ws/build/abb_control/build/lib/abb_control
running install
running install_lib
creating /home/carles/tfg_ws/install/abb_control/lib/python3.12/site-packages/abb_control
copying /home/carles/tfg_ws/build/abb_control/build/lib/abb_control/__init__.py -> /home/carles/tfg_ws/install/abb_control/lib/python3.12/site-packages/abb_control
copying /home/carles/tfg_ws/build/abb_control/build/lib/abb_control/simple_move.py -> /home/carles/tfg_ws/install/abb_control/lib/python3.12/site-packages/abb_control
byte-compiling /home/carles/tfg_ws/install/abb_control/lib/python3.12/site-packages/abb_control/__init__.py to __init__.cpython-312.pyc
byte-compiling /home/carles/tfg_ws/install/abb_control/lib/python3.12/site-packages/abb_control/simple_move.py to simple_move.cpython-312.pyc
running install_data
creating /home/carles/tfg_ws/install/abb_control/share/ament_index
creating /home/carles/tfg_ws/install/abb_control/share/ament_index/resource_index
creating /home/carles/tfg_ws/install/abb_control/share/ament_index/resource_index/packages
copying resource/abb_control -> /home/carles/tfg_ws/install/abb_control/share/ament_index/resource_index/packages
copying package.xml -> /home/carles/tfg_ws/install/abb_control/share/abb_control
running install_egg_info
Copying ../../build/abb_control/abb_control.egg-info to /home/carles/tfg_ws/install/abb_control/lib/python3.12/site-packages/abb_control-0.0.0-py3.12.egg-info
running install_scripts
Installing bailar script to /home/carles/tfg_ws/install/abb_control/lib/abb_control
writing list of installed files to '/home/carles/tfg_ws/build/abb_control/install.log'
