[0.025s] Invoking command in '/home/ubuntu/tfg_ws/build/abb_ros2': CMAKE_PREFIX_PATH=${CMAKE_PREFIX_PATH}:/opt/ros/jazzy /usr/bin/cmake --build /home/ubuntu/tfg_ws/build/abb_ros2 -- -j4 -l4
[0.130s] Invoked command in '/home/ubuntu/tfg_ws/build/abb_ros2' returned '0': CMAKE_PREFIX_PATH=${CMAKE_PREFIX_PATH}:/opt/ros/jazzy /usr/bin/cmake --build /home/ubuntu/tfg_ws/build/abb_ros2 -- -j4 -l4
[0.131s] Invoking command in '/home/ubuntu/tfg_ws/build/abb_ros2': CMAKE_PREFIX_PATH=${CMAKE_PREFIX_PATH}:/opt/ros/jazzy /usr/bin/cmake --install /home/ubuntu/tfg_ws/build/abb_ros2
[0.145s] -- Install configuration: ""
[0.146s] -- Execute custom install script
[0.147s] -- Symlinking: /home/ubuntu/tfg_ws/install/abb_ros2/share/ament_index/resource_index/package_run_dependencies/abb_ros2
[0.164s] -- Symlinking: /home/ubuntu/tfg_ws/install/abb_ros2/share/ament_index/resource_index/parent_prefix_path/abb_ros2
[0.185s] -- Symlinking: /home/ubuntu/tfg_ws/install/abb_ros2/share/abb_ros2/environment/ament_prefix_path.sh
[0.203s] -- Symlinking: /home/ubuntu/tfg_ws/install/abb_ros2/share/abb_ros2/environment/ament_prefix_path.dsv
[0.223s] -- Symlinking: /home/ubuntu/tfg_ws/install/abb_ros2/share/abb_ros2/environment/path.sh
[0.244s] -- Symlinking: /home/ubuntu/tfg_ws/install/abb_ros2/share/abb_ros2/environment/path.dsv
[0.264s] -- Symlinking: /home/ubuntu/tfg_ws/install/abb_ros2/share/abb_ros2/local_setup.bash
[0.295s] -- Symlinking: /home/ubuntu/tfg_ws/install/abb_ros2/share/abb_ros2/local_setup.sh
[0.311s] -- Symlinking: /home/ubuntu/tfg_ws/install/abb_ros2/share/abb_ros2/local_setup.zsh
[0.353s] -- Symlinking: /home/ubuntu/tfg_ws/install/abb_ros2/share/abb_ros2/local_setup.dsv
[0.383s] -- Symlinking: /home/ubuntu/tfg_ws/install/abb_ros2/share/abb_ros2/package.dsv
[0.408s] -- Symlinking: /home/ubuntu/tfg_ws/install/abb_ros2/share/ament_index/resource_index/packages/abb_ros2
[0.428s] -- Symlinking: /home/ubuntu/tfg_ws/install/abb_ros2/share/abb_ros2/cmake/abb_ros2Config.cmake
[0.448s] -- Symlinking: /home/ubuntu/tfg_ws/install/abb_ros2/share/abb_ros2/cmake/abb_ros2Config-version.cmake
[0.469s] -- Symlinking: /home/ubuntu/tfg_ws/install/abb_ros2/share/abb_ros2/package.xml
[0.499s] Invoked command in '/home/ubuntu/tfg_ws/build/abb_ros2' returned '0': CMAKE_PREFIX_PATH=${CMAKE_PREFIX_PATH}:/opt/ros/jazzy /usr/bin/cmake --install /home/ubuntu/tfg_ws/build/abb_ros2
