[0.034s] Invoking command in '/home/ubuntu/tfg_ws/build/abb_irb140_support': AMENT_PREFIX_PATH=/home/ubuntu/tfg_ws/install/abb_resources:${AMENT_PREFIX_PATH} CMAKE_PREFIX_PATH=/home/ubuntu/tfg_ws/install/abb_resources:/opt/ros/jazzy/opt/sdformat_vendor:/opt/ros/jazzy/opt/gz_math_vendor:/opt/ros/jazzy/opt/gz_utils_vendor:/opt/ros/jazzy/opt/gz_tools_vendor:/opt/ros/jazzy/opt/gz_cmake_vendor:/opt/ros/jazzy /usr/bin/cmake --build /home/ubuntu/tfg_ws/build/abb_irb140_support -- -j4 -l4
[0.115s] Invoked command in '/home/ubuntu/tfg_ws/build/abb_irb140_support' returned '0': AMENT_PREFIX_PATH=/home/ubuntu/tfg_ws/install/abb_resources:${AMENT_PREFIX_PATH} CMAKE_PREFIX_PATH=/home/ubuntu/tfg_ws/install/abb_resources:/opt/ros/jazzy/opt/sdformat_vendor:/opt/ros/jazzy/opt/gz_math_vendor:/opt/ros/jazzy/opt/gz_utils_vendor:/opt/ros/jazzy/opt/gz_tools_vendor:/opt/ros/jazzy/opt/gz_cmake_vendor:/opt/ros/jazzy /usr/bin/cmake --build /home/ubuntu/tfg_ws/build/abb_irb140_support -- -j4 -l4
[0.119s] Invoking command in '/home/ubuntu/tfg_ws/build/abb_irb140_support': AMENT_PREFIX_PATH=/home/ubuntu/tfg_ws/install/abb_resources:${AMENT_PREFIX_PATH} CMAKE_PREFIX_PATH=/home/ubuntu/tfg_ws/install/abb_resources:/opt/ros/jazzy/opt/sdformat_vendor:/opt/ros/jazzy/opt/gz_math_vendor:/opt/ros/jazzy/opt/gz_utils_vendor:/opt/ros/jazzy/opt/gz_tools_vendor:/opt/ros/jazzy/opt/gz_cmake_vendor:/opt/ros/jazzy /usr/bin/cmake --install /home/ubuntu/tfg_ws/build/abb_irb140_support
[0.138s] -- Install configuration: ""
[0.138s] -- Execute custom install script
[0.140s] -- Up-to-date symlink: /home/ubuntu/tfg_ws/install/abb_irb140_support/share/abb_irb140_support/urdf/irb140.urdf
[0.140s] -- Up-to-date symlink: /home/ubuntu/tfg_ws/install/abb_irb140_support/share/ament_index/resource_index/package_run_dependencies/abb_irb140_support
[0.141s] -- Up-to-date symlink: /home/ubuntu/tfg_ws/install/abb_irb140_support/share/ament_index/resource_index/parent_prefix_path/abb_irb140_support
[0.141s] -- Up-to-date symlink: /home/ubuntu/tfg_ws/install/abb_irb140_support/share/abb_irb140_support/environment/ament_prefix_path.sh
[0.141s] -- Up-to-date symlink: /home/ubuntu/tfg_ws/install/abb_irb140_support/share/abb_irb140_support/environment/ament_prefix_path.dsv
[0.142s] -- Up-to-date symlink: /home/ubuntu/tfg_ws/install/abb_irb140_support/share/abb_irb140_support/environment/path.sh
[0.142s] -- Up-to-date symlink: /home/ubuntu/tfg_ws/install/abb_irb140_support/share/abb_irb140_support/environment/path.dsv
[0.142s] -- Up-to-date symlink: /home/ubuntu/tfg_ws/install/abb_irb140_support/share/abb_irb140_support/local_setup.bash
[0.142s] -- Up-to-date symlink: /home/ubuntu/tfg_ws/install/abb_irb140_support/share/abb_irb140_support/local_setup.sh
[0.143s] -- Up-to-date symlink: /home/ubuntu/tfg_ws/install/abb_irb140_support/share/abb_irb140_support/local_setup.zsh
[0.143s] -- Up-to-date symlink: /home/ubuntu/tfg_ws/install/abb_irb140_support/share/abb_irb140_support/local_setup.dsv
[0.143s] -- Symlinking: /home/ubuntu/tfg_ws/install/abb_irb140_support/share/abb_irb140_support/package.dsv
[0.167s] -- Up-to-date symlink: /home/ubuntu/tfg_ws/install/abb_irb140_support/share/ament_index/resource_index/packages/abb_irb140_support
[0.167s] -- Up-to-date symlink: /home/ubuntu/tfg_ws/install/abb_irb140_support/share/abb_irb140_support/cmake/abb_irb140_supportConfig.cmake
[0.167s] -- Up-to-date symlink: /home/ubuntu/tfg_ws/install/abb_irb140_support/share/abb_irb140_support/cmake/abb_irb140_supportConfig-version.cmake
[0.168s] -- Up-to-date symlink: /home/ubuntu/tfg_ws/install/abb_irb140_support/share/abb_irb140_support/package.xml
[0.172s] Invoked command in '/home/ubuntu/tfg_ws/build/abb_irb140_support' returned '0': AMENT_PREFIX_PATH=/home/ubuntu/tfg_ws/install/abb_resources:${AMENT_PREFIX_PATH} CMAKE_PREFIX_PATH=/home/ubuntu/tfg_ws/install/abb_resources:/opt/ros/jazzy/opt/sdformat_vendor:/opt/ros/jazzy/opt/gz_math_vendor:/opt/ros/jazzy/opt/gz_utils_vendor:/opt/ros/jazzy/opt/gz_tools_vendor:/opt/ros/jazzy/opt/gz_cmake_vendor:/opt/ros/jazzy /usr/bin/cmake --install /home/ubuntu/tfg_ws/build/abb_irb140_support
