[0.022s] Invoking command in '/home/ubuntu/tfg_ws/build/abb_experimental': /usr/bin/cmake /home/ubuntu/tfg_ws/src/abb_experimental/abb_experimental -DCATKIN_INSTALL_INTO_PREFIX_ROOT=0 -DCATKIN_SYMLINK_INSTALL=ON -DCMAKE_INSTALL_PREFIX=/home/ubuntu/tfg_ws/install/abb_experimental
[0.042s] [0mCMake Deprecation Warning at CMakeLists.txt:1 (cmake_minimum_required):
[0.042s]   Compatibility with CMake < 3.5 will be removed from a future version of
[0.042s]   CMake.
[0.042s] 
[0.042s]   Update the VERSION argument <min> value or use a ...<max> suffix to tell
[0.043s]   CMake that the project does not need compatibility with older versions.
[0.043s] 
[0.043s] [0m
[0.173s] -- The C compiler identification is GNU 13.3.0
[0.326s] -- The CXX compiler identification is GNU 13.3.0
[0.364s] -- Detecting C compiler ABI info
[0.593s] -- Detecting C compiler ABI info - done
[0.614s] -- Check for working C compiler: /usr/bin/cc - skipped
[0.616s] -- Detecting C compile features
[0.617s] -- Detecting C compile features - done
[0.640s] -- Detecting CXX compiler ABI info
[0.861s] -- Detecting CXX compiler ABI info - done
[0.879s] -- Check for working CXX compiler: /usr/bin/c++ - skipped
[0.879s] -- Detecting CXX compile features
[0.880s] -- Detecting CXX compile features - done
[0.895s] [31mCMake Error at CMakeLists.txt:3 (find_package):
[0.895s]   By not providing "Findcatkin.cmake" in CMAKE_MODULE_PATH this project has
[0.896s]   asked CMake to find a package configuration file provided by "catkin", but
[0.896s]   CMake did not find one.
[0.896s] 
[0.896s]   Could not find a package configuration file provided by "catkin" with any
[0.896s]   of the following names:
[0.897s] 
[0.898s]     catkinConfig.cmake
[0.898s]     catkin-config.cmake
[0.898s] 
[0.899s]   Add the installation prefix of "catkin" to CMAKE_PREFIX_PATH or set
[0.899s]   "catkin_DIR" to a directory containing one of the above files.  If "catkin"
[0.899s]   provides a separate development package or SDK, be sure it has been
[0.899s]   installed.
[0.899s] 
[0.899s] [0m
[0.899s] -- Configuring incomplete, errors occurred!
