[0.039s] Invoking command in '/home/ubuntu/tfg_ws/build/abb_bringup': AMENT_PREFIX_PATH=/home/ubuntu/tfg_ws/install/abb_resources:${AMENT_PREFIX_PATH} CMAKE_PREFIX_PATH=/home/ubuntu/tfg_ws/install/abb_resources:/opt/ros/jazzy/opt/sdformat_vendor:/opt/ros/jazzy/opt/gz_math_vendor:/opt/ros/jazzy/opt/gz_utils_vendor:/opt/ros/jazzy/opt/gz_tools_vendor:/opt/ros/jazzy/opt/gz_cmake_vendor:/opt/ros/jazzy /usr/bin/cmake --build /home/ubuntu/tfg_ws/build/abb_bringup -- -j4 -l4
[0.147s] [ 66%] Built target gtest
[0.148s] [ 66%] Built target gtest_main
[0.207s] [100%] Built target test_command_topics
[0.228s] Invoked command in '/home/ubuntu/tfg_ws/build/abb_bringup' returned '0': AMENT_PREFIX_PATH=/home/ubuntu/tfg_ws/install/abb_resources:${AMENT_PREFIX_PATH} CMAKE_PREFIX_PATH=/home/ubuntu/tfg_ws/install/abb_resources:/opt/ros/jazzy/opt/sdformat_vendor:/opt/ros/jazzy/opt/gz_math_vendor:/opt/ros/jazzy/opt/gz_utils_vendor:/opt/ros/jazzy/opt/gz_tools_vendor:/opt/ros/jazzy/opt/gz_cmake_vendor:/opt/ros/jazzy /usr/bin/cmake --build /home/ubuntu/tfg_ws/build/abb_bringup -- -j4 -l4
[0.230s] Invoking command in '/home/ubuntu/tfg_ws/build/abb_bringup': AMENT_PREFIX_PATH=/home/ubuntu/tfg_ws/install/abb_resources:${AMENT_PREFIX_PATH} CMAKE_PREFIX_PATH=/home/ubuntu/tfg_ws/install/abb_resources:/opt/ros/jazzy/opt/sdformat_vendor:/opt/ros/jazzy/opt/gz_math_vendor:/opt/ros/jazzy/opt/gz_utils_vendor:/opt/ros/jazzy/opt/gz_tools_vendor:/opt/ros/jazzy/opt/gz_cmake_vendor:/opt/ros/jazzy /usr/bin/cmake --install /home/ubuntu/tfg_ws/build/abb_bringup
[0.245s] -- Install configuration: ""
[0.245s] -- Execute custom install script
[0.246s] -- Up-to-date symlink: /home/ubuntu/tfg_ws/install/abb_bringup/share/abb_bringup/config/abb_controllers.yaml
[0.246s] -- Up-to-date symlink: /home/ubuntu/tfg_ws/install/abb_bringup/share/abb_bringup/launch/abb_control.launch.py
[0.247s] -- Up-to-date symlink: /home/ubuntu/tfg_ws/install/abb_bringup/share/abb_bringup/launch/abb_moveit.launch.py
[0.247s] -- Up-to-date symlink: /home/ubuntu/tfg_ws/install/abb_bringup/share/abb_bringup/launch/abb_rws_client.launch.py
[0.247s] -- Up-to-date symlink: /home/ubuntu/tfg_ws/install/abb_bringup/share/ament_index/resource_index/package_run_dependencies/abb_bringup
[0.247s] -- Up-to-date symlink: /home/ubuntu/tfg_ws/install/abb_bringup/share/ament_index/resource_index/parent_prefix_path/abb_bringup
[0.247s] -- Up-to-date symlink: /home/ubuntu/tfg_ws/install/abb_bringup/share/abb_bringup/environment/ament_prefix_path.sh
[0.248s] -- Up-to-date symlink: /home/ubuntu/tfg_ws/install/abb_bringup/share/abb_bringup/environment/ament_prefix_path.dsv
[0.248s] -- Up-to-date symlink: /home/ubuntu/tfg_ws/install/abb_bringup/share/abb_bringup/environment/path.sh
[0.248s] -- Up-to-date symlink: /home/ubuntu/tfg_ws/install/abb_bringup/share/abb_bringup/environment/path.dsv
[0.248s] -- Up-to-date symlink: /home/ubuntu/tfg_ws/install/abb_bringup/share/abb_bringup/local_setup.bash
[0.248s] -- Up-to-date symlink: /home/ubuntu/tfg_ws/install/abb_bringup/share/abb_bringup/local_setup.sh
[0.249s] -- Up-to-date symlink: /home/ubuntu/tfg_ws/install/abb_bringup/share/abb_bringup/local_setup.zsh
[0.249s] -- Up-to-date symlink: /home/ubuntu/tfg_ws/install/abb_bringup/share/abb_bringup/local_setup.dsv
[0.249s] -- Up-to-date symlink: /home/ubuntu/tfg_ws/install/abb_bringup/share/abb_bringup/package.dsv
[0.249s] -- Up-to-date symlink: /home/ubuntu/tfg_ws/install/abb_bringup/share/ament_index/resource_index/packages/abb_bringup
[0.249s] -- Up-to-date symlink: /home/ubuntu/tfg_ws/install/abb_bringup/share/abb_bringup/cmake/ament_cmake_export_dependencies-extras.cmake
[0.250s] -- Up-to-date symlink: /home/ubuntu/tfg_ws/install/abb_bringup/share/abb_bringup/cmake/abb_bringupConfig.cmake
[0.250s] -- Up-to-date symlink: /home/ubuntu/tfg_ws/install/abb_bringup/share/abb_bringup/cmake/abb_bringupConfig-version.cmake
[0.250s] -- Up-to-date symlink: /home/ubuntu/tfg_ws/install/abb_bringup/share/abb_bringup/package.xml
[0.254s] Invoked command in '/home/ubuntu/tfg_ws/build/abb_bringup' returned '0': AMENT_PREFIX_PATH=/home/ubuntu/tfg_ws/install/abb_resources:${AMENT_PREFIX_PATH} CMAKE_PREFIX_PATH=/home/ubuntu/tfg_ws/install/abb_resources:/opt/ros/jazzy/opt/sdformat_vendor:/opt/ros/jazzy/opt/gz_math_vendor:/opt/ros/jazzy/opt/gz_utils_vendor:/opt/ros/jazzy/opt/gz_tools_vendor:/opt/ros/jazzy/opt/gz_cmake_vendor:/opt/ros/jazzy /usr/bin/cmake --install /home/ubuntu/tfg_ws/build/abb_bringup
