[1.753s] Invoking command in '/home/carles/tfg_ws/src/abb_control': DEBUGINFOD_URLS=https://debuginfod.ubuntu.com PYTHONPATH=/home/carles/tfg_ws/build/abb_control/prefix_override:/usr/lib/python3/dist-packages/colcon_core/task/python/colcon_distutils_commands:/home/carles/tfg_ws/install/abb_control/lib/python3.12/site-packages:${PYTHONPATH} /usr/bin/python3 -W ignore:setup.py install is deprecated -W ignore:easy_install command is deprecated setup.py egg_info --egg-base ../../build/abb_control build --build-base /home/carles/tfg_ws/build/abb_control/build install --record /home/carles/tfg_ws/build/abb_control/install.log --single-version-externally-managed install_data
[2.183s] running egg_info
[2.209s] writing ../../build/abb_control/abb_control.egg-info/PKG-INFO
[2.209s] writing dependency_links to ../../build/abb_control/abb_control.egg-info/dependency_links.txt
[2.210s] writing entry points to ../../build/abb_control/abb_control.egg-info/entry_points.txt
[2.210s] writing requirements to ../../build/abb_control/abb_control.egg-info/requires.txt
[2.211s] writing top-level names to ../../build/abb_control/abb_control.egg-info/top_level.txt
[2.273s] reading manifest file '../../build/abb_control/abb_control.egg-info/SOURCES.txt'
[2.274s] writing manifest file '../../build/abb_control/abb_control.egg-info/SOURCES.txt'
[2.274s] running build
[2.274s] running build_py
[2.275s] copying abb_control/simple_move.py -> /home/carles/tfg_ws/build/abb_control/build/lib/abb_control
[2.276s] running install
[2.285s] running install_lib
[2.314s] copying /home/carles/tfg_ws/build/abb_control/build/lib/abb_control/simple_move.py -> /home/carles/tfg_ws/install/abb_control/lib/python3.12/site-packages/abb_control
[2.315s] byte-compiling /home/carles/tfg_ws/install/abb_control/lib/python3.12/site-packages/abb_control/simple_move.py to simple_move.cpython-312.pyc
[2.317s] running install_data
[2.319s] running install_egg_info
[2.349s] removing '/home/carles/tfg_ws/install/abb_control/lib/python3.12/site-packages/abb_control-0.0.0-py3.12.egg-info' (and everything under it)
[2.349s] Copying ../../build/abb_control/abb_control.egg-info to /home/carles/tfg_ws/install/abb_control/lib/python3.12/site-packages/abb_control-0.0.0-py3.12.egg-info
[2.354s] running install_scripts
[2.542s] Installing bailar script to /home/carles/tfg_ws/install/abb_control/lib/abb_control
[2.543s] writing list of installed files to '/home/carles/tfg_ws/build/abb_control/install.log'
[2.589s] Invoked command in '/home/carles/tfg_ws/src/abb_control' returned '0': DEBUGINFOD_URLS=https://debuginfod.ubuntu.com PYTHONPATH=/home/carles/tfg_ws/build/abb_control/prefix_override:/usr/lib/python3/dist-packages/colcon_core/task/python/colcon_distutils_commands:/home/carles/tfg_ws/install/abb_control/lib/python3.12/site-packages:${PYTHONPATH} /usr/bin/python3 -W ignore:setup.py install is deprecated -W ignore:easy_install command is deprecated setup.py egg_info --egg-base ../../build/abb_control build --build-base /home/carles/tfg_ws/build/abb_control/build install --record /home/carles/tfg_ws/build/abb_control/install.log --single-version-externally-managed install_data
