[0.024s] Invoking command in '/home/ubuntu/tfg_ws/build/abb_hardware_interface': CMAKE_PREFIX_PATH=${CMAKE_PREFIX_PATH}:/opt/ros/jazzy /usr/bin/cmake /home/ubuntu/tfg_ws/src/abb_ros2/abb_hardware_interface -DAMENT_CMAKE_SYMLINK_INSTALL=1 -DCMAKE_INSTALL_PREFIX=/home/ubuntu/tfg_ws/install/abb_hardware_interface
[0.185s] -- The C compiler identification is GNU 13.3.0
[0.342s] -- The CXX compiler identification is GNU 13.3.0
[0.373s] -- Detecting C compiler ABI info
[0.590s] -- Detecting C compiler ABI info - done
[0.620s] -- Check for working C compiler: /usr/bin/cc - skipped
[0.620s] -- Detecting C compile features
[0.621s] -- Detecting C compile features - done
[0.637s] -- Detecting CXX compiler ABI info
[0.887s] -- Detecting CXX compiler ABI info - done
[0.910s] -- Check for working CXX compiler: /usr/bin/c++ - skipped
[0.910s] -- Detecting CXX compile features
[0.913s] -- Detecting CXX compile features - done
[0.917s] -- Found ament_cmake: 2.5.4 (/opt/ros/jazzy/share/ament_cmake/cmake)
[1.218s] -- Found Python3: /usr/bin/python3 (found version "3.12.3") found components: Interpreter 
[1.382s] -- Override CMake install command with custom implementation using symlinks instead of copying resources
[1.440s] [31mCMake Error at CMakeLists.txt:33 (find_package):
[1.440s]   By not providing "Findabb_egm_rws_managers.cmake" in CMAKE_MODULE_PATH this
[1.440s]   project has asked CMake to find a package configuration file provided by
[1.440s]   "abb_egm_rws_managers", but CMake did not find one.
[1.441s] 
[1.441s]   Could not find a package configuration file provided by
[1.441s]   "abb_egm_rws_managers" with any of the following names:
[1.441s] 
[1.441s]     abb_egm_rws_managersConfig.cmake
[1.441s]     abb_egm_rws_managers-config.cmake
[1.442s] 
[1.442s]   Add the installation prefix of "abb_egm_rws_managers" to CMAKE_PREFIX_PATH
[1.442s]   or set "abb_egm_rws_managers_DIR" to a directory containing one of the
[1.442s]   above files.  If "abb_egm_rws_managers" provides a separate development
[1.442s]   package or SDK, be sure it has been installed.
[1.442s] 
[1.442s] [0m
[1.442s] -- Configuring incomplete, errors occurred!
