[0.023s] Invoking command in '/home/ubuntu/tfg_ws/build/abb_rws_client': AMENT_PREFIX_PATH=/home/ubuntu/tfg_ws/install/abb_hardware_interface:${AMENT_PREFIX_PATH} CMAKE_MODULE_PATH=/home/ubuntu/tfg_ws/install/abb_librws/share/abb_librws/cmake CMAKE_PREFIX_PATH=/home/ubuntu/tfg_ws/install/abb_hardware_interface:/home/ubuntu/tfg_ws/install/abb_egm_rws_managers:/home/ubuntu/tfg_ws/install/abb_librws:/home/ubuntu/tfg_ws/install/abb_libegm:/opt/ros/jazzy/opt/sdformat_vendor:/opt/ros/jazzy/opt/gz_math_vendor:/opt/ros/jazzy/opt/gz_utils_vendor:/opt/ros/jazzy/opt/gz_tools_vendor:/opt/ros/jazzy/opt/gz_cmake_vendor:/opt/ros/jazzy LD_LIBRARY_PATH=/home/ubuntu/tfg_ws/install/abb_hardware_interface/lib:/home/ubuntu/tfg_ws/install/abb_egm_rws_managers/lib:/home/ubuntu/tfg_ws/install/abb_librws/lib:/home/ubuntu/tfg_ws/install/abb_libegm/lib:${LD_LIBRARY_PATH} PKG_CONFIG_PATH=/home/ubuntu/tfg_ws/install/abb_egm_rws_managers/lib/aarch64-linux-gnu/pkgconfig:/home/ubuntu/tfg_ws/install/abb_egm_rws_managers/lib/pkgconfig:/home/ubuntu/tfg_ws/install/abb_librws/lib/aarch64-linux-gnu/pkgconfig:/home/ubuntu/tfg_ws/install/abb_librws/lib/pkgconfig:/home/ubuntu/tfg_ws/install/abb_libegm/lib/aarch64-linux-gnu/pkgconfig:/home/ubuntu/tfg_ws/install/abb_libegm/lib/pkgconfig /usr/bin/cmake /home/ubuntu/tfg_ws/src/abb_ros2/abb_rws_client -DAMENT_CMAKE_SYMLINK_INSTALL=1 -DCMAKE_INSTALL_PREFIX=/home/ubuntu/tfg_ws/install/abb_rws_client
[0.130s] -- The C compiler identification is GNU 13.3.0
[0.233s] -- The CXX compiler identification is GNU 13.3.0
[0.261s] -- Detecting C compiler ABI info
[0.431s] -- Detecting C compiler ABI info - done
[0.448s] -- Check for working C compiler: /usr/bin/cc - skipped
[0.448s] -- Detecting C compile features
[0.449s] -- Detecting C compile features - done
[0.463s] -- Detecting CXX compiler ABI info
[0.649s] -- Detecting CXX compiler ABI info - done
[0.665s] -- Check for working CXX compiler: /usr/bin/c++ - skipped
[0.665s] -- Detecting CXX compile features
[0.666s] -- Detecting CXX compile features - done
[0.671s] -- Found ament_cmake: 2.5.4 (/opt/ros/jazzy/share/ament_cmake/cmake)
[0.907s] -- Found Python3: /usr/bin/python3 (found version "3.12.3") found components: Interpreter 
[1.027s] -- Override CMake install command with custom implementation using symlinks instead of copying resources
[1.087s] -- Performing Test CMAKE_HAVE_LIBC_PTHREAD
[1.256s] -- Performing Test CMAKE_HAVE_LIBC_PTHREAD - Success
[1.258s] -- Found Threads: TRUE  
[1.293s] -- Found Boost: /usr/lib/aarch64-linux-gnu/cmake/Boost-1.83.0/BoostConfig.cmake (found version "1.83.0") found components: regex system thread 
[1.297s] -- Searching for Poco library...
[1.312s] --   Found Poco!
[1.312s] -- components found: Foundation, Net, Util, XML.
[1.333s] -- Found Protobuf: /usr/lib/aarch64-linux-gnu/libprotobuf.so (found version "3.21.12") 
[1.343s] [31mCMake Error at CMakeLists.txt:36 (find_package):
[1.343s]   By not providing "Findabb_egm_msgs.cmake" in CMAKE_MODULE_PATH this project
[1.344s]   has asked CMake to find a package configuration file provided by
[1.344s]   "abb_egm_msgs", but CMake did not find one.
[1.344s] 
[1.344s]   Could not find a package configuration file provided by "abb_egm_msgs" with
[1.344s]   any of the following names:
[1.344s] 
[1.344s]     abb_egm_msgsConfig.cmake
[1.344s]     abb_egm_msgs-config.cmake
[1.344s] 
[1.344s]   Add the installation prefix of "abb_egm_msgs" to CMAKE_PREFIX_PATH or set
[1.344s]   "abb_egm_msgs_DIR" to a directory containing one of the above files.  If
[1.344s]   "abb_egm_msgs" provides a separate development package or SDK, be sure it
[1.345s]   has been installed.
[1.345s] 
[1.345s] [0m
[1.345s] -- Configuring incomplete, errors occurred!
[1.356s] Invoked command in '/home/ubuntu/tfg_ws/build/abb_rws_client' returned '1': AMENT_PREFIX_PATH=/home/ubuntu/tfg_ws/install/abb_hardware_interface:${AMENT_PREFIX_PATH} CMAKE_MODULE_PATH=/home/ubuntu/tfg_ws/install/abb_librws/share/abb_librws/cmake CMAKE_PREFIX_PATH=/home/ubuntu/tfg_ws/install/abb_hardware_interface:/home/ubuntu/tfg_ws/install/abb_egm_rws_managers:/home/ubuntu/tfg_ws/install/abb_librws:/home/ubuntu/tfg_ws/install/abb_libegm:/opt/ros/jazzy/opt/sdformat_vendor:/opt/ros/jazzy/opt/gz_math_vendor:/opt/ros/jazzy/opt/gz_utils_vendor:/opt/ros/jazzy/opt/gz_tools_vendor:/opt/ros/jazzy/opt/gz_cmake_vendor:/opt/ros/jazzy LD_LIBRARY_PATH=/home/ubuntu/tfg_ws/install/abb_hardware_interface/lib:/home/ubuntu/tfg_ws/install/abb_egm_rws_managers/lib:/home/ubuntu/tfg_ws/install/abb_librws/lib:/home/ubuntu/tfg_ws/install/abb_libegm/lib:${LD_LIBRARY_PATH} PKG_CONFIG_PATH=/home/ubuntu/tfg_ws/install/abb_egm_rws_managers/lib/aarch64-linux-gnu/pkgconfig:/home/ubuntu/tfg_ws/install/abb_egm_rws_managers/lib/pkgconfig:/home/ubuntu/tfg_ws/install/abb_librws/lib/aarch64-linux-gnu/pkgconfig:/home/ubuntu/tfg_ws/install/abb_librws/lib/pkgconfig:/home/ubuntu/tfg_ws/install/abb_libegm/lib/aarch64-linux-gnu/pkgconfig:/home/ubuntu/tfg_ws/install/abb_libegm/lib/pkgconfig /usr/bin/cmake /home/ubuntu/tfg_ws/src/abb_ros2/abb_rws_client -DAMENT_CMAKE_SYMLINK_INSTALL=1 -DCMAKE_INSTALL_PREFIX=/home/ubuntu/tfg_ws/install/abb_rws_client
