running egg_info
writing ../../build/robot_control_pkg/robot_control_pkg.egg-info/PKG-INFO
writing dependency_links to ../../build/robot_control_pkg/robot_control_pkg.egg-info/dependency_links.txt
writing entry points to ../../build/robot_control_pkg/robot_control_pkg.egg-info/entry_points.txt
writing requirements to ../../build/robot_control_pkg/robot_control_pkg.egg-info/requires.txt
writing top-level names to ../../build/robot_control_pkg/robot_control_pkg.egg-info/top_level.txt
reading manifest file '../../build/robot_control_pkg/robot_control_pkg.egg-info/SOURCES.txt'
writing manifest file '../../build/robot_control_pkg/robot_control_pkg.egg-info/SOURCES.txt'
running build
running build_py
running install
running install_lib
running install_data
copying resource/robot_control_pkg -> /home/ubuntu/ros2_ws_clean/install/robot_control_pkg/share/ament_index/resource_index/packages
copying package.xml -> /home/ubuntu/ros2_ws_clean/install/robot_control_pkg/share/robot_control_pkg
running install_egg_info
Copying ../../build/robot_control_pkg/robot_control_pkg.egg-info to /home/ubuntu/ros2_ws_clean/install/robot_control_pkg/lib/python3.12/site-packages/robot_control_pkg-1.0.0-py3.12.egg-info
running install_scripts
Installing robot_control_node script to /home/ubuntu/ros2_ws_clean/install/robot_control_pkg/bin
writing list of installed files to '/home/ubuntu/ros2_ws_clean/build/robot_control_pkg/install.log'
