[1.332s] Invoking command in '/home/ubuntu/ros2_ws_clean/src/robot_control_pkg': CONDA_PROMPT_MODIFIER=(base) PYTHONPATH=/home/ubuntu/ros2_ws_clean/build/robot_control_pkg/prefix_override:/usr/lib/python3/dist-packages/colcon_core/task/python/colcon_distutils_commands:/home/ubuntu/ros2_ws_clean/install/robot_control_pkg/lib/python3.12/site-packages:${PYTHONPATH} /usr/bin/python3 -W ignore:setup.py install is deprecated -W ignore:easy_install command is deprecated setup.py egg_info --egg-base ../../build/robot_control_pkg build --build-base /home/ubuntu/ros2_ws_clean/build/robot_control_pkg/build install --record /home/ubuntu/ros2_ws_clean/build/robot_control_pkg/install.log --single-version-externally-managed install_data
[1.726s] running egg_info
[1.755s] writing ../../build/robot_control_pkg/robot_control_pkg.egg-info/PKG-INFO
[1.756s] writing dependency_links to ../../build/robot_control_pkg/robot_control_pkg.egg-info/dependency_links.txt
[1.757s] writing entry points to ../../build/robot_control_pkg/robot_control_pkg.egg-info/entry_points.txt
[1.757s] writing requirements to ../../build/robot_control_pkg/robot_control_pkg.egg-info/requires.txt
[1.757s] writing top-level names to ../../build/robot_control_pkg/robot_control_pkg.egg-info/top_level.txt
[1.819s] reading manifest file '../../build/robot_control_pkg/robot_control_pkg.egg-info/SOURCES.txt'
[1.820s] writing manifest file '../../build/robot_control_pkg/robot_control_pkg.egg-info/SOURCES.txt'
[1.820s] running build
[1.820s] running build_py
[1.820s] running install
[1.829s] running install_lib
[1.859s] warning: install_lib: '/home/ubuntu/ros2_ws_clean/build/robot_control_pkg/build/lib' does not exist -- no Python modules to install
[1.860s] 
[1.860s] running install_data
[1.860s] copying resource/robot_control_pkg -> /home/ubuntu/ros2_ws_clean/install/robot_control_pkg/share/ament_index/resource_index/packages
[1.860s] copying package.xml -> /home/ubuntu/ros2_ws_clean/install/robot_control_pkg/share/robot_control_pkg
[1.860s] running install_egg_info
[1.892s] Copying ../../build/robot_control_pkg/robot_control_pkg.egg-info to /home/ubuntu/ros2_ws_clean/install/robot_control_pkg/lib/python3.12/site-packages/robot_control_pkg-1.0.0-py3.12.egg-info
[1.893s] running install_scripts
[2.104s] Installing robot_control_node script to /home/ubuntu/ros2_ws_clean/install/robot_control_pkg/bin
[2.105s] writing list of installed files to '/home/ubuntu/ros2_ws_clean/build/robot_control_pkg/install.log'
[2.182s] Invoked command in '/home/ubuntu/ros2_ws_clean/src/robot_control_pkg' returned '0': CONDA_PROMPT_MODIFIER=(base) PYTHONPATH=/home/ubuntu/ros2_ws_clean/build/robot_control_pkg/prefix_override:/usr/lib/python3/dist-packages/colcon_core/task/python/colcon_distutils_commands:/home/ubuntu/ros2_ws_clean/install/robot_control_pkg/lib/python3.12/site-packages:${PYTHONPATH} /usr/bin/python3 -W ignore:setup.py install is deprecated -W ignore:easy_install command is deprecated setup.py egg_info --egg-base ../../build/robot_control_pkg build --build-base /home/ubuntu/ros2_ws_clean/build/robot_control_pkg/build install --record /home/ubuntu/ros2_ws_clean/build/robot_control_pkg/install.log --single-version-externally-managed install_data
