1765064848.1090448 [INFO] [launch]: All log files can be found below /home/ubuntu/.ros/log/2025-12-07-00-47-28-107669-RaspberryPi-16185
1765064848.1092401 [INFO] [launch]: Default logging verbosity is set to INFO
1765064848.2245293 [INFO] [moveit_setup_assistant-1]: process started with pid [16188]
1765064868.9734058 [moveit_setup_assistant-1] [INFO] [1765064868.972818327] [moveit_setup_assistant.urdf]: Loaded abb_irb140 robot model.
1765064868.9829040 [moveit_setup_assistant-1] [INFO] [1765064868.982492815] [moveit_918801748.moveit.core.robot_model]: Loading robot model 'abb_irb140'...
1765064868.9831347 [moveit_setup_assistant-1] [INFO] [1765064868.982557333] [moveit_918801748.moveit.core.robot_model]: No root/virtual joint specified in SRDF. Assuming fixed joint
1765064868.9836359 [moveit_setup_assistant-1] Error:   Error retrieving file [file:///home/ubuntu/tfg_ws/install/abb_irb140_support/share/abb_irb140_support/meshes/irb140/collision/base_link.stl]: Couldn't open file /home/ubuntu/tfg_ws/install/abb_irb140_support/share/abb_irb140_support/meshes/irb140/collision/base_link.stl
1765064868.9837809 [moveit_setup_assistant-1]          at line 277 in ./src/mesh_operations.cpp
1765064868.9838746 [moveit_setup_assistant-1] [WARN] [1765064868.983025629] [moveit_918801748.moveit.core.robot_model]: Link base_link has visual geometry but no collision geometry. Collision geometry will be left empty. Fix your URDF file by explicitly specifying collision geometry.
1765064868.9839518 [moveit_setup_assistant-1] Error:   Error retrieving file [file:///home/ubuntu/tfg_ws/install/abb_irb140_support/share/abb_irb140_support/meshes/irb140/collision/link_1.stl]: Couldn't open file /home/ubuntu/tfg_ws/install/abb_irb140_support/share/abb_irb140_support/meshes/irb140/collision/link_1.stl
1765064868.9840264 [moveit_setup_assistant-1]          at line 277 in ./src/mesh_operations.cpp
1765064868.9840968 [moveit_setup_assistant-1] [WARN] [1765064868.983311333] [moveit_918801748.moveit.core.robot_model]: Link link_1 has visual geometry but no collision geometry. Collision geometry will be left empty. Fix your URDF file by explicitly specifying collision geometry.
1765064868.9845619 [moveit_setup_assistant-1] Error:   Error retrieving file [file:///home/ubuntu/tfg_ws/install/abb_irb140_support/share/abb_irb140_support/meshes/irb140/collision/link_2.stl]: Couldn't open file /home/ubuntu/tfg_ws/install/abb_irb140_support/share/abb_irb140_support/meshes/irb140/collision/link_2.stl
1765064868.9846916 [moveit_setup_assistant-1]          at line 277 in ./src/mesh_operations.cpp
1765064868.9847713 [moveit_setup_assistant-1] [WARN] [1765064868.983511017] [moveit_918801748.moveit.core.robot_model]: Link link_2 has visual geometry but no collision geometry. Collision geometry will be left empty. Fix your URDF file by explicitly specifying collision geometry.
1765064868.9848468 [moveit_setup_assistant-1] Error:   Error retrieving file [file:///home/ubuntu/tfg_ws/install/abb_irb140_support/share/abb_irb140_support/meshes/irb140/collision/link_3.stl]: Couldn't open file /home/ubuntu/tfg_ws/install/abb_irb140_support/share/abb_irb140_support/meshes/irb140/collision/link_3.stl
1765064868.9849110 [moveit_setup_assistant-1]          at line 277 in ./src/mesh_operations.cpp
1765064868.9849789 [moveit_setup_assistant-1] [WARN] [1765064868.983678091] [moveit_918801748.moveit.core.robot_model]: Link link_3 has visual geometry but no collision geometry. Collision geometry will be left empty. Fix your URDF file by explicitly specifying collision geometry.
1765064868.9850626 [moveit_setup_assistant-1] Error:   Error retrieving file [file:///home/ubuntu/tfg_ws/install/abb_irb140_support/share/abb_irb140_support/meshes/irb140/collision/link_4.stl]: Couldn't open file /home/ubuntu/tfg_ws/install/abb_irb140_support/share/abb_irb140_support/meshes/irb140/collision/link_4.stl
1765064868.9851904 [moveit_setup_assistant-1]          at line 277 in ./src/mesh_operations.cpp
1765064868.9852619 [moveit_setup_assistant-1] [WARN] [1765064868.983859073] [moveit_918801748.moveit.core.robot_model]: Link link_4 has visual geometry but no collision geometry. Collision geometry will be left empty. Fix your URDF file by explicitly specifying collision geometry.
1765064868.9853609 [moveit_setup_assistant-1] Error:   Error retrieving file [file:///home/ubuntu/tfg_ws/install/abb_irb140_support/share/abb_irb140_support/meshes/irb140/collision/link_5.stl]: Couldn't open file /home/ubuntu/tfg_ws/install/abb_irb140_support/share/abb_irb140_support/meshes/irb140/collision/link_5.stl
1765064868.9854257 [moveit_setup_assistant-1]          at line 277 in ./src/mesh_operations.cpp
1765064868.9854822 [moveit_setup_assistant-1] [WARN] [1765064868.984033906] [moveit_918801748.moveit.core.robot_model]: Link link_5 has visual geometry but no collision geometry. Collision geometry will be left empty. Fix your URDF file by explicitly specifying collision geometry.
1765064868.9855280 [moveit_setup_assistant-1] Error:   Error retrieving file [file:///home/ubuntu/tfg_ws/install/abb_irb140_support/share/abb_irb140_support/meshes/irb140/collision/link_6.stl]: Couldn't open file /home/ubuntu/tfg_ws/install/abb_irb140_support/share/abb_irb140_support/meshes/irb140/collision/link_6.stl
1765064868.9855707 [moveit_setup_assistant-1]          at line 277 in ./src/mesh_operations.cpp
1765064868.9856133 [moveit_setup_assistant-1] [WARN] [1765064868.984207646] [moveit_918801748.moveit.core.robot_model]: Link link_6 has visual geometry but no collision geometry. Collision geometry will be left empty. Fix your URDF file by explicitly specifying collision geometry.
1765064868.9858785 [moveit_setup_assistant-1] [WARN] [1765064868.984305276] [moveit_918801748.moveit.core.robot_model]: No geometry is associated to any robot links
1765064870.1954195 [moveit_setup_assistant-1] [INFO] [1765064870.194872175] [moveit_setup_assistant.urdf]: Loaded abb_irb140 robot model.
1765064870.1956918 [moveit_setup_assistant-1] [INFO] [1765064870.194973545] [moveit_918801748.moveit.core.robot_model]: Loading robot model 'abb_irb140'...
1765064870.1958065 [moveit_setup_assistant-1] [INFO] [1765064870.195020638] [moveit_918801748.moveit.core.robot_model]: No root/virtual joint specified in SRDF. Assuming fixed joint
1765064870.1963422 [moveit_setup_assistant-1] Error:   Error retrieving file [file:///home/ubuntu/tfg_ws/install/abb_irb140_support/share/abb_irb140_support/meshes/irb140/collision/base_link.stl]: Couldn't open file /home/ubuntu/tfg_ws/install/abb_irb140_support/share/abb_irb140_support/meshes/irb140/collision/base_link.stl
1765064870.1965139 [moveit_setup_assistant-1]          at line 277 in ./src/mesh_operations.cpp
1765064870.1966217 [moveit_setup_assistant-1] [WARN] [1765064870.195443507] [moveit_918801748.moveit.core.robot_model]: Link base_link has visual geometry but no collision geometry. Collision geometry will be left empty. Fix your URDF file by explicitly specifying collision geometry.
1765064870.1967039 [moveit_setup_assistant-1] Error:   Error retrieving file [file:///home/ubuntu/tfg_ws/install/abb_irb140_support/share/abb_irb140_support/meshes/irb140/collision/link_1.stl]: Couldn't open file /home/ubuntu/tfg_ws/install/abb_irb140_support/share/abb_irb140_support/meshes/irb140/collision/link_1.stl
1765064870.1967814 [moveit_setup_assistant-1]          at line 277 in ./src/mesh_operations.cpp
1765064870.1968594 [moveit_setup_assistant-1] [WARN] [1765064870.195728174] [moveit_918801748.moveit.core.robot_model]: Link link_1 has visual geometry but no collision geometry. Collision geometry will be left empty. Fix your URDF file by explicitly specifying collision geometry.
1765064870.1969323 [moveit_setup_assistant-1] Error:   Error retrieving file [file:///home/ubuntu/tfg_ws/install/abb_irb140_support/share/abb_irb140_support/meshes/irb140/collision/link_2.stl]: Couldn't open file /home/ubuntu/tfg_ws/install/abb_irb140_support/share/abb_irb140_support/meshes/irb140/collision/link_2.stl
1765064870.1970162 [moveit_setup_assistant-1]          at line 277 in ./src/mesh_operations.cpp
1765064870.1970987 [moveit_setup_assistant-1] [WARN] [1765064870.195977414] [moveit_918801748.moveit.core.robot_model]: Link link_2 has visual geometry but no collision geometry. Collision geometry will be left empty. Fix your URDF file by explicitly specifying collision geometry.
1765064870.1978240 [moveit_setup_assistant-1] Error:   Error retrieving file [file:///home/ubuntu/tfg_ws/install/abb_irb140_support/share/abb_irb140_support/meshes/irb140/collision/link_3.stl]: Couldn't open file /home/ubuntu/tfg_ws/install/abb_irb140_support/share/abb_irb140_support/meshes/irb140/collision/link_3.stl
1765064870.1980631 [moveit_setup_assistant-1]          at line 277 in ./src/mesh_operations.cpp
1765064870.1981602 [moveit_setup_assistant-1] [WARN] [1765064870.196229636] [moveit_918801748.moveit.core.robot_model]: Link link_3 has visual geometry but no collision geometry. Collision geometry will be left empty. Fix your URDF file by explicitly specifying collision geometry.
1765064870.1982362 [moveit_setup_assistant-1] Error:   Error retrieving file [file:///home/ubuntu/tfg_ws/install/abb_irb140_support/share/abb_irb140_support/meshes/irb140/collision/link_4.stl]: Couldn't open file /home/ubuntu/tfg_ws/install/abb_irb140_support/share/abb_irb140_support/meshes/irb140/collision/link_4.stl
1765064870.1983421 [moveit_setup_assistant-1]          at line 277 in ./src/mesh_operations.cpp
1765064870.1984568 [moveit_setup_assistant-1] [WARN] [1765064870.196503784] [moveit_918801748.moveit.core.robot_model]: Link link_4 has visual geometry but no collision geometry. Collision geometry will be left empty. Fix your URDF file by explicitly specifying collision geometry.
1765064870.1985345 [moveit_setup_assistant-1] Error:   Error retrieving file [file:///home/ubuntu/tfg_ws/install/abb_irb140_support/share/abb_irb140_support/meshes/irb140/collision/link_5.stl]: Couldn't open file /home/ubuntu/tfg_ws/install/abb_irb140_support/share/abb_irb140_support/meshes/irb140/collision/link_5.stl
1765064870.1986020 [moveit_setup_assistant-1]          at line 277 in ./src/mesh_operations.cpp
1765064870.1986921 [moveit_setup_assistant-1] [WARN] [1765064870.196753821] [moveit_918801748.moveit.core.robot_model]: Link link_5 has visual geometry but no collision geometry. Collision geometry will be left empty. Fix your URDF file by explicitly specifying collision geometry.
1765064870.1987710 [moveit_setup_assistant-1] Error:   Error retrieving file [file:///home/ubuntu/tfg_ws/install/abb_irb140_support/share/abb_irb140_support/meshes/irb140/collision/link_6.stl]: Couldn't open file /home/ubuntu/tfg_ws/install/abb_irb140_support/share/abb_irb140_support/meshes/irb140/collision/link_6.stl
1765064870.1988409 [moveit_setup_assistant-1]          at line 277 in ./src/mesh_operations.cpp
1765064870.1989043 [moveit_setup_assistant-1] [WARN] [1765064870.196988654] [moveit_918801748.moveit.core.robot_model]: Link link_6 has visual geometry but no collision geometry. Collision geometry will be left empty. Fix your URDF file by explicitly specifying collision geometry.
1765064870.1989775 [moveit_setup_assistant-1] [WARN] [1765064870.197108116] [moveit_918801748.moveit.core.robot_model]: No geometry is associated to any robot links
1765064870.5878222 [moveit_setup_assistant-1] [rviz_rendering:debug] Available Renderers(1): OpenGL Rendering Subsystem, at ./src/rviz_rendering/render_system.cpp:289
1765064870.5879591 [moveit_setup_assistant-1] [rviz_rendering:info] Stereo is NOT SUPPORTED, at ./src/rviz_rendering/render_system.cpp:531
1765064870.5880008 [moveit_setup_assistant-1] [rviz_rendering:info] OpenGl version: 4.5 (GLSL 4.5), at ./src/rviz_rendering/render_system.cpp:272
1765064870.5880315 [moveit_setup_assistant-1] [rviz_rendering:info] Stereo is NOT SUPPORTED, at ./src/rviz_rendering/render_system.cpp:531
1765064870.5880601 [moveit_setup_assistant-1] [rviz_common:debug] Load pixmap at package://rviz_default_plugins/icons/classes/TF.svg, at ./src/rviz_common/load_resource.cpp:71
1765064870.5880892 [moveit_setup_assistant-1] [rviz_common:debug] Error retrieving file [file:///opt/ros/jazzy/share/rviz_default_plugins/icons/classes/TF.svg]: Couldn't open file /opt/ros/jazzy/share/rviz_default_plugins/icons/classes/TF.svg, at ./src/rviz_common/load_resource.cpp:55
1765064870.5881317 [moveit_setup_assistant-1] [rviz_common:debug] Load pixmap at package://rviz_default_plugins/icons/classes/TF.png, at ./src/rviz_common/load_resource.cpp:71
1765064870.5881598 [moveit_setup_assistant-1] [rviz_common:debug] Load pixmap at package://rviz_common/icons/classes/Identity.svg, at ./src/rviz_common/load_resource.cpp:71
1765064870.5881858 [moveit_setup_assistant-1] [rviz_common:debug] Error retrieving file [file:///opt/ros/jazzy/share/rviz_common/icons/classes/Identity.svg]: Couldn't open file /opt/ros/jazzy/share/rviz_common/icons/classes/Identity.svg, at ./src/rviz_common/load_resource.cpp:55
1765064870.5882113 [moveit_setup_assistant-1] [rviz_common:debug] Load pixmap at package://rviz_common/icons/classes/Identity.png, at ./src/rviz_common/load_resource.cpp:71
1765064870.5882361 [moveit_setup_assistant-1] [rviz_common:debug] Error retrieving file [file:///opt/ros/jazzy/share/rviz_common/icons/classes/Identity.png]: Couldn't open file /opt/ros/jazzy/share/rviz_common/icons/classes/Identity.png, at ./src/rviz_common/load_resource.cpp:55
1765064870.5882840 [moveit_setup_assistant-1] [rviz_common:debug] Load pixmap at package://rviz_common/icons/default_class_icon.png, at ./src/rviz_common/load_resource.cpp:71
1765064870.5883133 [moveit_setup_assistant-1] [rviz_common:debug] Load pixmap at package://rviz_common/icons/options.png, at ./src/rviz_common/load_resource.cpp:71
1765064870.5883384 [moveit_setup_assistant-1] [rviz_common:debug] Load pixmap at package://rviz_common/icons/ok.png, at ./src/rviz_common/load_resource.cpp:71
1765064870.5883634 [moveit_setup_assistant-1] [rviz_common:debug] Load pixmap at package://rviz_common/icons/warning.png, at ./src/rviz_common/load_resource.cpp:71
1765064870.5883896 [moveit_setup_assistant-1] [rviz_common:debug] Load pixmap at package://rviz_common/icons/error.png, at ./src/rviz_common/load_resource.cpp:71
1765064870.5884149 [moveit_setup_assistant-1] [rviz_common:debug] Load pixmap at package://rviz_default_plugins/icons/classes/Orbit.svg, at ./src/rviz_common/load_resource.cpp:71
1765064870.5884416 [moveit_setup_assistant-1] [rviz_common:debug] Error retrieving file [file:///opt/ros/jazzy/share/rviz_default_plugins/icons/classes/Orbit.svg]: Couldn't open file /opt/ros/jazzy/share/rviz_default_plugins/icons/classes/Orbit.svg, at ./src/rviz_common/load_resource.cpp:55
1765064870.5884669 [moveit_setup_assistant-1] [rviz_common:debug] Load pixmap at package://rviz_default_plugins/icons/classes/Orbit.png, at ./src/rviz_common/load_resource.cpp:71
1765064870.5884914 [moveit_setup_assistant-1] [rviz_common:debug] Error retrieving file [file:///opt/ros/jazzy/share/rviz_default_plugins/icons/classes/Orbit.png]: Couldn't open file /opt/ros/jazzy/share/rviz_default_plugins/icons/classes/Orbit.png, at ./src/rviz_common/load_resource.cpp:55
1765064870.5885167 [moveit_setup_assistant-1] [rviz_common:debug] Load pixmap at package://rviz_common/icons/rotate.svg, at ./src/rviz_common/load_resource.cpp:71
1765064870.5885417 [moveit_setup_assistant-1] [rviz_common:debug] Load pixmap at package://rviz_common/icons/cursor.svg, at ./src/rviz_common/load_resource.cpp:71
1765064870.5885661 [moveit_setup_assistant-1] [rviz_common:debug] Load pixmap at package://rviz_common/icons/rotate_cam.svg, at ./src/rviz_common/load_resource.cpp:71
1765064870.5885904 [moveit_setup_assistant-1] [rviz_common:debug] Load pixmap at package://rviz_common/icons/move2d.svg, at ./src/rviz_common/load_resource.cpp:71
1765064870.5886142 [moveit_setup_assistant-1] [rviz_common:debug] Load pixmap at package://rviz_common/icons/move_z.svg, at ./src/rviz_common/load_resource.cpp:71
1765064870.5886383 [moveit_setup_assistant-1] [rviz_common:debug] Load pixmap at package://rviz_common/icons/zoom.svg, at ./src/rviz_common/load_resource.cpp:71
1765064870.5886626 [moveit_setup_assistant-1] [rviz_common:debug] Load pixmap at package://rviz_common/icons/crosshair.svg, at ./src/rviz_common/load_resource.cpp:71
1765064870.5886993 [moveit_setup_assistant-1] [rviz_common:debug] Load pixmap at package://rviz_default_plugins/icons/classes/FocusCamera.svg, at ./src/rviz_common/load_resource.cpp:71
1765064870.5887280 [moveit_setup_assistant-1] [rviz_common:debug] Load pixmap at package://rviz_default_plugins/icons/classes/Interact.svg, at ./src/rviz_common/load_resource.cpp:71
1765064870.5924742 [moveit_setup_assistant-1] [INFO] [1765064870.592152316] [moveit_918801748.moveit.ros.rdf_loader]: Loaded robot model in 0.00120137 seconds
1765064870.5926690 [moveit_setup_assistant-1] [INFO] [1765064870.592212316] [moveit_918801748.moveit.core.robot_model]: Loading robot model 'abb_irb140'...
1765064870.5927658 [moveit_setup_assistant-1] [INFO] [1765064870.592236094] [moveit_918801748.moveit.core.robot_model]: No root/virtual joint specified in SRDF. Assuming fixed joint
1765064870.5932195 [moveit_setup_assistant-1] [rviz_common:debug] Error retrieving file [file:///opt/ros/jazzy/share/rviz_default_plugins/icons/classes/Interact.svg]: Couldn't open file /opt/ros/jazzy/share/rviz_default_plugins/icons/classes/Interact.svg, at ./src/rviz_common/load_resource.cpp:55
1765064870.5933123 [moveit_setup_assistant-1] [rviz_common:debug] Load pixmap at package://rviz_default_plugins/icons/classes/Interact.png, at ./src/rviz_common/load_resource.cpp:71
1765064870.5933502 [moveit_setup_assistant-1] [rviz_common:debug] Load pixmap at package://rviz_default_plugins/icons/classes/Measure.svg, at ./src/rviz_common/load_resource.cpp:71
1765064870.5933816 [moveit_setup_assistant-1] [rviz_common:debug] Load pixmap at package://rviz_default_plugins/icons/classes/MoveCamera.svg, at ./src/rviz_common/load_resource.cpp:71
1765064870.5934110 [moveit_setup_assistant-1] [rviz_common:debug] Error retrieving file [file:///opt/ros/jazzy/share/rviz_default_plugins/icons/classes/MoveCamera.svg]: Couldn't open file /opt/ros/jazzy/share/rviz_default_plugins/icons/classes/MoveCamera.svg, at ./src/rviz_common/load_resource.cpp:55
1765064870.5934379 [moveit_setup_assistant-1] [rviz_common:debug] Load pixmap at package://rviz_default_plugins/icons/classes/MoveCamera.png, at ./src/rviz_common/load_resource.cpp:71
1765064870.5934649 [moveit_setup_assistant-1] [rviz_common:debug] Load pixmap at package://rviz_default_plugins/icons/classes/PublishPoint.svg, at ./src/rviz_common/load_resource.cpp:71
1765064870.5934913 [moveit_setup_assistant-1] [rviz_common:debug] Load pixmap at package://rviz_default_plugins/icons/classes/Select.svg, at ./src/rviz_common/load_resource.cpp:71
1765064870.5935187 [moveit_setup_assistant-1] [rviz_common:debug] Error retrieving file [file:///opt/ros/jazzy/share/rviz_default_plugins/icons/classes/Select.svg]: Couldn't open file /opt/ros/jazzy/share/rviz_default_plugins/icons/classes/Select.svg, at ./src/rviz_common/load_resource.cpp:55
1765064870.5935450 [moveit_setup_assistant-1] [rviz_common:debug] Load pixmap at package://rviz_default_plugins/icons/classes/Select.png, at ./src/rviz_common/load_resource.cpp:71
1765064870.5935714 [moveit_setup_assistant-1] [rviz_common:debug] Load pixmap at package://rviz_default_plugins/icons/classes/SetGoal.svg, at ./src/rviz_common/load_resource.cpp:71
1765064870.5935986 [moveit_setup_assistant-1] [rviz_common:debug] Error retrieving file [file:///opt/ros/jazzy/share/rviz_default_plugins/icons/classes/SetGoal.svg]: Couldn't open file /opt/ros/jazzy/share/rviz_default_plugins/icons/classes/SetGoal.svg, at ./src/rviz_common/load_resource.cpp:55
1765064870.5936248 [moveit_setup_assistant-1] [rviz_common:debug] Load pixmap at package://rviz_default_plugins/icons/classes/SetGoal.png, at ./src/rviz_common/load_resource.cpp:71
1765064870.5936503 [moveit_setup_assistant-1] [rviz_common:debug] Load pixmap at package://rviz_default_plugins/icons/classes/SetInitialPose.svg, at ./src/rviz_common/load_resource.cpp:71
1765064870.5936768 [moveit_setup_assistant-1] [rviz_common:debug] Error retrieving file [file:///opt/ros/jazzy/share/rviz_default_plugins/icons/classes/SetInitialPose.svg]: Couldn't open file /opt/ros/jazzy/share/rviz_default_plugins/icons/classes/SetInitialPose.svg, at ./src/rviz_common/load_resource.cpp:55
1765064870.5937185 [moveit_setup_assistant-1] [rviz_common:debug] Load pixmap at package://rviz_default_plugins/icons/classes/SetInitialPose.png, at ./src/rviz_common/load_resource.cpp:71
1765064870.5939660 [moveit_setup_assistant-1] Error:   Error retrieving file [file:///home/ubuntu/tfg_ws/install/abb_irb140_support/share/abb_irb140_support/meshes/irb140/collision/base_link.stl]: Couldn't open file /home/ubuntu/tfg_ws/install/abb_irb140_support/share/abb_irb140_support/meshes/irb140/collision/base_link.stl
1765064870.5940609 [moveit_setup_assistant-1]          at line 277 in ./src/mesh_operations.cpp
1765064870.5941234 [moveit_setup_assistant-1] [WARN] [1765064870.592473168] [moveit_918801748.moveit.core.robot_model]: Link base_link has visual geometry but no collision geometry. Collision geometry will be left empty. Fix your URDF file by explicitly specifying collision geometry.
1765064870.5941963 [moveit_setup_assistant-1] Error:   Error retrieving file [file:///home/ubuntu/tfg_ws/install/abb_irb140_support/share/abb_irb140_support/meshes/irb140/collision/link_1.stl]: Couldn't open file /home/ubuntu/tfg_ws/install/abb_irb140_support/share/abb_irb140_support/meshes/irb140/collision/link_1.stl
1765064870.5942719 [moveit_setup_assistant-1]          at line 277 in ./src/mesh_operations.cpp
1765064870.5943496 [moveit_setup_assistant-1] [WARN] [1765064870.592643445] [moveit_918801748.moveit.core.robot_model]: Link link_1 has visual geometry but no collision geometry. Collision geometry will be left empty. Fix your URDF file by explicitly specifying collision geometry.
1765064870.5944083 [moveit_setup_assistant-1] Error:   Error retrieving file [file:///home/ubuntu/tfg_ws/install/abb_irb140_support/share/abb_irb140_support/meshes/irb140/collision/link_2.stl]: Couldn't open file /home/ubuntu/tfg_ws/install/abb_irb140_support/share/abb_irb140_support/meshes/irb140/collision/link_2.stl
1765064870.5944586 [moveit_setup_assistant-1]          at line 277 in ./src/mesh_operations.cpp
1765064870.5945349 [moveit_setup_assistant-1] [WARN] [1765064870.592832241] [moveit_918801748.moveit.core.robot_model]: Link link_2 has visual geometry but no collision geometry. Collision geometry will be left empty. Fix your URDF file by explicitly specifying collision geometry.
1765064870.5945859 [moveit_setup_assistant-1] Error:   Error retrieving file [file:///home/ubuntu/tfg_ws/install/abb_irb140_support/share/abb_irb140_support/meshes/irb140/collision/link_3.stl]: Couldn't open file /home/ubuntu/tfg_ws/install/abb_irb140_support/share/abb_irb140_support/meshes/irb140/collision/link_3.stl
1765064870.5946362 [moveit_setup_assistant-1]          at line 277 in ./src/mesh_operations.cpp
1765064870.5949242 [moveit_setup_assistant-1] [WARN] [1765064870.593008908] [moveit_918801748.moveit.core.robot_model]: Link link_3 has visual geometry but no collision geometry. Collision geometry will be left empty. Fix your URDF file by explicitly specifying collision geometry.
1765064870.5951762 [moveit_setup_assistant-1] Error:   Error retrieving file [file:///home/ubuntu/tfg_ws/install/abb_irb140_support/share/abb_irb140_support/meshes/irb140/collision/link_4.stl]: Couldn't open file /home/ubuntu/tfg_ws/install/abb_irb140_support/share/abb_irb140_support/meshes/irb140/collision/link_4.stl
1765064870.5952716 [moveit_setup_assistant-1]          at line 277 in ./src/mesh_operations.cpp
1765064870.5953608 [moveit_setup_assistant-1] [WARN] [1765064870.593167982] [moveit_918801748.moveit.core.robot_model]: Link link_4 has visual geometry but no collision geometry. Collision geometry will be left empty. Fix your URDF file by explicitly specifying collision geometry.
1765064870.5954516 [moveit_setup_assistant-1] Error:   Error retrieving file [file:///home/ubuntu/tfg_ws/install/abb_irb140_support/share/abb_irb140_support/meshes/irb140/collision/link_5.stl]: Couldn't open file /home/ubuntu/tfg_ws/install/abb_irb140_support/share/abb_irb140_support/meshes/irb140/collision/link_5.stl
1765064870.5955558 [moveit_setup_assistant-1]          at line 277 in ./src/mesh_operations.cpp
1765064870.5956323 [moveit_setup_assistant-1] [WARN] [1765064870.593339333] [moveit_918801748.moveit.core.robot_model]: Link link_5 has visual geometry but no collision geometry. Collision geometry will be left empty. Fix your URDF file by explicitly specifying collision geometry.
1765064870.5956974 [moveit_setup_assistant-1] Error:   Error retrieving file [file:///home/ubuntu/tfg_ws/install/abb_irb140_support/share/abb_irb140_support/meshes/irb140/collision/link_6.stl]: Couldn't open file /home/ubuntu/tfg_ws/install/abb_irb140_support/share/abb_irb140_support/meshes/irb140/collision/link_6.stl
1765064870.5957649 [moveit_setup_assistant-1]          at line 277 in ./src/mesh_operations.cpp
1765064870.5958312 [moveit_setup_assistant-1] [WARN] [1765064870.593483055] [moveit_918801748.moveit.core.robot_model]: Link link_6 has visual geometry but no collision geometry. Collision geometry will be left empty. Fix your URDF file by explicitly specifying collision geometry.
1765064870.5958891 [moveit_setup_assistant-1] [WARN] [1765064870.593535185] [moveit_918801748.moveit.core.robot_model]: No geometry is associated to any robot links
1765064870.5962317 [moveit_setup_assistant-1] [rviz_rendering:error] Could not load resource [package://abb_irb140_support/meshes/irb140/visual/base_link.stl]: Unable to open file "package://abb_irb140_support/meshes/irb140/visual/base_link.stl"., at ./src/rviz_rendering/mesh_loader.cpp:114
1765064870.5963457 [moveit_setup_assistant-1] [rviz_rendering:error] Could not load resource [package://abb_irb140_support/meshes/irb140/visual/base_link.stl]: Unable to open file "package://abb_irb140_support/meshes/irb140/visual/base_link.stl"., at ./src/rviz_rendering/mesh_loader.cpp:114
1765064870.5966320 [moveit_setup_assistant-1] [rviz_rendering:error] Could not load resource [package://abb_irb140_support/meshes/irb140/collision/base_link.stl]: Unable to open file "package://abb_irb140_support/meshes/irb140/collision/base_link.stl"., at ./src/rviz_rendering/mesh_loader.cpp:114
1765064870.5967190 [moveit_setup_assistant-1] [rviz_rendering:error] Could not load resource [package://abb_irb140_support/meshes/irb140/collision/base_link.stl]: Unable to open file "package://abb_irb140_support/meshes/irb140/collision/base_link.stl"., at ./src/rviz_rendering/mesh_loader.cpp:114
1765064870.5969529 [moveit_setup_assistant-1] [rviz_rendering:error] Could not load resource [package://abb_irb140_support/meshes/irb140/visual/link_1.stl]: Unable to open file "package://abb_irb140_support/meshes/irb140/visual/link_1.stl"., at ./src/rviz_rendering/mesh_loader.cpp:114
1765064870.5970368 [moveit_setup_assistant-1] [rviz_rendering:error] Could not load resource [package://abb_irb140_support/meshes/irb140/visual/link_1.stl]: Unable to open file "package://abb_irb140_support/meshes/irb140/visual/link_1.stl"., at ./src/rviz_rendering/mesh_loader.cpp:114
1765064870.5974061 [moveit_setup_assistant-1] [rviz_rendering:error] Could not load resource [package://abb_irb140_support/meshes/irb140/collision/link_1.stl]: Unable to open file "package://abb_irb140_support/meshes/irb140/collision/link_1.stl"., at ./src/rviz_rendering/mesh_loader.cpp:114
1765064870.5976741 [moveit_setup_assistant-1] [rviz_rendering:error] Could not load resource [package://abb_irb140_support/meshes/irb140/collision/link_1.stl]: Unable to open file "package://abb_irb140_support/meshes/irb140/collision/link_1.stl"., at ./src/rviz_rendering/mesh_loader.cpp:114
1765064870.5977650 [moveit_setup_assistant-1] [rviz_rendering:error] Could not load resource [package://abb_irb140_support/meshes/irb140/visual/link_2.stl]: Unable to open file "package://abb_irb140_support/meshes/irb140/visual/link_2.stl"., at ./src/rviz_rendering/mesh_loader.cpp:114
1765064870.5980239 [moveit_setup_assistant-1] [rviz_rendering:error] Could not load resource [package://abb_irb140_support/meshes/irb140/visual/link_2.stl]: Unable to open file "package://abb_irb140_support/meshes/irb140/visual/link_2.stl"., at ./src/rviz_rendering/mesh_loader.cpp:114
1765064870.5981224 [moveit_setup_assistant-1] [rviz_rendering:error] Could not load resource [package://abb_irb140_support/meshes/irb140/collision/link_2.stl]: Unable to open file "package://abb_irb140_support/meshes/irb140/collision/link_2.stl"., at ./src/rviz_rendering/mesh_loader.cpp:114
1765064870.5983670 [moveit_setup_assistant-1] [rviz_rendering:error] Could not load resource [package://abb_irb140_support/meshes/irb140/collision/link_2.stl]: Unable to open file "package://abb_irb140_support/meshes/irb140/collision/link_2.stl"., at ./src/rviz_rendering/mesh_loader.cpp:114
1765064870.5986245 [moveit_setup_assistant-1] [rviz_rendering:error] Could not load resource [package://abb_irb140_support/meshes/irb140/visual/link_3.stl]: Unable to open file "package://abb_irb140_support/meshes/irb140/visual/link_3.stl"., at ./src/rviz_rendering/mesh_loader.cpp:114
1765064870.5988700 [moveit_setup_assistant-1] [rviz_rendering:error] Could not load resource [package://abb_irb140_support/meshes/irb140/visual/link_3.stl]: Unable to open file "package://abb_irb140_support/meshes/irb140/visual/link_3.stl"., at ./src/rviz_rendering/mesh_loader.cpp:114
1765064870.5989451 [moveit_setup_assistant-1] [rviz_rendering:error] Could not load resource [package://abb_irb140_support/meshes/irb140/collision/link_3.stl]: Unable to open file "package://abb_irb140_support/meshes/irb140/collision/link_3.stl"., at ./src/rviz_rendering/mesh_loader.cpp:114
1765064870.5991745 [moveit_setup_assistant-1] [rviz_rendering:error] Could not load resource [package://abb_irb140_support/meshes/irb140/collision/link_3.stl]: Unable to open file "package://abb_irb140_support/meshes/irb140/collision/link_3.stl"., at ./src/rviz_rendering/mesh_loader.cpp:114
1765064870.5992589 [moveit_setup_assistant-1] [rviz_rendering:error] Could not load resource [package://abb_irb140_support/meshes/irb140/visual/link_4.stl]: Unable to open file "package://abb_irb140_support/meshes/irb140/visual/link_4.stl"., at ./src/rviz_rendering/mesh_loader.cpp:114
1765064870.5994987 [moveit_setup_assistant-1] [rviz_rendering:error] Could not load resource [package://abb_irb140_support/meshes/irb140/visual/link_4.stl]: Unable to open file "package://abb_irb140_support/meshes/irb140/visual/link_4.stl"., at ./src/rviz_rendering/mesh_loader.cpp:114
1765064870.5995770 [moveit_setup_assistant-1] [rviz_rendering:error] Could not load resource [package://abb_irb140_support/meshes/irb140/collision/link_4.stl]: Unable to open file "package://abb_irb140_support/meshes/irb140/collision/link_4.stl"., at ./src/rviz_rendering/mesh_loader.cpp:114
1765064870.5998013 [moveit_setup_assistant-1] [rviz_rendering:error] Could not load resource [package://abb_irb140_support/meshes/irb140/collision/link_4.stl]: Unable to open file "package://abb_irb140_support/meshes/irb140/collision/link_4.stl"., at ./src/rviz_rendering/mesh_loader.cpp:114
1765064870.5999858 [moveit_setup_assistant-1] [rviz_rendering:error] Could not load resource [package://abb_irb140_support/meshes/irb140/visual/link_5.stl]: Unable to open file "package://abb_irb140_support/meshes/irb140/visual/link_5.stl"., at ./src/rviz_rendering/mesh_loader.cpp:114
1765064870.6000686 [moveit_setup_assistant-1] [rviz_rendering:error] Could not load resource [package://abb_irb140_support/meshes/irb140/visual/link_5.stl]: Unable to open file "package://abb_irb140_support/meshes/irb140/visual/link_5.stl"., at ./src/rviz_rendering/mesh_loader.cpp:114
1765064870.6002409 [moveit_setup_assistant-1] [rviz_rendering:error] Could not load resource [package://abb_irb140_support/meshes/irb140/collision/link_5.stl]: Unable to open file "package://abb_irb140_support/meshes/irb140/collision/link_5.stl"., at ./src/rviz_rendering/mesh_loader.cpp:114
1765064870.6003294 [moveit_setup_assistant-1] [rviz_rendering:error] Could not load resource [package://abb_irb140_support/meshes/irb140/collision/link_5.stl]: Unable to open file "package://abb_irb140_support/meshes/irb140/collision/link_5.stl"., at ./src/rviz_rendering/mesh_loader.cpp:114
1765064870.6005161 [moveit_setup_assistant-1] [rviz_rendering:error] Could not load resource [package://abb_irb140_support/meshes/irb140/visual/link_6.stl]: Unable to open file "package://abb_irb140_support/meshes/irb140/visual/link_6.stl"., at ./src/rviz_rendering/mesh_loader.cpp:114
1765064870.6006882 [moveit_setup_assistant-1] [rviz_rendering:error] Could not load resource [package://abb_irb140_support/meshes/irb140/visual/link_6.stl]: Unable to open file "package://abb_irb140_support/meshes/irb140/visual/link_6.stl"., at ./src/rviz_rendering/mesh_loader.cpp:114
1765064870.6008899 [moveit_setup_assistant-1] [rviz_rendering:error] Could not load resource [package://abb_irb140_support/meshes/irb140/collision/link_6.stl]: Unable to open file "package://abb_irb140_support/meshes/irb140/collision/link_6.stl"., at ./src/rviz_rendering/mesh_loader.cpp:114
1765064870.6009741 [moveit_setup_assistant-1] [rviz_rendering:error] Could not load resource [package://abb_irb140_support/meshes/irb140/collision/link_6.stl]: Unable to open file "package://abb_irb140_support/meshes/irb140/collision/link_6.stl"., at ./src/rviz_rendering/mesh_loader.cpp:114
1765064870.6033351 [moveit_setup_assistant-1] [INFO] [1765064870.602996451] [moveit_918801748.moveit.ros.rdf_loader]: Loaded robot model in 0.000994388 seconds
1765064870.6035161 [moveit_setup_assistant-1] [INFO] [1765064870.603061933] [moveit_918801748.moveit.core.robot_model]: Loading robot model 'abb_irb140'...
1765064870.6036072 [moveit_setup_assistant-1] [INFO] [1765064870.603083581] [moveit_918801748.moveit.core.robot_model]: No root/virtual joint specified in SRDF. Assuming fixed joint
1765064870.6040246 [moveit_setup_assistant-1] [rviz_common:debug] Load pixmap at package://rviz_default_plugins/icons/classes/RobotLink.png, at ./src/rviz_common/load_resource.cpp:71
1765064870.6040905 [moveit_setup_assistant-1] [rviz_common:debug] Load pixmap at package://rviz_default_plugins/icons/classes/RobotLinkNoGeom.png, at ./src/rviz_common/load_resource.cpp:71
1765064870.6041253 [moveit_setup_assistant-1] [rviz_common:debug] Load pixmap at package://rviz_default_plugins/icons/classes/RobotJoint.png, at ./src/rviz_common/load_resource.cpp:71
1765064870.6043255 [moveit_setup_assistant-1] Error:   Error retrieving file [file:///home/ubuntu/tfg_ws/install/abb_irb140_support/share/abb_irb140_support/meshes/irb140/collision/base_link.stl]: Couldn't open file /home/ubuntu/tfg_ws/install/abb_irb140_support/share/abb_irb140_support/meshes/irb140/collision/base_link.stl
1765064870.6044171 [moveit_setup_assistant-1]          at line 277 in ./src/mesh_operations.cpp
1765064870.6044924 [moveit_setup_assistant-1] [WARN] [1765064870.603335358] [moveit_918801748.moveit.core.robot_model]: Link base_link has visual geometry but no collision geometry. Collision geometry will be left empty. Fix your URDF file by explicitly specifying collision geometry.
1765064870.6045554 [moveit_setup_assistant-1] Error:   Error retrieving file [file:///home/ubuntu/tfg_ws/install/abb_irb140_support/share/abb_irb140_support/meshes/irb140/collision/link_1.stl]: Couldn't open file /home/ubuntu/tfg_ws/install/abb_irb140_support/share/abb_irb140_support/meshes/irb140/collision/link_1.stl
1765064870.6046183 [moveit_setup_assistant-1]          at line 277 in ./src/mesh_operations.cpp
1765064870.6046956 [moveit_setup_assistant-1] [WARN] [1765064870.603515914] [moveit_918801748.moveit.core.robot_model]: Link link_1 has visual geometry but no collision geometry. Collision geometry will be left empty. Fix your URDF file by explicitly specifying collision geometry.
1765064870.6047587 [moveit_setup_assistant-1] Error:   Error retrieving file [file:///home/ubuntu/tfg_ws/install/abb_irb140_support/share/abb_irb140_support/meshes/irb140/collision/link_2.stl]: Couldn't open file /home/ubuntu/tfg_ws/install/abb_irb140_support/share/abb_irb140_support/meshes/irb140/collision/link_2.stl
1765064870.6048112 [moveit_setup_assistant-1]          at line 277 in ./src/mesh_operations.cpp
1765064870.6048679 [moveit_setup_assistant-1] [WARN] [1765064870.603692043] [moveit_918801748.moveit.core.robot_model]: Link link_2 has visual geometry but no collision geometry. Collision geometry will be left empty. Fix your URDF file by explicitly specifying collision geometry.
1765064870.6051652 [moveit_setup_assistant-1] Error:   Error retrieving file [file:///home/ubuntu/tfg_ws/install/abb_irb140_support/share/abb_irb140_support/meshes/irb140/collision/link_3.stl]: Couldn't open file /home/ubuntu/tfg_ws/install/abb_irb140_support/share/abb_irb140_support/meshes/irb140/collision/link_3.stl
1765064870.6052616 [moveit_setup_assistant-1]          at line 277 in ./src/mesh_operations.cpp
1765064870.6053402 [moveit_setup_assistant-1] [WARN] [1765064870.603863598] [moveit_918801748.moveit.core.robot_model]: Link link_3 has visual geometry but no collision geometry. Collision geometry will be left empty. Fix your URDF file by explicitly specifying collision geometry.
1765064870.6056290 [moveit_setup_assistant-1] Error:   Error retrieving file [file:///home/ubuntu/tfg_ws/install/abb_irb140_support/share/abb_irb140_support/meshes/irb140/collision/link_4.stl]: Couldn't open file /home/ubuntu/tfg_ws/install/abb_irb140_support/share/abb_irb140_support/meshes/irb140/collision/link_4.stl
1765064870.6057103 [moveit_setup_assistant-1]          at line 277 in ./src/mesh_operations.cpp
1765064870.6057742 [moveit_setup_assistant-1] [WARN] [1765064870.604021839] [moveit_918801748.moveit.core.robot_model]: Link link_4 has visual geometry but no collision geometry. Collision geometry will be left empty. Fix your URDF file by explicitly specifying collision geometry.
1765064870.6058316 [moveit_setup_assistant-1] Error:   Error retrieving file [file:///home/ubuntu/tfg_ws/install/abb_irb140_support/share/abb_irb140_support/meshes/irb140/collision/link_5.stl]: Couldn't open file /home/ubuntu/tfg_ws/install/abb_irb140_support/share/abb_irb140_support/meshes/irb140/collision/link_5.stl
1765064870.6059518 [moveit_setup_assistant-1]          at line 277 in ./src/mesh_operations.cpp
1765064870.6060534 [moveit_setup_assistant-1] [WARN] [1765064870.604174098] [moveit_918801748.moveit.core.robot_model]: Link link_5 has visual geometry but no collision geometry. Collision geometry will be left empty. Fix your URDF file by explicitly specifying collision geometry.
1765064870.6063421 [moveit_setup_assistant-1] Error:   Error retrieving file [file:///home/ubuntu/tfg_ws/install/abb_irb140_support/share/abb_irb140_support/meshes/irb140/collision/link_6.stl]: Couldn't open file /home/ubuntu/tfg_ws/install/abb_irb140_support/share/abb_irb140_support/meshes/irb140/collision/link_6.stl
1765064870.6064374 [moveit_setup_assistant-1]          at line 277 in ./src/mesh_operations.cpp
1765064870.6065044 [moveit_setup_assistant-1] [WARN] [1765064870.604337338] [moveit_918801748.moveit.core.robot_model]: Link link_6 has visual geometry but no collision geometry. Collision geometry will be left empty. Fix your URDF file by explicitly specifying collision geometry.
1765064870.6065612 [moveit_setup_assistant-1] [WARN] [1765064870.604425486] [moveit_918801748.moveit.core.robot_model]: No geometry is associated to any robot links
1765064870.6066542 [moveit_setup_assistant-1] [rviz_rendering:error] Could not load resource [package://abb_irb140_support/meshes/irb140/visual/base_link.stl]: Unable to open file "package://abb_irb140_support/meshes/irb140/visual/base_link.stl"., at ./src/rviz_rendering/mesh_loader.cpp:114
1765064870.6067531 [moveit_setup_assistant-1] [rviz_rendering:error] Could not load resource [package://abb_irb140_support/meshes/irb140/visual/base_link.stl]: Unable to open file "package://abb_irb140_support/meshes/irb140/visual/base_link.stl"., at ./src/rviz_rendering/mesh_loader.cpp:114
1765064870.6070237 [moveit_setup_assistant-1] [rviz_rendering:error] Could not load resource [package://abb_irb140_support/meshes/irb140/collision/base_link.stl]: Unable to open file "package://abb_irb140_support/meshes/irb140/collision/base_link.stl"., at ./src/rviz_rendering/mesh_loader.cpp:114
1765064870.6071196 [moveit_setup_assistant-1] [rviz_rendering:error] Could not load resource [package://abb_irb140_support/meshes/irb140/collision/base_link.stl]: Unable to open file "package://abb_irb140_support/meshes/irb140/collision/base_link.stl"., at ./src/rviz_rendering/mesh_loader.cpp:114
1765064870.6073558 [moveit_setup_assistant-1] [rviz_rendering:error] Could not load resource [package://abb_irb140_support/meshes/irb140/visual/link_1.stl]: Unable to open file "package://abb_irb140_support/meshes/irb140/visual/link_1.stl"., at ./src/rviz_rendering/mesh_loader.cpp:114
1765064870.6077189 [moveit_setup_assistant-1] [rviz_rendering:error] Could not load resource [package://abb_irb140_support/meshes/irb140/visual/link_1.stl]: Unable to open file "package://abb_irb140_support/meshes/irb140/visual/link_1.stl"., at ./src/rviz_rendering/mesh_loader.cpp:114
1765064870.6078112 [moveit_setup_assistant-1] [rviz_rendering:error] Could not load resource [package://abb_irb140_support/meshes/irb140/collision/link_1.stl]: Unable to open file "package://abb_irb140_support/meshes/irb140/collision/link_1.stl"., at ./src/rviz_rendering/mesh_loader.cpp:114
1765064870.6078901 [moveit_setup_assistant-1] [rviz_rendering:error] Could not load resource [package://abb_irb140_support/meshes/irb140/collision/link_1.stl]: Unable to open file "package://abb_irb140_support/meshes/irb140/collision/link_1.stl"., at ./src/rviz_rendering/mesh_loader.cpp:114
1765064870.6079493 [moveit_setup_assistant-1] [rviz_rendering:error] Could not load resource [package://abb_irb140_support/meshes/irb140/visual/link_2.stl]: Unable to open file "package://abb_irb140_support/meshes/irb140/visual/link_2.stl"., at ./src/rviz_rendering/mesh_loader.cpp:114
1765064870.6081972 [moveit_setup_assistant-1] [rviz_rendering:error] Could not load resource [package://abb_irb140_support/meshes/irb140/visual/link_2.stl]: Unable to open file "package://abb_irb140_support/meshes/irb140/visual/link_2.stl"., at ./src/rviz_rendering/mesh_loader.cpp:114
1765064870.6082981 [moveit_setup_assistant-1] [rviz_rendering:error] Could not load resource [package://abb_irb140_support/meshes/irb140/collision/link_2.stl]: Unable to open file "package://abb_irb140_support/meshes/irb140/collision/link_2.stl"., at ./src/rviz_rendering/mesh_loader.cpp:114
1765064870.6083660 [moveit_setup_assistant-1] [rviz_rendering:error] Could not load resource [package://abb_irb140_support/meshes/irb140/collision/link_2.stl]: Unable to open file "package://abb_irb140_support/meshes/irb140/collision/link_2.stl"., at ./src/rviz_rendering/mesh_loader.cpp:114
1765064870.6084306 [moveit_setup_assistant-1] [rviz_rendering:error] Could not load resource [package://abb_irb140_support/meshes/irb140/visual/link_3.stl]: Unable to open file "package://abb_irb140_support/meshes/irb140/visual/link_3.stl"., at ./src/rviz_rendering/mesh_loader.cpp:114
1765064870.6086893 [moveit_setup_assistant-1] [rviz_rendering:error] Could not load resource [package://abb_irb140_support/meshes/irb140/visual/link_3.stl]: Unable to open file "package://abb_irb140_support/meshes/irb140/visual/link_3.stl"., at ./src/rviz_rendering/mesh_loader.cpp:114
1765064870.6087801 [moveit_setup_assistant-1] [rviz_rendering:error] Could not load resource [package://abb_irb140_support/meshes/irb140/collision/link_3.stl]: Unable to open file "package://abb_irb140_support/meshes/irb140/collision/link_3.stl"., at ./src/rviz_rendering/mesh_loader.cpp:114
1765064870.6090295 [moveit_setup_assistant-1] [rviz_rendering:error] Could not load resource [package://abb_irb140_support/meshes/irb140/collision/link_3.stl]: Unable to open file "package://abb_irb140_support/meshes/irb140/collision/link_3.stl"., at ./src/rviz_rendering/mesh_loader.cpp:114
1765064870.6093481 [moveit_setup_assistant-1] [rviz_rendering:error] Could not load resource [package://abb_irb140_support/meshes/irb140/visual/link_4.stl]: Unable to open file "package://abb_irb140_support/meshes/irb140/visual/link_4.stl"., at ./src/rviz_rendering/mesh_loader.cpp:114
1765064870.6095936 [moveit_setup_assistant-1] [rviz_rendering:error] Could not load resource [package://abb_irb140_support/meshes/irb140/visual/link_4.stl]: Unable to open file "package://abb_irb140_support/meshes/irb140/visual/link_4.stl"., at ./src/rviz_rendering/mesh_loader.cpp:114
1765064870.6096890 [moveit_setup_assistant-1] [rviz_rendering:error] Could not load resource [package://abb_irb140_support/meshes/irb140/collision/link_4.stl]: Unable to open file "package://abb_irb140_support/meshes/irb140/collision/link_4.stl"., at ./src/rviz_rendering/mesh_loader.cpp:114
1765064870.6097510 [moveit_setup_assistant-1] [rviz_rendering:error] Could not load resource [package://abb_irb140_support/meshes/irb140/collision/link_4.stl]: Unable to open file "package://abb_irb140_support/meshes/irb140/collision/link_4.stl"., at ./src/rviz_rendering/mesh_loader.cpp:114
1765064870.6099119 [moveit_setup_assistant-1] [rviz_rendering:error] Could not load resource [package://abb_irb140_support/meshes/irb140/visual/link_5.stl]: Unable to open file "package://abb_irb140_support/meshes/irb140/visual/link_5.stl"., at ./src/rviz_rendering/mesh_loader.cpp:114
1765064870.6099908 [moveit_setup_assistant-1] [rviz_rendering:error] Could not load resource [package://abb_irb140_support/meshes/irb140/visual/link_5.stl]: Unable to open file "package://abb_irb140_support/meshes/irb140/visual/link_5.stl"., at ./src/rviz_rendering/mesh_loader.cpp:114
1765064870.6100562 [moveit_setup_assistant-1] [rviz_rendering:error] Could not load resource [package://abb_irb140_support/meshes/irb140/collision/link_5.stl]: Unable to open file "package://abb_irb140_support/meshes/irb140/collision/link_5.stl"., at ./src/rviz_rendering/mesh_loader.cpp:114
1765064870.6102204 [moveit_setup_assistant-1] [rviz_rendering:error] Could not load resource [package://abb_irb140_support/meshes/irb140/collision/link_5.stl]: Unable to open file "package://abb_irb140_support/meshes/irb140/collision/link_5.stl"., at ./src/rviz_rendering/mesh_loader.cpp:114
1765064870.6103313 [moveit_setup_assistant-1] [rviz_rendering:error] Could not load resource [package://abb_irb140_support/meshes/irb140/visual/link_6.stl]: Unable to open file "package://abb_irb140_support/meshes/irb140/visual/link_6.stl"., at ./src/rviz_rendering/mesh_loader.cpp:114
1765064870.6105309 [moveit_setup_assistant-1] [rviz_rendering:error] Could not load resource [package://abb_irb140_support/meshes/irb140/visual/link_6.stl]: Unable to open file "package://abb_irb140_support/meshes/irb140/visual/link_6.stl"., at ./src/rviz_rendering/mesh_loader.cpp:114
1765064870.6106532 [moveit_setup_assistant-1] [rviz_rendering:error] Could not load resource [package://abb_irb140_support/meshes/irb140/collision/link_6.stl]: Unable to open file "package://abb_irb140_support/meshes/irb140/collision/link_6.stl"., at ./src/rviz_rendering/mesh_loader.cpp:114
1765064870.6111989 [moveit_setup_assistant-1] [rviz_rendering:error] Could not load resource [package://abb_irb140_support/meshes/irb140/collision/link_6.stl]: Unable to open file "package://abb_irb140_support/meshes/irb140/collision/link_6.stl"., at ./src/rviz_rendering/mesh_loader.cpp:114
1765064870.6270902 [moveit_setup_assistant-1] Stack trace (most recent call last):
1765064870.6322391 [moveit_setup_assistant-1] #31   Object "/usr/lib/aarch64-linux-gnu/libglib-2.0.so.0.8000.0", at 0xffffa5f937a7, in 
1765064870.6326945 [moveit_setup_assistant-1] #30   Object "/usr/lib/aarch64-linux-gnu/libglib-2.0.so.0.8000.0", at 0xffffa5f318ab, in 
1765064870.6330650 [moveit_setup_assistant-1] #29   Object "/usr/lib/aarch64-linux-gnu/libQt5XcbQpa.so.5.15.13", at 0xffff94173c7b, in 
1765064870.6344213 [moveit_setup_assistant-1] #28   Object "/usr/lib/aarch64-linux-gnu/libQt5Gui.so.5.15.13", at 0xffffa84aa67f, in QWindowSystemInterface::sendWindowSystemEvents(QFlags<QEventLoop::ProcessEventsFlag>)
1765064870.6351357 [moveit_setup_assistant-1] #27   Object "/usr/lib/aarch64-linux-gnu/libQt5Gui.so.5.15.13", at 0xffffa84d7597, in QGuiApplicationPrivate::processMouseEvent(QWindowSystemInterfacePrivate::MouseEvent*)
1765064870.6361341 [moveit_setup_assistant-1] #26   Object "/usr/lib/aarch64-linux-gnu/libQt5Core.so.5.15.13", at 0xffffa80cc47f, in QCoreApplication::notifyInternal2(QObject*, QEvent*)
1765064870.6375768 [moveit_setup_assistant-1] #25   Object "/usr/lib/aarch64-linux-gnu/libQt5Widgets.so.5.15.13", at 0xffffa8bd2aa7, in QApplicationPrivate::notify_helper(QObject*, QEvent*)
1765064870.6381726 [moveit_setup_assistant-1] #24   Object "/usr/lib/aarch64-linux-gnu/libQt5Widgets.so.5.15.13", at 0xffffa8c3837b, in 
1765064870.6387141 [moveit_setup_assistant-1] #23   Object "/usr/lib/aarch64-linux-gnu/libQt5Widgets.so.5.15.13", at 0xffffa8c3550f, in 
1765064870.6392388 [moveit_setup_assistant-1] #22   Object "/usr/lib/aarch64-linux-gnu/libQt5Widgets.so.5.15.13", at 0xffffa8bd9bef, in QApplicationPrivate::sendMouseEvent(QWidget*, QMouseEvent*, QWidget*, QWidget*, QWidget**, QPointer<QWidget>&, bool, bool)
1765064870.6398976 [moveit_setup_assistant-1] #21   Object "/usr/lib/aarch64-linux-gnu/libQt5Core.so.5.15.13", at 0xffffa80cc47f, in QCoreApplication::notifyInternal2(QObject*, QEvent*)
1765064870.6405325 [moveit_setup_assistant-1] #20   Object "/usr/lib/aarch64-linux-gnu/libQt5Widgets.so.5.15.13", at 0xffffa8bda97b, in QApplication::notify(QObject*, QEvent*)
1765064870.6410778 [moveit_setup_assistant-1] #19   Object "/usr/lib/aarch64-linux-gnu/libQt5Widgets.so.5.15.13", at 0xffffa8bd2aa7, in QApplicationPrivate::notify_helper(QObject*, QEvent*)
1765064870.6416552 [moveit_setup_assistant-1] #18   Object "/usr/lib/aarch64-linux-gnu/libQt5Widgets.so.5.15.13", at 0xffffa8c1a42b, in QWidget::event(QEvent*)
1765064870.6422179 [moveit_setup_assistant-1] #17   Object "/usr/lib/aarch64-linux-gnu/libQt5Widgets.so.5.15.13", at 0xffffa8cc821b, in QAbstractButton::mouseReleaseEvent(QMouseEvent*)
1765064870.6427953 [moveit_setup_assistant-1] #16   Object "/usr/lib/aarch64-linux-gnu/libQt5Widgets.so.5.15.13", at 0xffffa8cc7f77, in 
1765064870.6435483 [moveit_setup_assistant-1] #15   Object "/usr/lib/aarch64-linux-gnu/libQt5Widgets.so.5.15.13", at 0xffffa8cc616b, in 
1765064870.6441307 [moveit_setup_assistant-1] #14   Object "/usr/lib/aarch64-linux-gnu/libQt5Widgets.so.5.15.13", at 0xffffa8cc5e83, in QAbstractButton::clicked(bool)
1765064870.6448364 [moveit_setup_assistant-1] #13   Object "/usr/lib/aarch64-linux-gnu/libQt5Core.so.5.15.13", at 0xffffa8110577, in 
1765064870.6450980 [moveit_setup_assistant-1] #12   Object "/opt/ros/jazzy/lib/libmoveit_setup_core_plugins.so", at 0xffff8d4c548b, in moveit_setup::core::StartScreenWidget::loadFilesClick()
1765064870.6451800 [moveit_setup_assistant-1] #11   Object "/opt/ros/jazzy/lib/libmoveit_setup_core_plugins.so", at 0xffff8d4c50a3, in moveit_setup::core::StartScreenWidget::loadNewFiles()
1765064870.6454854 [moveit_setup_assistant-1] #10   Object "/usr/lib/aarch64-linux-gnu/libQt5Core.so.5.15.13", at 0xffffa8137c8b, in QEventDispatcherGlib::processEvents(QFlags<QEventLoop::ProcessEventsFlag>)
1765064870.6457541 [moveit_setup_assistant-1] #9    Object "/usr/lib/aarch64-linux-gnu/libglib-2.0.so.0.8000.0", at 0xffffa5f30b67, in g_main_context_iteration
1765064870.6459782 [moveit_setup_assistant-1] #8    Object "/usr/lib/aarch64-linux-gnu/libglib-2.0.so.0.8000.0", at 0xffffa5f937a7, in 
1765064870.6462061 [moveit_setup_assistant-1] #7    Object "/usr/lib/aarch64-linux-gnu/libglib-2.0.so.0.8000.0", at 0xffffa5f318ab, in 
1765064870.6464219 [moveit_setup_assistant-1] #6    Object "/usr/lib/aarch64-linux-gnu/libQt5Core.so.5.15.13", at 0xffffa813880b, in 
1765064870.6466801 [moveit_setup_assistant-1] #5    Object "/usr/lib/aarch64-linux-gnu/libQt5Core.so.5.15.13", at 0xffffa80d033f, in QCoreApplicationPrivate::sendPostedEvents(QObject*, int, QThreadData*)
1765064870.6469378 [moveit_setup_assistant-1] #4    Object "/usr/lib/aarch64-linux-gnu/libQt5Core.so.5.15.13", at 0xffffa80cc47f, in QCoreApplication::notifyInternal2(QObject*, QEvent*)
1765064870.6479576 [moveit_setup_assistant-1] #3    Object "/usr/lib/aarch64-linux-gnu/libQt5Widgets.so.5.15.13", at 0xffffa8bd2aa7, in QApplicationPrivate::notify_helper(QObject*, QEvent*)
1765064870.6484048 [moveit_setup_assistant-1] #2    Object "/usr/lib/aarch64-linux-gnu/libQt5Core.so.5.15.13", at 0xffffa8102aff, in QObject::event(QEvent*)
1765064870.6489894 [moveit_setup_assistant-1] #1    Object "/opt/ros/jazzy/lib/librviz_common.so", at 0xffffa947d777, in rviz_common::properties::PropertyTreeModel::propertyHiddenChanged(rviz_common::properties::Property const*)
1765064870.6494019 [moveit_setup_assistant-1] #0    Object "/usr/lib/aarch64-linux-gnu/libQt5Core.so.5.15.13", at 0xffffa810feac, in 
1765064870.6495960 [moveit_setup_assistant-1] Segmentation fault (Address not mapped to object [0x27])
1765064871.8700793 [ERROR] [moveit_setup_assistant-1]: process has died [pid 16188, exit code -11, cmd '/opt/ros/jazzy/lib/moveit_setup_assistant/moveit_setup_assistant --ros-args'].
