[0.032s] Invoking command in '/home/ubuntu/tfg_ws/build/abb_libegm': CMAKE_PREFIX_PATH=${CMAKE_PREFIX_PATH}:/opt/ros/jazzy /usr/bin/cmake --build /home/ubuntu/tfg_ws/build/abb_libegm -- -j4 -l4
[0.243s] [100%] Built target abb_libegm
[0.293s] Invoked command in '/home/ubuntu/tfg_ws/build/abb_libegm' returned '0': CMAKE_PREFIX_PATH=${CMAKE_PREFIX_PATH}:/opt/ros/jazzy /usr/bin/cmake --build /home/ubuntu/tfg_ws/build/abb_libegm -- -j4 -l4
[0.295s] Invoking command in '/home/ubuntu/tfg_ws/build/abb_libegm': CMAKE_PREFIX_PATH=${CMAKE_PREFIX_PATH}:/opt/ros/jazzy /usr/bin/cmake --install /home/ubuntu/tfg_ws/build/abb_libegm
[0.314s] -- Install configuration: ""
[0.314s] -- Up-to-date: /home/ubuntu/tfg_ws/install/abb_libegm/include
[0.315s] -- Up-to-date: /home/ubuntu/tfg_ws/install/abb_libegm/include/abb_libegm
[0.315s] -- Up-to-date: /home/ubuntu/tfg_ws/install/abb_libegm/include/abb_libegm/egm_base_interface.h
[0.315s] -- Up-to-date: /home/ubuntu/tfg_ws/install/abb_libegm/include/abb_libegm/egm_logger.h
[0.315s] -- Up-to-date: /home/ubuntu/tfg_ws/install/abb_libegm/include/abb_libegm/egm_udp_server.h
[0.315s] -- Up-to-date: /home/ubuntu/tfg_ws/install/abb_libegm/include/abb_libegm/egm_common_auxiliary.h
[0.317s] -- Up-to-date: /home/ubuntu/tfg_ws/install/abb_libegm/include/abb_libegm/egm_controller_interface.h
[0.317s] -- Up-to-date: /home/ubuntu/tfg_ws/install/abb_libegm/include/abb_libegm/egm_interpolator.h
[0.317s] -- Up-to-date: /home/ubuntu/tfg_ws/install/abb_libegm/include/abb_libegm/egm_trajectory_interface.h
[0.318s] -- Up-to-date: /home/ubuntu/tfg_ws/install/abb_libegm/include/abb_libegm/egm_common.h
[0.318s] -- Up-to-date: /home/ubuntu/tfg_ws/install/abb_libegm/include/abb_libegm/egm.proto
[0.318s] -- Up-to-date: /home/ubuntu/tfg_ws/install/abb_libegm/include/abb_libegm/egm_wrapper.proto
[0.318s] -- Up-to-date: /home/ubuntu/tfg_ws/install/abb_libegm/include/abb_libegm/egm_wrapper_trajectory.proto
[0.318s] -- Up-to-date: /home/ubuntu/tfg_ws/install/abb_libegm/include/abb_libegm/egm.pb.h
[0.318s] -- Up-to-date: /home/ubuntu/tfg_ws/install/abb_libegm/include/abb_libegm/egm_wrapper.pb.h
[0.318s] -- Up-to-date: /home/ubuntu/tfg_ws/install/abb_libegm/include/abb_libegm/egm_wrapper_trajectory.pb.h
[0.318s] -- Up-to-date: /home/ubuntu/tfg_ws/install/abb_libegm/include/abb_libegm/abb_libegm_export.h
[0.319s] -- Up-to-date: /home/ubuntu/tfg_ws/install/abb_libegm/lib/libabb_libegm.so
[0.319s] -- Up-to-date: /home/ubuntu/tfg_ws/install/abb_libegm/share/abb_libegm/abb_libegmConfig.cmake
[0.321s] -- Up-to-date: /home/ubuntu/tfg_ws/install/abb_libegm/share/abb_libegm/abb_libegmConfigVersion.cmake
[0.321s] -- Up-to-date: /home/ubuntu/tfg_ws/install/abb_libegm/share/abb_libegm/package.xml
[0.322s] -- Up-to-date: /home/ubuntu/tfg_ws/install/abb_libegm/share/abb_libegm/abb_libegmTargets.cmake
[0.322s] -- Up-to-date: /home/ubuntu/tfg_ws/install/abb_libegm/share/abb_libegm/abb_libegmTargets-noconfig.cmake
[0.328s] Invoked command in '/home/ubuntu/tfg_ws/build/abb_libegm' returned '0': CMAKE_PREFIX_PATH=${CMAKE_PREFIX_PATH}:/opt/ros/jazzy /usr/bin/cmake --install /home/ubuntu/tfg_ws/build/abb_libegm
