-- Searching for Poco library...
--   Found Poco!
-- components found: Foundation, Net, Util, XML.
-- Performing Test COMPILER_HAS_HIDDEN_VISIBILITY
-- Performing Test COMPILER_HAS_HIDDEN_VISIBILITY - Success
-- Performing Test COMPILER_HAS_HIDDEN_INLINE_VISIBILITY
-- Performing Test COMPILER_HAS_HIDDEN_INLINE_VISIBILITY - Success
-- Performing Test COMPILER_HAS_DEPRECATED_ATTR
-- Performing Test COMPILER_HAS_DEPRECATED_ATTR - Success
-- Configuring done (0.6s)
-- Generating done (0.0s)
-- Build files have been written to: /home/ubuntu/tfg_ws/build/abb_librws
[ 57%] [32mBuilding CXX object CMakeFiles/abb_librws.dir/src/rws_interface.cpp.o[0m
[ 57%] [32mBuilding CXX object CMakeFiles/abb_librws.dir/src/rws_client.cpp.o[0m
[ 57%] [32mBuilding CXX object CMakeFiles/abb_librws.dir/src/rws_common.cpp.o[0m
[ 57%] [32mBuilding CXX object CMakeFiles/abb_librws.dir/src/rws_poco_client.cpp.o[0m
[ 71%] [32mBuilding CXX object CMakeFiles/abb_librws.dir/src/rws_rapid.cpp.o[0m
[ 85%] [32mBuilding CXX object CMakeFiles/abb_librws.dir/src/rws_state_machine_interface.cpp.o[0m
[100%] [32m[1mLinking CXX shared library libabb_librws.so[0m
[100%] Built target abb_librws
-- Install configuration: ""
-- Installing: /home/ubuntu/tfg_ws/install/abb_librws/include
-- Installing: /home/ubuntu/tfg_ws/install/abb_librws/include/abb_librws
-- Installing: /home/ubuntu/tfg_ws/install/abb_librws/include/abb_librws/rws_rapid.h
-- Installing: /home/ubuntu/tfg_ws/install/abb_librws/include/abb_librws/rws_poco_client.h
-- Installing: /home/ubuntu/tfg_ws/install/abb_librws/include/abb_librws/rws_common.h
-- Installing: /home/ubuntu/tfg_ws/install/abb_librws/include/abb_librws/rws_state_machine_interface.h
-- Installing: /home/ubuntu/tfg_ws/install/abb_librws/include/abb_librws/rws_cfg.h
-- Installing: /home/ubuntu/tfg_ws/install/abb_librws/include/abb_librws/rws_interface.h
-- Installing: /home/ubuntu/tfg_ws/install/abb_librws/include/abb_librws/rws_client.h
-- Installing: /home/ubuntu/tfg_ws/install/abb_librws/include/abb_librws/abb_librws_export.h
-- Installing: /home/ubuntu/tfg_ws/install/abb_librws/share/abb_librws/cmake
-- Installing: /home/ubuntu/tfg_ws/install/abb_librws/share/abb_librws/cmake/FindPoco.cmake
-- Installing: /home/ubuntu/tfg_ws/install/abb_librws/share/abb_librws/cmake/README.md
-- Installing: /home/ubuntu/tfg_ws/install/abb_librws/lib/libabb_librws.so
-- Installing: /home/ubuntu/tfg_ws/install/abb_librws/share/abb_librws/abb_librwsConfig.cmake
-- Installing: /home/ubuntu/tfg_ws/install/abb_librws/share/abb_librws/abb_librwsConfigVersion.cmake
-- Installing: /home/ubuntu/tfg_ws/install/abb_librws/share/abb_librws/package.xml
-- Installing: /home/ubuntu/tfg_ws/install/abb_librws/share/abb_librws/abb_librwsTargets.cmake
-- Installing: /home/ubuntu/tfg_ws/install/abb_librws/share/abb_librws/abb_librwsTargets-noconfig.cmake
