-- Found ament_cmake: 2.5.4 (/opt/ros/jazzy/share/ament_cmake/cmake)
-- Override CMake install command with custom implementation using symlinks instead of copying resources
-- Performing Test CMAKE_HAVE_LIBC_PTHREAD
-- Performing Test CMAKE_HAVE_LIBC_PTHREAD - Success
-- Found Threads: TRUE  
-- Found Boost: /usr/lib/aarch64-linux-gnu/cmake/Boost-1.83.0/BoostConfig.cmake (found version "1.83.0") found components: regex system thread 
-- Searching for Poco library...
--   Found Poco!
-- components found: Foundation, Net, Util, XML.
-- Found Protobuf: /usr/lib/aarch64-linux-gnu/libprotobuf.so (found version "3.21.12") 
-- Found hardware_interface: 4.39.2 (/opt/ros/jazzy/share/hardware_interface/cmake)
-- Found rosidl_generator_c: 4.6.6 (/opt/ros/jazzy/share/rosidl_generator_c/cmake)
-- Found rosidl_generator_cpp: 4.6.6 (/opt/ros/jazzy/share/rosidl_generator_cpp/cmake)
-- Using all available rosidl_typesupport_c: rosidl_typesupport_fastrtps_c;rosidl_typesupport_introspection_c
-- Using all available rosidl_typesupport_cpp: rosidl_typesupport_fastrtps_cpp;rosidl_typesupport_introspection_cpp
-- Found TinyXML2 via Config file: /usr/lib/aarch64-linux-gnu/cmake/tinyxml2
-- Found rmw_implementation_cmake: 7.3.2 (/opt/ros/jazzy/share/rmw_implementation_cmake/cmake)
-- Found rmw_fastrtps_cpp: 8.4.3 (/opt/ros/jazzy/share/rmw_fastrtps_cpp/cmake)
-- Found TinyXML2 via Config file: /usr/lib/aarch64-linux-gnu/cmake/tinyxml2
-- Found OpenSSL: /usr/lib/aarch64-linux-gnu/libcrypto.so (found version "3.0.13")  
-- Found TinyXML2 via Config file: /usr/lib/aarch64-linux-gnu/cmake/tinyxml2
-- Found FastRTPS: /opt/ros/jazzy/include (Required is at least version "2.13") 
-- Found TinyXML2 via Config file: /usr/lib/aarch64-linux-gnu/cmake/tinyxml2
-- Found TinyXML2 via Config file: /usr/lib/aarch64-linux-gnu/cmake/tinyxml2
-- Using RMW implementation 'rmw_fastrtps_cpp' as default
-- Found ament_lint_auto: 0.17.3 (/opt/ros/jazzy/share/ament_lint_auto/cmake)
-- Configuring done (1.9s)
-- Generating done (0.1s)
-- Build files have been written to: /home/ubuntu/tfg_ws/build/abb_hardware_interface
[ 66%] [32mBuilding CXX object CMakeFiles/abb_hardware_interface.dir/src/abb_hardware_interface.cpp.o[0m
[ 66%] [32mBuilding CXX object CMakeFiles/abb_hardware_interface.dir/src/utilities.cpp.o[0m
[100%] [32m[1mLinking CXX shared library libabb_hardware_interface.so[0m
[100%] Built target abb_hardware_interface
-- Install configuration: ""
-- Execute custom install script
-- Symlinking: /home/ubuntu/tfg_ws/install/abb_hardware_interface/share/abb_hardware_interface//abb_hardware_interface.xml
-- Symlinking: /home/ubuntu/tfg_ws/install/abb_hardware_interface/lib/libabb_hardware_interface.so
-- Symlinking: /home/ubuntu/tfg_ws/install/abb_hardware_interface/include/abb_hardware_interface/abb_hardware_interface.hpp
-- Symlinking: /home/ubuntu/tfg_ws/install/abb_hardware_interface/include/abb_hardware_interface/utilities.hpp
-- Symlinking: /home/ubuntu/tfg_ws/install/abb_hardware_interface/include/abb_hardware_interface/visibility_control.h
-- Symlinking: /home/ubuntu/tfg_ws/install/abb_hardware_interface/share/abb_hardware_interface/environment/library_path.sh
-- Symlinking: /home/ubuntu/tfg_ws/install/abb_hardware_interface/share/abb_hardware_interface/environment/library_path.dsv
-- Symlinking: /home/ubuntu/tfg_ws/install/abb_hardware_interface/share/ament_index/resource_index/package_run_dependencies/abb_hardware_interface
-- Symlinking: /home/ubuntu/tfg_ws/install/abb_hardware_interface/share/ament_index/resource_index/parent_prefix_path/abb_hardware_interface
-- Symlinking: /home/ubuntu/tfg_ws/install/abb_hardware_interface/share/abb_hardware_interface/environment/ament_prefix_path.sh
-- Symlinking: /home/ubuntu/tfg_ws/install/abb_hardware_interface/share/abb_hardware_interface/environment/ament_prefix_path.dsv
-- Symlinking: /home/ubuntu/tfg_ws/install/abb_hardware_interface/share/abb_hardware_interface/environment/path.sh
-- Symlinking: /home/ubuntu/tfg_ws/install/abb_hardware_interface/share/abb_hardware_interface/environment/path.dsv
-- Symlinking: /home/ubuntu/tfg_ws/install/abb_hardware_interface/share/abb_hardware_interface/local_setup.bash
-- Symlinking: /home/ubuntu/tfg_ws/install/abb_hardware_interface/share/abb_hardware_interface/local_setup.sh
-- Symlinking: /home/ubuntu/tfg_ws/install/abb_hardware_interface/share/abb_hardware_interface/local_setup.zsh
-- Symlinking: /home/ubuntu/tfg_ws/install/abb_hardware_interface/share/abb_hardware_interface/local_setup.dsv
-- Symlinking: /home/ubuntu/tfg_ws/install/abb_hardware_interface/share/abb_hardware_interface/package.dsv
-- Symlinking: /home/ubuntu/tfg_ws/install/abb_hardware_interface/share/ament_index/resource_index/packages/abb_hardware_interface
-- Symlinking: /home/ubuntu/tfg_ws/install/abb_hardware_interface/share/ament_index/resource_index/hardware_interface__pluginlib__plugin/abb_hardware_interface
-- Symlinking: /home/ubuntu/tfg_ws/install/abb_hardware_interface/share/abb_hardware_interface/cmake/ament_cmake_export_include_directories-extras.cmake
-- Symlinking: /home/ubuntu/tfg_ws/install/abb_hardware_interface/share/abb_hardware_interface/cmake/ament_cmake_export_libraries-extras.cmake
-- Symlinking: /home/ubuntu/tfg_ws/install/abb_hardware_interface/share/abb_hardware_interface/cmake/ament_cmake_export_dependencies-extras.cmake
-- Symlinking: /home/ubuntu/tfg_ws/install/abb_hardware_interface/share/abb_hardware_interface/cmake/abb_hardware_interfaceConfig.cmake
-- Symlinking: /home/ubuntu/tfg_ws/install/abb_hardware_interface/share/abb_hardware_interface/cmake/abb_hardware_interfaceConfig-version.cmake
-- Symlinking: /home/ubuntu/tfg_ws/install/abb_hardware_interface/share/abb_hardware_interface/package.xml
