[0.018s] Invoking command in '/home/ubuntu/tfg_ws/build/abb_hardware_interface': CMAKE_MODULE_PATH=/home/ubuntu/tfg_ws/install/abb_librws/share/abb_librws/cmake CMAKE_PREFIX_PATH=/home/ubuntu/tfg_ws/install/abb_egm_rws_managers:/home/ubuntu/tfg_ws/install/abb_librws:/home/ubuntu/tfg_ws/install/abb_libegm:/opt/ros/jazzy/opt/sdformat_vendor:/opt/ros/jazzy/opt/gz_math_vendor:/opt/ros/jazzy/opt/gz_utils_vendor:/opt/ros/jazzy/opt/gz_tools_vendor:/opt/ros/jazzy/opt/gz_cmake_vendor:/opt/ros/jazzy LD_LIBRARY_PATH=/home/ubuntu/tfg_ws/install/abb_egm_rws_managers/lib:/home/ubuntu/tfg_ws/install/abb_librws/lib:/home/ubuntu/tfg_ws/install/abb_libegm/lib:${LD_LIBRARY_PATH} PKG_CONFIG_PATH=/home/ubuntu/tfg_ws/install/abb_egm_rws_managers/lib/aarch64-linux-gnu/pkgconfig:/home/ubuntu/tfg_ws/install/abb_egm_rws_managers/lib/pkgconfig:/home/ubuntu/tfg_ws/install/abb_librws/lib/aarch64-linux-gnu/pkgconfig:/home/ubuntu/tfg_ws/install/abb_librws/lib/pkgconfig:/home/ubuntu/tfg_ws/install/abb_libegm/lib/aarch64-linux-gnu/pkgconfig:/home/ubuntu/tfg_ws/install/abb_libegm/lib/pkgconfig /usr/bin/cmake /home/ubuntu/tfg_ws/src/abb_ros2/abb_hardware_interface -DAMENT_CMAKE_SYMLINK_INSTALL=1 -DCMAKE_INSTALL_PREFIX=/home/ubuntu/tfg_ws/install/abb_hardware_interface
[0.042s] -- Found ament_cmake: 2.5.4 (/opt/ros/jazzy/share/ament_cmake/cmake)
[0.372s] -- Override CMake install command with custom implementation using symlinks instead of copying resources
[0.384s] -- Performing Test CMAKE_HAVE_LIBC_PTHREAD
[0.547s] -- Performing Test CMAKE_HAVE_LIBC_PTHREAD - Success
[0.548s] -- Found Threads: TRUE  
[0.583s] -- Found Boost: /usr/lib/aarch64-linux-gnu/cmake/Boost-1.83.0/BoostConfig.cmake (found version "1.83.0") found components: regex system thread 
[0.586s] -- Searching for Poco library...
[0.601s] --   Found Poco!
[0.602s] -- components found: Foundation, Net, Util, XML.
[0.622s] -- Found Protobuf: /usr/lib/aarch64-linux-gnu/libprotobuf.so (found version "3.21.12") 
[0.629s] -- Found hardware_interface: 4.39.2 (/opt/ros/jazzy/share/hardware_interface/cmake)
[0.698s] -- Found rosidl_generator_c: 4.6.6 (/opt/ros/jazzy/share/rosidl_generator_c/cmake)
[0.720s] -- Found rosidl_generator_cpp: 4.6.6 (/opt/ros/jazzy/share/rosidl_generator_cpp/cmake)
[0.746s] -- Using all available rosidl_typesupport_c: rosidl_typesupport_fastrtps_c;rosidl_typesupport_introspection_c
[0.775s] -- Using all available rosidl_typesupport_cpp: rosidl_typesupport_fastrtps_cpp;rosidl_typesupport_introspection_cpp
[1.145s] -- Found TinyXML2 via Config file: /usr/lib/aarch64-linux-gnu/cmake/tinyxml2
[1.221s] -- Found rmw_implementation_cmake: 7.3.2 (/opt/ros/jazzy/share/rmw_implementation_cmake/cmake)
[1.227s] -- Found rmw_fastrtps_cpp: 8.4.3 (/opt/ros/jazzy/share/rmw_fastrtps_cpp/cmake)
[1.265s] -- Found TinyXML2 via Config file: /usr/lib/aarch64-linux-gnu/cmake/tinyxml2
[1.367s] -- Found OpenSSL: /usr/lib/aarch64-linux-gnu/libcrypto.so (found version "3.0.13")  
[1.372s] -- Found TinyXML2 via Config file: /usr/lib/aarch64-linux-gnu/cmake/tinyxml2
[1.394s] -- Found FastRTPS: /opt/ros/jazzy/include (Required is at least version "2.13") 
[1.399s] -- Found TinyXML2 via Config file: /usr/lib/aarch64-linux-gnu/cmake/tinyxml2
[1.413s] -- Found TinyXML2 via Config file: /usr/lib/aarch64-linux-gnu/cmake/tinyxml2
[1.430s] -- Using RMW implementation 'rmw_fastrtps_cpp' as default
[1.716s] -- Found ament_lint_auto: 0.17.3 (/opt/ros/jazzy/share/ament_lint_auto/cmake)
[1.895s] -- Configuring done (1.9s)
[1.971s] -- Generating done (0.1s)
[1.979s] -- Build files have been written to: /home/ubuntu/tfg_ws/build/abb_hardware_interface
[2.000s] Invoked command in '/home/ubuntu/tfg_ws/build/abb_hardware_interface' returned '0': CMAKE_MODULE_PATH=/home/ubuntu/tfg_ws/install/abb_librws/share/abb_librws/cmake CMAKE_PREFIX_PATH=/home/ubuntu/tfg_ws/install/abb_egm_rws_managers:/home/ubuntu/tfg_ws/install/abb_librws:/home/ubuntu/tfg_ws/install/abb_libegm:/opt/ros/jazzy/opt/sdformat_vendor:/opt/ros/jazzy/opt/gz_math_vendor:/opt/ros/jazzy/opt/gz_utils_vendor:/opt/ros/jazzy/opt/gz_tools_vendor:/opt/ros/jazzy/opt/gz_cmake_vendor:/opt/ros/jazzy LD_LIBRARY_PATH=/home/ubuntu/tfg_ws/install/abb_egm_rws_managers/lib:/home/ubuntu/tfg_ws/install/abb_librws/lib:/home/ubuntu/tfg_ws/install/abb_libegm/lib:${LD_LIBRARY_PATH} PKG_CONFIG_PATH=/home/ubuntu/tfg_ws/install/abb_egm_rws_managers/lib/aarch64-linux-gnu/pkgconfig:/home/ubuntu/tfg_ws/install/abb_egm_rws_managers/lib/pkgconfig:/home/ubuntu/tfg_ws/install/abb_librws/lib/aarch64-linux-gnu/pkgconfig:/home/ubuntu/tfg_ws/install/abb_librws/lib/pkgconfig:/home/ubuntu/tfg_ws/install/abb_libegm/lib/aarch64-linux-gnu/pkgconfig:/home/ubuntu/tfg_ws/install/abb_libegm/lib/pkgconfig /usr/bin/cmake /home/ubuntu/tfg_ws/src/abb_ros2/abb_hardware_interface -DAMENT_CMAKE_SYMLINK_INSTALL=1 -DCMAKE_INSTALL_PREFIX=/home/ubuntu/tfg_ws/install/abb_hardware_interface
[2.002s] Invoking command in '/home/ubuntu/tfg_ws/build/abb_hardware_interface': CMAKE_MODULE_PATH=/home/ubuntu/tfg_ws/install/abb_librws/share/abb_librws/cmake CMAKE_PREFIX_PATH=/home/ubuntu/tfg_ws/install/abb_egm_rws_managers:/home/ubuntu/tfg_ws/install/abb_librws:/home/ubuntu/tfg_ws/install/abb_libegm:/opt/ros/jazzy/opt/sdformat_vendor:/opt/ros/jazzy/opt/gz_math_vendor:/opt/ros/jazzy/opt/gz_utils_vendor:/opt/ros/jazzy/opt/gz_tools_vendor:/opt/ros/jazzy/opt/gz_cmake_vendor:/opt/ros/jazzy LD_LIBRARY_PATH=/home/ubuntu/tfg_ws/install/abb_egm_rws_managers/lib:/home/ubuntu/tfg_ws/install/abb_librws/lib:/home/ubuntu/tfg_ws/install/abb_libegm/lib:${LD_LIBRARY_PATH} PKG_CONFIG_PATH=/home/ubuntu/tfg_ws/install/abb_egm_rws_managers/lib/aarch64-linux-gnu/pkgconfig:/home/ubuntu/tfg_ws/install/abb_egm_rws_managers/lib/pkgconfig:/home/ubuntu/tfg_ws/install/abb_librws/lib/aarch64-linux-gnu/pkgconfig:/home/ubuntu/tfg_ws/install/abb_librws/lib/pkgconfig:/home/ubuntu/tfg_ws/install/abb_libegm/lib/aarch64-linux-gnu/pkgconfig:/home/ubuntu/tfg_ws/install/abb_libegm/lib/pkgconfig /usr/bin/cmake --build /home/ubuntu/tfg_ws/build/abb_hardware_interface -- -j4 -l4
[2.100s] [ 66%] [32mBuilding CXX object CMakeFiles/abb_hardware_interface.dir/src/abb_hardware_interface.cpp.o[0m
[2.100s] [ 66%] [32mBuilding CXX object CMakeFiles/abb_hardware_interface.dir/src/utilities.cpp.o[0m
[13.263s] [01m[K/home/ubuntu/tfg_ws/src/abb_ros2/abb_hardware_interface/src/abb_hardware_interface.cpp:[m[K In member function ‘[01m[Kvirtual CallbackReturn abb_hardware_interface::ABBSystemHardware::[01;32m[Kon_init[m[K(const hardware_interface::HardwareInfo&)[m[K’:
[13.265s] [01m[K/home/ubuntu/tfg_ws/src/abb_ros2/abb_hardware_interface/src/abb_hardware_interface.cpp:28:51:[m[K [01;35m[Kwarning: [m[K‘[01m[Kvirtual rclcpp_lifecycle::node_interfaces::LifecycleNodeInterface::CallbackReturn hardware_interface::HardwareComponentInterface::[01;32m[Kon_init[m[K(const hardware_interface::HardwareInfo&)[m[K’ is deprecated: Use on_init(const HardwareComponentInterfaceParams & params) instead. [[01;35m[K-Wdeprecated-declarations[m[K]
[13.265s]    28 |   if ([01;35m[Khardware_interface::SystemInterface::on_init(info)[m[K != CallbackReturn::SUCCESS)
[13.265s]       |       [01;35m[K~~~~~~~~~~~~~~~~~~~~~~~~~~~~~~~~~~~~~~~~~~~~^~~~~~[m[K
[13.265s] In file included from [01m[K/opt/ros/jazzy/include/hardware_interface/hardware_interface/system_interface.hpp:18[m[K,
[13.265s]                  from [01m[K/home/ubuntu/tfg_ws/src/abb_ros2/abb_hardware_interface/include/abb_hardware_interface/abb_hardware_interface.hpp:31[m[K,
[13.265s]                  from [01m[K/home/ubuntu/tfg_ws/src/abb_ros2/abb_hardware_interface/src/abb_hardware_interface.cpp:16[m[K:
[13.266s] [01m[K/opt/ros/jazzy/include/hardware_interface/hardware_interface/hardware_component_interface.hpp:235:26:[m[K [01;36m[Knote: [m[Kdeclared here
[13.266s]   235 |   virtual CallbackReturn [01;36m[Kon_init[m[K(const HardwareInfo & hardware_info)
[13.266s]       |                          [01;36m[K^~~~~~~[m[K
[19.435s] [100%] [32m[1mLinking CXX shared library libabb_hardware_interface.so[0m
[20.551s] [100%] Built target abb_hardware_interface
[20.572s] Invoked command in '/home/ubuntu/tfg_ws/build/abb_hardware_interface' returned '0': CMAKE_MODULE_PATH=/home/ubuntu/tfg_ws/install/abb_librws/share/abb_librws/cmake CMAKE_PREFIX_PATH=/home/ubuntu/tfg_ws/install/abb_egm_rws_managers:/home/ubuntu/tfg_ws/install/abb_librws:/home/ubuntu/tfg_ws/install/abb_libegm:/opt/ros/jazzy/opt/sdformat_vendor:/opt/ros/jazzy/opt/gz_math_vendor:/opt/ros/jazzy/opt/gz_utils_vendor:/opt/ros/jazzy/opt/gz_tools_vendor:/opt/ros/jazzy/opt/gz_cmake_vendor:/opt/ros/jazzy LD_LIBRARY_PATH=/home/ubuntu/tfg_ws/install/abb_egm_rws_managers/lib:/home/ubuntu/tfg_ws/install/abb_librws/lib:/home/ubuntu/tfg_ws/install/abb_libegm/lib:${LD_LIBRARY_PATH} PKG_CONFIG_PATH=/home/ubuntu/tfg_ws/install/abb_egm_rws_managers/lib/aarch64-linux-gnu/pkgconfig:/home/ubuntu/tfg_ws/install/abb_egm_rws_managers/lib/pkgconfig:/home/ubuntu/tfg_ws/install/abb_librws/lib/aarch64-linux-gnu/pkgconfig:/home/ubuntu/tfg_ws/install/abb_librws/lib/pkgconfig:/home/ubuntu/tfg_ws/install/abb_libegm/lib/aarch64-linux-gnu/pkgconfig:/home/ubuntu/tfg_ws/install/abb_libegm/lib/pkgconfig /usr/bin/cmake --build /home/ubuntu/tfg_ws/build/abb_hardware_interface -- -j4 -l4
[20.574s] Invoking command in '/home/ubuntu/tfg_ws/build/abb_hardware_interface': CMAKE_MODULE_PATH=/home/ubuntu/tfg_ws/install/abb_librws/share/abb_librws/cmake CMAKE_PREFIX_PATH=/home/ubuntu/tfg_ws/install/abb_egm_rws_managers:/home/ubuntu/tfg_ws/install/abb_librws:/home/ubuntu/tfg_ws/install/abb_libegm:/opt/ros/jazzy/opt/sdformat_vendor:/opt/ros/jazzy/opt/gz_math_vendor:/opt/ros/jazzy/opt/gz_utils_vendor:/opt/ros/jazzy/opt/gz_tools_vendor:/opt/ros/jazzy/opt/gz_cmake_vendor:/opt/ros/jazzy LD_LIBRARY_PATH=/home/ubuntu/tfg_ws/install/abb_egm_rws_managers/lib:/home/ubuntu/tfg_ws/install/abb_librws/lib:/home/ubuntu/tfg_ws/install/abb_libegm/lib:${LD_LIBRARY_PATH} PKG_CONFIG_PATH=/home/ubuntu/tfg_ws/install/abb_egm_rws_managers/lib/aarch64-linux-gnu/pkgconfig:/home/ubuntu/tfg_ws/install/abb_egm_rws_managers/lib/pkgconfig:/home/ubuntu/tfg_ws/install/abb_librws/lib/aarch64-linux-gnu/pkgconfig:/home/ubuntu/tfg_ws/install/abb_librws/lib/pkgconfig:/home/ubuntu/tfg_ws/install/abb_libegm/lib/aarch64-linux-gnu/pkgconfig:/home/ubuntu/tfg_ws/install/abb_libegm/lib/pkgconfig /usr/bin/cmake --install /home/ubuntu/tfg_ws/build/abb_hardware_interface
[20.590s] -- Install configuration: ""
[20.591s] -- Execute custom install script
[20.591s] -- Symlinking: /home/ubuntu/tfg_ws/install/abb_hardware_interface/share/abb_hardware_interface//abb_hardware_interface.xml
[20.610s] -- Symlinking: /home/ubuntu/tfg_ws/install/abb_hardware_interface/lib/libabb_hardware_interface.so
[20.629s] -- Symlinking: /home/ubuntu/tfg_ws/install/abb_hardware_interface/include/abb_hardware_interface/abb_hardware_interface.hpp
[20.646s] -- Symlinking: /home/ubuntu/tfg_ws/install/abb_hardware_interface/include/abb_hardware_interface/utilities.hpp
[20.664s] -- Symlinking: /home/ubuntu/tfg_ws/install/abb_hardware_interface/include/abb_hardware_interface/visibility_control.h
[20.682s] -- Symlinking: /home/ubuntu/tfg_ws/install/abb_hardware_interface/share/abb_hardware_interface/environment/library_path.sh
[20.700s] -- Symlinking: /home/ubuntu/tfg_ws/install/abb_hardware_interface/share/abb_hardware_interface/environment/library_path.dsv
[20.717s] -- Symlinking: /home/ubuntu/tfg_ws/install/abb_hardware_interface/share/ament_index/resource_index/package_run_dependencies/abb_hardware_interface
[20.736s] -- Symlinking: /home/ubuntu/tfg_ws/install/abb_hardware_interface/share/ament_index/resource_index/parent_prefix_path/abb_hardware_interface
[20.755s] -- Symlinking: /home/ubuntu/tfg_ws/install/abb_hardware_interface/share/abb_hardware_interface/environment/ament_prefix_path.sh
[20.772s] -- Symlinking: /home/ubuntu/tfg_ws/install/abb_hardware_interface/share/abb_hardware_interface/environment/ament_prefix_path.dsv
[20.790s] -- Symlinking: /home/ubuntu/tfg_ws/install/abb_hardware_interface/share/abb_hardware_interface/environment/path.sh
[20.809s] -- Symlinking: /home/ubuntu/tfg_ws/install/abb_hardware_interface/share/abb_hardware_interface/environment/path.dsv
[20.826s] -- Symlinking: /home/ubuntu/tfg_ws/install/abb_hardware_interface/share/abb_hardware_interface/local_setup.bash
[20.844s] -- Symlinking: /home/ubuntu/tfg_ws/install/abb_hardware_interface/share/abb_hardware_interface/local_setup.sh
[20.863s] -- Symlinking: /home/ubuntu/tfg_ws/install/abb_hardware_interface/share/abb_hardware_interface/local_setup.zsh
[20.880s] -- Symlinking: /home/ubuntu/tfg_ws/install/abb_hardware_interface/share/abb_hardware_interface/local_setup.dsv
[20.896s] -- Symlinking: /home/ubuntu/tfg_ws/install/abb_hardware_interface/share/abb_hardware_interface/package.dsv
[20.914s] -- Symlinking: /home/ubuntu/tfg_ws/install/abb_hardware_interface/share/ament_index/resource_index/packages/abb_hardware_interface
[20.933s] -- Symlinking: /home/ubuntu/tfg_ws/install/abb_hardware_interface/share/ament_index/resource_index/hardware_interface__pluginlib__plugin/abb_hardware_interface
[20.951s] -- Symlinking: /home/ubuntu/tfg_ws/install/abb_hardware_interface/share/abb_hardware_interface/cmake/ament_cmake_export_include_directories-extras.cmake
[20.969s] -- Symlinking: /home/ubuntu/tfg_ws/install/abb_hardware_interface/share/abb_hardware_interface/cmake/ament_cmake_export_libraries-extras.cmake
[20.988s] -- Symlinking: /home/ubuntu/tfg_ws/install/abb_hardware_interface/share/abb_hardware_interface/cmake/ament_cmake_export_dependencies-extras.cmake
[21.007s] -- Symlinking: /home/ubuntu/tfg_ws/install/abb_hardware_interface/share/abb_hardware_interface/cmake/abb_hardware_interfaceConfig.cmake
[21.025s] -- Symlinking: /home/ubuntu/tfg_ws/install/abb_hardware_interface/share/abb_hardware_interface/cmake/abb_hardware_interfaceConfig-version.cmake
[21.043s] -- Symlinking: /home/ubuntu/tfg_ws/install/abb_hardware_interface/share/abb_hardware_interface/package.xml
[21.064s] Invoked command in '/home/ubuntu/tfg_ws/build/abb_hardware_interface' returned '0': CMAKE_MODULE_PATH=/home/ubuntu/tfg_ws/install/abb_librws/share/abb_librws/cmake CMAKE_PREFIX_PATH=/home/ubuntu/tfg_ws/install/abb_egm_rws_managers:/home/ubuntu/tfg_ws/install/abb_librws:/home/ubuntu/tfg_ws/install/abb_libegm:/opt/ros/jazzy/opt/sdformat_vendor:/opt/ros/jazzy/opt/gz_math_vendor:/opt/ros/jazzy/opt/gz_utils_vendor:/opt/ros/jazzy/opt/gz_tools_vendor:/opt/ros/jazzy/opt/gz_cmake_vendor:/opt/ros/jazzy LD_LIBRARY_PATH=/home/ubuntu/tfg_ws/install/abb_egm_rws_managers/lib:/home/ubuntu/tfg_ws/install/abb_librws/lib:/home/ubuntu/tfg_ws/install/abb_libegm/lib:${LD_LIBRARY_PATH} PKG_CONFIG_PATH=/home/ubuntu/tfg_ws/install/abb_egm_rws_managers/lib/aarch64-linux-gnu/pkgconfig:/home/ubuntu/tfg_ws/install/abb_egm_rws_managers/lib/pkgconfig:/home/ubuntu/tfg_ws/install/abb_librws/lib/aarch64-linux-gnu/pkgconfig:/home/ubuntu/tfg_ws/install/abb_librws/lib/pkgconfig:/home/ubuntu/tfg_ws/install/abb_libegm/lib/aarch64-linux-gnu/pkgconfig:/home/ubuntu/tfg_ws/install/abb_libegm/lib/pkgconfig /usr/bin/cmake --install /home/ubuntu/tfg_ws/build/abb_hardware_interface
