[0.068s] Invoking command in '/home/ubuntu/tfg_ws/build/abb_bringup': AMENT_PREFIX_PATH=/home/ubuntu/tfg_ws/install/abb_resources:${AMENT_PREFIX_PATH} CMAKE_PREFIX_PATH=/home/ubuntu/tfg_ws/install/abb_resources:/opt/ros/jazzy/opt/sdformat_vendor:/opt/ros/jazzy/opt/gz_math_vendor:/opt/ros/jazzy/opt/gz_utils_vendor:/opt/ros/jazzy/opt/gz_tools_vendor:/opt/ros/jazzy/opt/gz_cmake_vendor:/opt/ros/jazzy /usr/bin/cmake --build /home/ubuntu/tfg_ws/build/abb_bringup -- -j4 -l4
[0.178s] [ 33%] Built target gtest_main
[0.184s] [ 66%] Built target gtest
[0.235s] [100%] Built target test_command_topics
[0.256s] Invoked command in '/home/ubuntu/tfg_ws/build/abb_bringup' returned '0': AMENT_PREFIX_PATH=/home/ubuntu/tfg_ws/install/abb_resources:${AMENT_PREFIX_PATH} CMAKE_PREFIX_PATH=/home/ubuntu/tfg_ws/install/abb_resources:/opt/ros/jazzy/opt/sdformat_vendor:/opt/ros/jazzy/opt/gz_math_vendor:/opt/ros/jazzy/opt/gz_utils_vendor:/opt/ros/jazzy/opt/gz_tools_vendor:/opt/ros/jazzy/opt/gz_cmake_vendor:/opt/ros/jazzy /usr/bin/cmake --build /home/ubuntu/tfg_ws/build/abb_bringup -- -j4 -l4
[0.258s] Invoking command in '/home/ubuntu/tfg_ws/build/abb_bringup': AMENT_PREFIX_PATH=/home/ubuntu/tfg_ws/install/abb_resources:${AMENT_PREFIX_PATH} CMAKE_PREFIX_PATH=/home/ubuntu/tfg_ws/install/abb_resources:/opt/ros/jazzy/opt/sdformat_vendor:/opt/ros/jazzy/opt/gz_math_vendor:/opt/ros/jazzy/opt/gz_utils_vendor:/opt/ros/jazzy/opt/gz_tools_vendor:/opt/ros/jazzy/opt/gz_cmake_vendor:/opt/ros/jazzy /usr/bin/cmake --install /home/ubuntu/tfg_ws/build/abb_bringup
[0.273s] -- Install configuration: ""
[0.273s] -- Execute custom install script
[0.274s] -- Up-to-date symlink: /home/ubuntu/tfg_ws/install/abb_bringup/share/abb_bringup/config/abb_controllers.yaml
[0.274s] -- Up-to-date symlink: /home/ubuntu/tfg_ws/install/abb_bringup/share/abb_bringup/launch/abb_control.launch.py
[0.274s] -- Up-to-date symlink: /home/ubuntu/tfg_ws/install/abb_bringup/share/abb_bringup/launch/abb_moveit.launch.py
[0.274s] -- Up-to-date symlink: /home/ubuntu/tfg_ws/install/abb_bringup/share/abb_bringup/launch/abb_rws_client.launch.py
[0.275s] -- Up-to-date symlink: /home/ubuntu/tfg_ws/install/abb_bringup/share/ament_index/resource_index/package_run_dependencies/abb_bringup
[0.275s] -- Up-to-date symlink: /home/ubuntu/tfg_ws/install/abb_bringup/share/ament_index/resource_index/parent_prefix_path/abb_bringup
[0.275s] -- Up-to-date symlink: /home/ubuntu/tfg_ws/install/abb_bringup/share/abb_bringup/environment/ament_prefix_path.sh
[0.275s] -- Up-to-date symlink: /home/ubuntu/tfg_ws/install/abb_bringup/share/abb_bringup/environment/ament_prefix_path.dsv
[0.275s] -- Up-to-date symlink: /home/ubuntu/tfg_ws/install/abb_bringup/share/abb_bringup/environment/path.sh
[0.276s] -- Up-to-date symlink: /home/ubuntu/tfg_ws/install/abb_bringup/share/abb_bringup/environment/path.dsv
[0.276s] -- Up-to-date symlink: /home/ubuntu/tfg_ws/install/abb_bringup/share/abb_bringup/local_setup.bash
[0.276s] -- Up-to-date symlink: /home/ubuntu/tfg_ws/install/abb_bringup/share/abb_bringup/local_setup.sh
[0.276s] -- Up-to-date symlink: /home/ubuntu/tfg_ws/install/abb_bringup/share/abb_bringup/local_setup.zsh
[0.277s] -- Up-to-date symlink: /home/ubuntu/tfg_ws/install/abb_bringup/share/abb_bringup/local_setup.dsv
[0.277s] -- Symlinking: /home/ubuntu/tfg_ws/install/abb_bringup/share/abb_bringup/package.dsv
[0.295s] -- Up-to-date symlink: /home/ubuntu/tfg_ws/install/abb_bringup/share/ament_index/resource_index/packages/abb_bringup
[0.295s] -- Up-to-date symlink: /home/ubuntu/tfg_ws/install/abb_bringup/share/abb_bringup/cmake/ament_cmake_export_dependencies-extras.cmake
[0.295s] -- Up-to-date symlink: /home/ubuntu/tfg_ws/install/abb_bringup/share/abb_bringup/cmake/abb_bringupConfig.cmake
[0.296s] -- Up-to-date symlink: /home/ubuntu/tfg_ws/install/abb_bringup/share/abb_bringup/cmake/abb_bringupConfig-version.cmake
[0.296s] -- Up-to-date symlink: /home/ubuntu/tfg_ws/install/abb_bringup/share/abb_bringup/package.xml
[0.300s] Invoked command in '/home/ubuntu/tfg_ws/build/abb_bringup' returned '0': AMENT_PREFIX_PATH=/home/ubuntu/tfg_ws/install/abb_resources:${AMENT_PREFIX_PATH} CMAKE_PREFIX_PATH=/home/ubuntu/tfg_ws/install/abb_resources:/opt/ros/jazzy/opt/sdformat_vendor:/opt/ros/jazzy/opt/gz_math_vendor:/opt/ros/jazzy/opt/gz_utils_vendor:/opt/ros/jazzy/opt/gz_tools_vendor:/opt/ros/jazzy/opt/gz_cmake_vendor:/opt/ros/jazzy /usr/bin/cmake --install /home/ubuntu/tfg_ws/build/abb_bringup
