[0.076s] DEBUG:colcon:Command line arguments: ['/usr/bin/colcon', 'build']
[0.076s] DEBUG:colcon:Parsed command line arguments: Namespace(log_base=None, log_level=None, verb_name='build', build_base='build', install_base='install', merge_install=False, symlink_install=False, test_result_base=None, continue_on_error=False, executor='parallel', parallel_workers=4, event_handlers=None, ignore_user_meta=False, metas=['./colcon.meta'], base_paths=['.'], packages_ignore=None, packages_ignore_regex=None, paths=None, packages_up_to=None, packages_up_to_regex=None, packages_above=None, packages_above_and_dependencies=None, packages_above_depth=None, packages_select_by_dep=None, packages_skip_by_dep=None, packages_skip_up_to=None, packages_select_build_failed=False, packages_skip_build_finished=False, packages_select_test_failures=False, packages_skip_test_passed=False, packages_select=None, packages_skip=None, packages_select_regex=None, packages_skip_regex=None, packages_start=None, packages_end=None, allow_overriding=[], cmake_args=None, cmake_target=None, cmake_target_skip_unavailable=False, cmake_clean_cache=False, cmake_clean_first=False, cmake_force_configure=False, ament_cmake_args=None, catkin_cmake_args=None, catkin_skip_building_tests=False, verb_parser=<colcon_defaults.argument_parser.defaults.DefaultArgumentsDecorator object at 0x7579f0c82060>, verb_extension=<colcon_core.verb.build.BuildVerb object at 0x7579f0d410d0>, main=<bound method BuildVerb.main of <colcon_core.verb.build.BuildVerb object at 0x7579f0d410d0>>)
[0.106s] Level 1:colcon.colcon_core.package_discovery:discover_packages(colcon_meta) check parameters
[0.106s] Level 1:colcon.colcon_core.package_discovery:discover_packages(recursive) check parameters
[0.106s] Level 1:colcon.colcon_core.package_discovery:discover_packages(ignore) check parameters
[0.106s] Level 1:colcon.colcon_core.package_discovery:discover_packages(path) check parameters
[0.106s] Level 1:colcon.colcon_core.package_discovery:discover_packages(colcon_meta) discover
[0.106s] Level 1:colcon.colcon_core.package_discovery:discover_packages(recursive) discover
[0.106s] INFO:colcon.colcon_core.package_discovery:Crawling recursively for packages in '/home/carles/tfg_ws'
[0.106s] Level 1:colcon.colcon_core.package_identification:_identify(.) by extensions ['ignore', 'ignore_ament_install']
[0.106s] Level 1:colcon.colcon_core.package_identification:_identify(.) by extension 'ignore'
[0.106s] Level 1:colcon.colcon_core.package_identification:_identify(.) by extension 'ignore_ament_install'
[0.106s] Level 1:colcon.colcon_core.package_identification:_identify(.) by extensions ['colcon_pkg']
[0.106s] Level 1:colcon.colcon_core.package_identification:_identify(.) by extension 'colcon_pkg'
[0.106s] Level 1:colcon.colcon_core.package_identification:_identify(.) by extensions ['colcon_meta']
[0.106s] Level 1:colcon.colcon_core.package_identification:_identify(.) by extension 'colcon_meta'
[0.106s] Level 1:colcon.colcon_core.package_identification:_identify(.) by extensions ['ros']
[0.106s] Level 1:colcon.colcon_core.package_identification:_identify(.) by extension 'ros'
[0.128s] Level 1:colcon.colcon_core.package_identification:_identify(.) by extensions ['cmake', 'python']
[0.128s] Level 1:colcon.colcon_core.package_identification:_identify(.) by extension 'cmake'
[0.128s] Level 1:colcon.colcon_core.package_identification:_identify(.) by extension 'python'
[0.128s] Level 1:colcon.colcon_core.package_identification:_identify(.) by extensions ['python_setup_py']
[0.128s] Level 1:colcon.colcon_core.package_identification:_identify(.) by extension 'python_setup_py'
[0.128s] Level 1:colcon.colcon_core.package_identification:_identify(build) by extensions ['ignore', 'ignore_ament_install']
[0.128s] Level 1:colcon.colcon_core.package_identification:_identify(build) by extension 'ignore'
[0.128s] Level 1:colcon.colcon_core.package_identification:_identify(build) ignored
[0.128s] Level 1:colcon.colcon_core.package_identification:_identify(install) by extensions ['ignore', 'ignore_ament_install']
[0.128s] Level 1:colcon.colcon_core.package_identification:_identify(install) by extension 'ignore'
[0.128s] Level 1:colcon.colcon_core.package_identification:_identify(install) ignored
[0.129s] Level 1:colcon.colcon_core.package_identification:_identify(log) by extensions ['ignore', 'ignore_ament_install']
[0.129s] Level 1:colcon.colcon_core.package_identification:_identify(log) by extension 'ignore'
[0.129s] Level 1:colcon.colcon_core.package_identification:_identify(log) ignored
[0.129s] Level 1:colcon.colcon_core.package_identification:_identify(src) by extensions ['ignore', 'ignore_ament_install']
[0.129s] Level 1:colcon.colcon_core.package_identification:_identify(src) by extension 'ignore'
[0.129s] Level 1:colcon.colcon_core.package_identification:_identify(src) by extension 'ignore_ament_install'
[0.129s] Level 1:colcon.colcon_core.package_identification:_identify(src) by extensions ['colcon_pkg']
[0.129s] Level 1:colcon.colcon_core.package_identification:_identify(src) by extension 'colcon_pkg'
[0.129s] Level 1:colcon.colcon_core.package_identification:_identify(src) by extensions ['colcon_meta']
[0.129s] Level 1:colcon.colcon_core.package_identification:_identify(src) by extension 'colcon_meta'
[0.129s] Level 1:colcon.colcon_core.package_identification:_identify(src) by extensions ['ros']
[0.129s] Level 1:colcon.colcon_core.package_identification:_identify(src) by extension 'ros'
[0.129s] Level 1:colcon.colcon_core.package_identification:_identify(src) by extensions ['cmake', 'python']
[0.129s] Level 1:colcon.colcon_core.package_identification:_identify(src) by extension 'cmake'
[0.129s] Level 1:colcon.colcon_core.package_identification:_identify(src) by extension 'python'
[0.129s] Level 1:colcon.colcon_core.package_identification:_identify(src) by extensions ['python_setup_py']
[0.129s] Level 1:colcon.colcon_core.package_identification:_identify(src) by extension 'python_setup_py'
[0.129s] Level 1:colcon.colcon_core.package_identification:_identify(src/abb_control) by extensions ['ignore', 'ignore_ament_install']
[0.129s] Level 1:colcon.colcon_core.package_identification:_identify(src/abb_control) by extension 'ignore'
[0.129s] Level 1:colcon.colcon_core.package_identification:_identify(src/abb_control) by extension 'ignore_ament_install'
[0.129s] Level 1:colcon.colcon_core.package_identification:_identify(src/abb_control) by extensions ['colcon_pkg']
[0.129s] Level 1:colcon.colcon_core.package_identification:_identify(src/abb_control) by extension 'colcon_pkg'
[0.129s] Level 1:colcon.colcon_core.package_identification:_identify(src/abb_control) by extensions ['colcon_meta']
[0.129s] Level 1:colcon.colcon_core.package_identification:_identify(src/abb_control) by extension 'colcon_meta'
[0.129s] Level 1:colcon.colcon_core.package_identification:_identify(src/abb_control) by extensions ['ros']
[0.129s] Level 1:colcon.colcon_core.package_identification:_identify(src/abb_control) by extension 'ros'
[0.131s] DEBUG:colcon.colcon_core.package_identification:Package 'src/abb_control' with type 'ros.ament_python' and name 'abb_control'
[0.131s] Level 1:colcon.colcon_core.package_identification:_identify(src/abb_irb140_moveit_config) by extensions ['ignore', 'ignore_ament_install']
[0.131s] Level 1:colcon.colcon_core.package_identification:_identify(src/abb_irb140_moveit_config) by extension 'ignore'
[0.131s] Level 1:colcon.colcon_core.package_identification:_identify(src/abb_irb140_moveit_config) by extension 'ignore_ament_install'
[0.131s] Level 1:colcon.colcon_core.package_identification:_identify(src/abb_irb140_moveit_config) by extensions ['colcon_pkg']
[0.132s] Level 1:colcon.colcon_core.package_identification:_identify(src/abb_irb140_moveit_config) by extension 'colcon_pkg'
[0.132s] Level 1:colcon.colcon_core.package_identification:_identify(src/abb_irb140_moveit_config) by extensions ['colcon_meta']
[0.132s] Level 1:colcon.colcon_core.package_identification:_identify(src/abb_irb140_moveit_config) by extension 'colcon_meta'
[0.132s] Level 1:colcon.colcon_core.package_identification:_identify(src/abb_irb140_moveit_config) by extensions ['ros']
[0.132s] Level 1:colcon.colcon_core.package_identification:_identify(src/abb_irb140_moveit_config) by extension 'ros'
[0.132s] DEBUG:colcon.colcon_core.package_identification:Package 'src/abb_irb140_moveit_config' with type 'ros.ament_cmake' and name 'abb_irb140_moveit_config'
[0.132s] Level 1:colcon.colcon_core.package_identification:_identify(src/abb_irb140_support) by extensions ['ignore', 'ignore_ament_install']
[0.132s] Level 1:colcon.colcon_core.package_identification:_identify(src/abb_irb140_support) by extension 'ignore'
[0.132s] Level 1:colcon.colcon_core.package_identification:_identify(src/abb_irb140_support) by extension 'ignore_ament_install'
[0.132s] Level 1:colcon.colcon_core.package_identification:_identify(src/abb_irb140_support) by extensions ['colcon_pkg']
[0.132s] Level 1:colcon.colcon_core.package_identification:_identify(src/abb_irb140_support) by extension 'colcon_pkg'
[0.132s] Level 1:colcon.colcon_core.package_identification:_identify(src/abb_irb140_support) by extensions ['colcon_meta']
[0.132s] Level 1:colcon.colcon_core.package_identification:_identify(src/abb_irb140_support) by extension 'colcon_meta'
[0.132s] Level 1:colcon.colcon_core.package_identification:_identify(src/abb_irb140_support) by extensions ['ros']
[0.132s] Level 1:colcon.colcon_core.package_identification:_identify(src/abb_irb140_support) by extension 'ros'
[0.133s] DEBUG:colcon.colcon_core.package_identification:Package 'src/abb_irb140_support' with type 'ros.ament_cmake' and name 'abb_irb140_support'
[0.133s] Level 1:colcon.colcon_core.package_discovery:discover_packages(recursive) using defaults
[0.133s] Level 1:colcon.colcon_core.package_discovery:discover_packages(ignore) discover
[0.133s] Level 1:colcon.colcon_core.package_discovery:discover_packages(ignore) using defaults
[0.133s] Level 1:colcon.colcon_core.package_discovery:discover_packages(path) discover
[0.133s] Level 1:colcon.colcon_core.package_discovery:discover_packages(path) using defaults
[0.147s] Level 1:colcon.colcon_core.package_discovery:discover_packages(prefix_path) check parameters
[0.147s] Level 1:colcon.colcon_core.package_discovery:discover_packages(prefix_path) discover
[0.153s] WARNING:colcon.colcon_ros.prefix_path.ament:The path '/home/carles/tfg_ws/install/abb_irb140_moveit_config' in the environment variable AMENT_PREFIX_PATH doesn't exist
[0.153s] WARNING:colcon.colcon_ros.prefix_path.ament:The path '/home/carles/tfg_ws/install/abb_irb140_support' in the environment variable AMENT_PREFIX_PATH doesn't exist
[0.153s] WARNING:colcon.colcon_ros.prefix_path.ament:The path '/home/carles/tfg_ws/install/abb_control' in the environment variable AMENT_PREFIX_PATH doesn't exist
[0.153s] WARNING:colcon.colcon_ros.prefix_path.catkin:The path '/home/carles/tfg_ws/install/abb_irb140_moveit_config' in the environment variable CMAKE_PREFIX_PATH doesn't exist
[0.153s] WARNING:colcon.colcon_ros.prefix_path.catkin:The path '/home/carles/tfg_ws/install/abb_irb140_support' in the environment variable CMAKE_PREFIX_PATH doesn't exist
[0.154s] DEBUG:colcon.colcon_installed_package_information.package_discovery:Found 0 installed packages in /home/carles/tfg_ws/install
[0.156s] DEBUG:colcon.colcon_installed_package_information.package_discovery:Found 382 installed packages in /opt/ros/jazzy
[0.157s] Level 1:colcon.colcon_core.package_discovery:discover_packages(prefix_path) using defaults
[0.202s] Level 5:colcon.colcon_core.verb:set package 'abb_control' build argument 'cmake_args' from command line to 'None'
[0.202s] Level 5:colcon.colcon_core.verb:set package 'abb_control' build argument 'cmake_target' from command line to 'None'
[0.202s] Level 5:colcon.colcon_core.verb:set package 'abb_control' build argument 'cmake_target_skip_unavailable' from command line to 'False'
[0.202s] Level 5:colcon.colcon_core.verb:set package 'abb_control' build argument 'cmake_clean_cache' from command line to 'False'
[0.202s] Level 5:colcon.colcon_core.verb:set package 'abb_control' build argument 'cmake_clean_first' from command line to 'False'
[0.202s] Level 5:colcon.colcon_core.verb:set package 'abb_control' build argument 'cmake_force_configure' from command line to 'False'
[0.202s] Level 5:colcon.colcon_core.verb:set package 'abb_control' build argument 'ament_cmake_args' from command line to 'None'
[0.202s] Level 5:colcon.colcon_core.verb:set package 'abb_control' build argument 'catkin_cmake_args' from command line to 'None'
[0.202s] Level 5:colcon.colcon_core.verb:set package 'abb_control' build argument 'catkin_skip_building_tests' from command line to 'False'
[0.202s] DEBUG:colcon.colcon_core.verb:Building package 'abb_control' with the following arguments: {'ament_cmake_args': None, 'build_base': '/home/carles/tfg_ws/build/abb_control', 'catkin_cmake_args': None, 'catkin_skip_building_tests': False, 'cmake_args': None, 'cmake_clean_cache': False, 'cmake_clean_first': False, 'cmake_force_configure': False, 'cmake_target': None, 'cmake_target_skip_unavailable': False, 'install_base': '/home/carles/tfg_ws/install/abb_control', 'merge_install': False, 'path': '/home/carles/tfg_ws/src/abb_control', 'symlink_install': False, 'test_result_base': None}
[0.202s] Level 5:colcon.colcon_core.verb:set package 'abb_irb140_support' build argument 'cmake_args' from command line to 'None'
[0.202s] Level 5:colcon.colcon_core.verb:set package 'abb_irb140_support' build argument 'cmake_target' from command line to 'None'
[0.202s] Level 5:colcon.colcon_core.verb:set package 'abb_irb140_support' build argument 'cmake_target_skip_unavailable' from command line to 'False'
[0.202s] Level 5:colcon.colcon_core.verb:set package 'abb_irb140_support' build argument 'cmake_clean_cache' from command line to 'False'
[0.202s] Level 5:colcon.colcon_core.verb:set package 'abb_irb140_support' build argument 'cmake_clean_first' from command line to 'False'
[0.202s] Level 5:colcon.colcon_core.verb:set package 'abb_irb140_support' build argument 'cmake_force_configure' from command line to 'False'
[0.202s] Level 5:colcon.colcon_core.verb:set package 'abb_irb140_support' build argument 'ament_cmake_args' from command line to 'None'
[0.203s] Level 5:colcon.colcon_core.verb:set package 'abb_irb140_support' build argument 'catkin_cmake_args' from command line to 'None'
[0.203s] Level 5:colcon.colcon_core.verb:set package 'abb_irb140_support' build argument 'catkin_skip_building_tests' from command line to 'False'
[0.203s] DEBUG:colcon.colcon_core.verb:Building package 'abb_irb140_support' with the following arguments: {'ament_cmake_args': None, 'build_base': '/home/carles/tfg_ws/build/abb_irb140_support', 'catkin_cmake_args': None, 'catkin_skip_building_tests': False, 'cmake_args': None, 'cmake_clean_cache': False, 'cmake_clean_first': False, 'cmake_force_configure': False, 'cmake_target': None, 'cmake_target_skip_unavailable': False, 'install_base': '/home/carles/tfg_ws/install/abb_irb140_support', 'merge_install': False, 'path': '/home/carles/tfg_ws/src/abb_irb140_support', 'symlink_install': False, 'test_result_base': None}
[0.203s] Level 5:colcon.colcon_core.verb:set package 'abb_irb140_moveit_config' build argument 'cmake_args' from command line to 'None'
[0.203s] Level 5:colcon.colcon_core.verb:set package 'abb_irb140_moveit_config' build argument 'cmake_target' from command line to 'None'
[0.203s] Level 5:colcon.colcon_core.verb:set package 'abb_irb140_moveit_config' build argument 'cmake_target_skip_unavailable' from command line to 'False'
[0.203s] Level 5:colcon.colcon_core.verb:set package 'abb_irb140_moveit_config' build argument 'cmake_clean_cache' from command line to 'False'
[0.203s] Level 5:colcon.colcon_core.verb:set package 'abb_irb140_moveit_config' build argument 'cmake_clean_first' from command line to 'False'
[0.203s] Level 5:colcon.colcon_core.verb:set package 'abb_irb140_moveit_config' build argument 'cmake_force_configure' from command line to 'False'
[0.203s] Level 5:colcon.colcon_core.verb:set package 'abb_irb140_moveit_config' build argument 'ament_cmake_args' from command line to 'None'
[0.203s] Level 5:colcon.colcon_core.verb:set package 'abb_irb140_moveit_config' build argument 'catkin_cmake_args' from command line to 'None'
[0.203s] Level 5:colcon.colcon_core.verb:set package 'abb_irb140_moveit_config' build argument 'catkin_skip_building_tests' from command line to 'False'
[0.203s] DEBUG:colcon.colcon_core.verb:Building package 'abb_irb140_moveit_config' with the following arguments: {'ament_cmake_args': None, 'build_base': '/home/carles/tfg_ws/build/abb_irb140_moveit_config', 'catkin_cmake_args': None, 'catkin_skip_building_tests': False, 'cmake_args': None, 'cmake_clean_cache': False, 'cmake_clean_first': False, 'cmake_force_configure': False, 'cmake_target': None, 'cmake_target_skip_unavailable': False, 'install_base': '/home/carles/tfg_ws/install/abb_irb140_moveit_config', 'merge_install': False, 'path': '/home/carles/tfg_ws/src/abb_irb140_moveit_config', 'symlink_install': False, 'test_result_base': None}
[0.203s] INFO:colcon.colcon_core.executor:Executing jobs using 'parallel' executor
[0.204s] DEBUG:colcon.colcon_parallel_executor.executor.parallel:run_until_complete
[0.204s] INFO:colcon.colcon_ros.task.ament_cmake.build:Building ROS package in '/home/carles/tfg_ws/src/abb_irb140_support' with build type 'ament_cmake'
[0.204s] INFO:colcon.colcon_cmake.task.cmake.build:Building CMake package in '/home/carles/tfg_ws/src/abb_irb140_support'
[0.207s] INFO:colcon.colcon_core.plugin_system:Skipping extension 'colcon_core.shell.bat': Not used on non-Windows systems
[0.207s] INFO:colcon.colcon_core.shell:Skip shell extension 'powershell' for command environment: Not usable outside of PowerShell
[0.207s] DEBUG:colcon.colcon_core.shell:Skip shell extension 'dsv' for command environment
[0.210s] INFO:colcon.colcon_ros.task.ament_python.build:Building ROS package in '/home/carles/tfg_ws/src/abb_control' with build type 'ament_python'
[0.210s] Level 1:colcon.colcon_core.shell:create_environment_hook('abb_control', 'ament_prefix_path')
[0.210s] INFO:colcon.colcon_core.shell:Creating environment hook '/home/carles/tfg_ws/install/abb_control/share/abb_control/hook/ament_prefix_path.ps1'
[0.211s] INFO:colcon.colcon_core.shell:Creating environment descriptor '/home/carles/tfg_ws/install/abb_control/share/abb_control/hook/ament_prefix_path.dsv'
[0.212s] INFO:colcon.colcon_core.shell:Creating environment hook '/home/carles/tfg_ws/install/abb_control/share/abb_control/hook/ament_prefix_path.sh'
[0.212s] INFO:colcon.colcon_core.shell:Skip shell extension 'powershell' for command environment: Not usable outside of PowerShell
[0.212s] DEBUG:colcon.colcon_core.shell:Skip shell extension 'dsv' for command environment
[0.222s] DEBUG:colcon.colcon_core.event_handler.log_command:Invoking command in '/home/carles/tfg_ws/build/abb_irb140_support': CMAKE_PREFIX_PATH=${CMAKE_PREFIX_PATH}:/home/carles/tfg_ws/install/abb_control:/opt/ros/jazzy DEBUGINFOD_URLS=https://debuginfod.ubuntu.com /usr/bin/cmake /home/carles/tfg_ws/src/abb_irb140_support -DCMAKE_INSTALL_PREFIX=/home/carles/tfg_ws/install/abb_irb140_support
[0.621s] INFO:colcon.colcon_core.task.python.build:Building Python package in '/home/carles/tfg_ws/src/abb_control'
[0.621s] INFO:colcon.colcon_core.shell:Skip shell extension 'powershell' for command environment: Not usable outside of PowerShell
[0.622s] DEBUG:colcon.colcon_core.shell:Skip shell extension 'dsv' for command environment
[1.198s] DEBUG:colcon.colcon_core.event_handler.log_command:Invoking command in '/home/carles/tfg_ws/src/abb_control': DEBUGINFOD_URLS=https://debuginfod.ubuntu.com PYTHONPATH=/home/carles/tfg_ws/build/abb_control/prefix_override:/usr/lib/python3/dist-packages/colcon_core/task/python/colcon_distutils_commands:/home/carles/tfg_ws/install/abb_control/lib/python3.12/site-packages:${PYTHONPATH} /usr/bin/python3 -W ignore:setup.py install is deprecated -W ignore:easy_install command is deprecated setup.py egg_info --egg-base ../../build/abb_control build --build-base /home/carles/tfg_ws/build/abb_control/build install --record /home/carles/tfg_ws/build/abb_control/install.log --single-version-externally-managed install_data
[1.720s] DEBUG:colcon.colcon_core.event_handler.log_command:Invoked command in '/home/carles/tfg_ws/src/abb_control' returned '0': DEBUGINFOD_URLS=https://debuginfod.ubuntu.com PYTHONPATH=/home/carles/tfg_ws/build/abb_control/prefix_override:/usr/lib/python3/dist-packages/colcon_core/task/python/colcon_distutils_commands:/home/carles/tfg_ws/install/abb_control/lib/python3.12/site-packages:${PYTHONPATH} /usr/bin/python3 -W ignore:setup.py install is deprecated -W ignore:easy_install command is deprecated setup.py egg_info --egg-base ../../build/abb_control build --build-base /home/carles/tfg_ws/build/abb_control/build install --record /home/carles/tfg_ws/build/abb_control/install.log --single-version-externally-managed install_data
[1.721s] Level 1:colcon.colcon_core.environment:checking '/home/carles/tfg_ws/install/abb_control' for CMake module files
[1.721s] Level 1:colcon.colcon_core.environment:checking '/home/carles/tfg_ws/install/abb_control' for CMake config files
[1.722s] Level 1:colcon.colcon_core.environment:checking '/home/carles/tfg_ws/install/abb_control/lib'
[1.722s] Level 1:colcon.colcon_core.environment:checking '/home/carles/tfg_ws/install/abb_control/bin'
[1.722s] Level 1:colcon.colcon_core.environment:checking '/home/carles/tfg_ws/install/abb_control/lib/pkgconfig/abb_control.pc'
[1.722s] Level 1:colcon.colcon_core.environment:checking '/home/carles/tfg_ws/install/abb_control/lib/python3.12/site-packages'
[1.723s] Level 1:colcon.colcon_core.shell:create_environment_hook('abb_control', 'pythonpath')
[1.723s] INFO:colcon.colcon_core.shell:Creating environment hook '/home/carles/tfg_ws/install/abb_control/share/abb_control/hook/pythonpath.ps1'
[1.723s] INFO:colcon.colcon_core.shell:Creating environment descriptor '/home/carles/tfg_ws/install/abb_control/share/abb_control/hook/pythonpath.dsv'
[1.723s] INFO:colcon.colcon_core.shell:Creating environment hook '/home/carles/tfg_ws/install/abb_control/share/abb_control/hook/pythonpath.sh'
[1.724s] Level 1:colcon.colcon_core.environment:checking '/home/carles/tfg_ws/install/abb_control/bin'
[1.724s] Level 1:colcon.colcon_core.environment:create_environment_scripts_only(abb_control)
[1.724s] INFO:colcon.colcon_core.shell:Creating package script '/home/carles/tfg_ws/install/abb_control/share/abb_control/package.ps1'
[1.725s] INFO:colcon.colcon_core.shell:Creating package descriptor '/home/carles/tfg_ws/install/abb_control/share/abb_control/package.dsv'
[1.725s] INFO:colcon.colcon_core.shell:Creating package script '/home/carles/tfg_ws/install/abb_control/share/abb_control/package.sh'
[1.725s] INFO:colcon.colcon_core.shell:Creating package script '/home/carles/tfg_ws/install/abb_control/share/abb_control/package.bash'
[1.726s] INFO:colcon.colcon_core.shell:Creating package script '/home/carles/tfg_ws/install/abb_control/share/abb_control/package.zsh'
[1.726s] Level 1:colcon.colcon_core.environment:create_file_with_runtime_dependencies(/home/carles/tfg_ws/install/abb_control/share/colcon-core/packages/abb_control)
[2.105s] DEBUG:colcon.colcon_core.event_handler.log_command:Invoked command in '/home/carles/tfg_ws/build/abb_irb140_support' returned '0': CMAKE_PREFIX_PATH=${CMAKE_PREFIX_PATH}:/home/carles/tfg_ws/install/abb_control:/opt/ros/jazzy DEBUGINFOD_URLS=https://debuginfod.ubuntu.com /usr/bin/cmake /home/carles/tfg_ws/src/abb_irb140_support -DCMAKE_INSTALL_PREFIX=/home/carles/tfg_ws/install/abb_irb140_support
[2.105s] DEBUG:colcon.colcon_core.event_handler.log_command:Invoking command in '/home/carles/tfg_ws/build/abb_irb140_support': CMAKE_PREFIX_PATH=${CMAKE_PREFIX_PATH}:/home/carles/tfg_ws/install/abb_control:/opt/ros/jazzy DEBUGINFOD_URLS=https://debuginfod.ubuntu.com /usr/bin/cmake --build /home/carles/tfg_ws/build/abb_irb140_support -- -j4 -l4
[2.139s] DEBUG:colcon.colcon_core.event_handler.log_command:Invoked command in '/home/carles/tfg_ws/build/abb_irb140_support' returned '0': CMAKE_PREFIX_PATH=${CMAKE_PREFIX_PATH}:/home/carles/tfg_ws/install/abb_control:/opt/ros/jazzy DEBUGINFOD_URLS=https://debuginfod.ubuntu.com /usr/bin/cmake --build /home/carles/tfg_ws/build/abb_irb140_support -- -j4 -l4
[2.149s] DEBUG:colcon.colcon_core.event_handler.log_command:Invoking command in '/home/carles/tfg_ws/build/abb_irb140_support': CMAKE_PREFIX_PATH=${CMAKE_PREFIX_PATH}:/home/carles/tfg_ws/install/abb_control:/opt/ros/jazzy DEBUGINFOD_URLS=https://debuginfod.ubuntu.com /usr/bin/cmake --install /home/carles/tfg_ws/build/abb_irb140_support
[2.183s] Level 1:colcon.colcon_core.environment:create_environment_scripts_only(abb_irb140_support)
[2.183s] Level 1:colcon.colcon_core.environment:checking '/home/carles/tfg_ws/install/abb_irb140_support' for CMake module files
[2.184s] DEBUG:colcon.colcon_core.event_handler.log_command:Invoked command in '/home/carles/tfg_ws/build/abb_irb140_support' returned '0': CMAKE_PREFIX_PATH=${CMAKE_PREFIX_PATH}:/home/carles/tfg_ws/install/abb_control:/opt/ros/jazzy DEBUGINFOD_URLS=https://debuginfod.ubuntu.com /usr/bin/cmake --install /home/carles/tfg_ws/build/abb_irb140_support
[2.184s] Level 1:colcon.colcon_core.environment:checking '/home/carles/tfg_ws/install/abb_irb140_support' for CMake config files
[2.184s] Level 1:colcon.colcon_core.shell:create_environment_hook('abb_irb140_support', 'cmake_prefix_path')
[2.184s] INFO:colcon.colcon_core.shell:Creating environment hook '/home/carles/tfg_ws/install/abb_irb140_support/share/abb_irb140_support/hook/cmake_prefix_path.ps1'
[2.185s] INFO:colcon.colcon_core.shell:Creating environment descriptor '/home/carles/tfg_ws/install/abb_irb140_support/share/abb_irb140_support/hook/cmake_prefix_path.dsv'
[2.185s] INFO:colcon.colcon_core.shell:Creating environment hook '/home/carles/tfg_ws/install/abb_irb140_support/share/abb_irb140_support/hook/cmake_prefix_path.sh'
[2.185s] Level 1:colcon.colcon_core.environment:checking '/home/carles/tfg_ws/install/abb_irb140_support/bin'
[2.185s] Level 1:colcon.colcon_core.environment:checking '/home/carles/tfg_ws/install/abb_irb140_support/lib/pkgconfig/abb_irb140_support.pc'
[2.185s] Level 1:colcon.colcon_core.environment:checking '/home/carles/tfg_ws/install/abb_irb140_support/lib/python3.12/site-packages'
[2.185s] Level 1:colcon.colcon_core.environment:checking '/home/carles/tfg_ws/install/abb_irb140_support/bin'
[2.186s] INFO:colcon.colcon_core.shell:Creating package script '/home/carles/tfg_ws/install/abb_irb140_support/share/abb_irb140_support/package.ps1'
[2.186s] INFO:colcon.colcon_core.shell:Creating package descriptor '/home/carles/tfg_ws/install/abb_irb140_support/share/abb_irb140_support/package.dsv'
[2.186s] INFO:colcon.colcon_core.shell:Creating package script '/home/carles/tfg_ws/install/abb_irb140_support/share/abb_irb140_support/package.sh'
[2.187s] INFO:colcon.colcon_core.shell:Creating package script '/home/carles/tfg_ws/install/abb_irb140_support/share/abb_irb140_support/package.bash'
[2.187s] INFO:colcon.colcon_core.shell:Creating package script '/home/carles/tfg_ws/install/abb_irb140_support/share/abb_irb140_support/package.zsh'
[2.187s] Level 1:colcon.colcon_core.environment:create_file_with_runtime_dependencies(/home/carles/tfg_ws/install/abb_irb140_support/share/colcon-core/packages/abb_irb140_support)
[2.188s] Level 1:colcon.colcon_core.environment:create_environment_scripts_only(abb_irb140_support)
[2.188s] Level 1:colcon.colcon_core.environment:checking '/home/carles/tfg_ws/install/abb_irb140_support' for CMake module files
[2.188s] Level 1:colcon.colcon_core.environment:checking '/home/carles/tfg_ws/install/abb_irb140_support' for CMake config files
[2.188s] Level 1:colcon.colcon_core.shell:create_environment_hook('abb_irb140_support', 'cmake_prefix_path')
[2.188s] INFO:colcon.colcon_core.shell:Creating environment hook '/home/carles/tfg_ws/install/abb_irb140_support/share/abb_irb140_support/hook/cmake_prefix_path.ps1'
[2.189s] INFO:colcon.colcon_core.shell:Creating environment descriptor '/home/carles/tfg_ws/install/abb_irb140_support/share/abb_irb140_support/hook/cmake_prefix_path.dsv'
[2.189s] INFO:colcon.colcon_core.shell:Creating environment hook '/home/carles/tfg_ws/install/abb_irb140_support/share/abb_irb140_support/hook/cmake_prefix_path.sh'
[2.190s] Level 1:colcon.colcon_core.environment:checking '/home/carles/tfg_ws/install/abb_irb140_support/bin'
[2.190s] Level 1:colcon.colcon_core.environment:checking '/home/carles/tfg_ws/install/abb_irb140_support/lib/pkgconfig/abb_irb140_support.pc'
[2.190s] Level 1:colcon.colcon_core.environment:checking '/home/carles/tfg_ws/install/abb_irb140_support/lib/python3.12/site-packages'
[2.190s] Level 1:colcon.colcon_core.environment:checking '/home/carles/tfg_ws/install/abb_irb140_support/bin'
[2.190s] INFO:colcon.colcon_core.shell:Creating package script '/home/carles/tfg_ws/install/abb_irb140_support/share/abb_irb140_support/package.ps1'
[2.191s] INFO:colcon.colcon_core.shell:Creating package descriptor '/home/carles/tfg_ws/install/abb_irb140_support/share/abb_irb140_support/package.dsv'
[2.191s] INFO:colcon.colcon_core.shell:Creating package script '/home/carles/tfg_ws/install/abb_irb140_support/share/abb_irb140_support/package.sh'
[2.192s] INFO:colcon.colcon_core.shell:Creating package script '/home/carles/tfg_ws/install/abb_irb140_support/share/abb_irb140_support/package.bash'
[2.192s] INFO:colcon.colcon_core.shell:Creating package script '/home/carles/tfg_ws/install/abb_irb140_support/share/abb_irb140_support/package.zsh'
[2.192s] Level 1:colcon.colcon_core.environment:create_file_with_runtime_dependencies(/home/carles/tfg_ws/install/abb_irb140_support/share/colcon-core/packages/abb_irb140_support)
[2.193s] INFO:colcon.colcon_ros.task.ament_cmake.build:Building ROS package in '/home/carles/tfg_ws/src/abb_irb140_moveit_config' with build type 'ament_cmake'
[2.193s] INFO:colcon.colcon_cmake.task.cmake.build:Building CMake package in '/home/carles/tfg_ws/src/abb_irb140_moveit_config'
[2.193s] INFO:colcon.colcon_core.shell:Skip shell extension 'powershell' for command environment: Not usable outside of PowerShell
[2.193s] DEBUG:colcon.colcon_core.shell:Skip shell extension 'dsv' for command environment
[2.204s] DEBUG:colcon.colcon_core.event_handler.log_command:Invoking command in '/home/carles/tfg_ws/build/abb_irb140_moveit_config': CMAKE_PREFIX_PATH=/home/carles/tfg_ws/install/abb_irb140_support:/home/carles/tfg_ws/install/abb_irb140_moveit_config:/opt/ros/jazzy/opt/sdformat_vendor:/opt/ros/jazzy/opt/gz_math_vendor:/opt/ros/jazzy/opt/gz_utils_vendor:/opt/ros/jazzy/opt/gz_tools_vendor:/opt/ros/jazzy/opt/gz_cmake_vendor:/home/carles/tfg_ws/install/abb_control:/opt/ros/jazzy DEBUGINFOD_URLS=https://debuginfod.ubuntu.com /usr/bin/cmake /home/carles/tfg_ws/src/abb_irb140_moveit_config -DCMAKE_INSTALL_PREFIX=/home/carles/tfg_ws/install/abb_irb140_moveit_config
[2.966s] DEBUG:colcon.colcon_core.event_handler.log_command:Invoked command in '/home/carles/tfg_ws/build/abb_irb140_moveit_config' returned '0': CMAKE_PREFIX_PATH=/home/carles/tfg_ws/install/abb_irb140_support:/home/carles/tfg_ws/install/abb_irb140_moveit_config:/opt/ros/jazzy/opt/sdformat_vendor:/opt/ros/jazzy/opt/gz_math_vendor:/opt/ros/jazzy/opt/gz_utils_vendor:/opt/ros/jazzy/opt/gz_tools_vendor:/opt/ros/jazzy/opt/gz_cmake_vendor:/home/carles/tfg_ws/install/abb_control:/opt/ros/jazzy DEBUGINFOD_URLS=https://debuginfod.ubuntu.com /usr/bin/cmake /home/carles/tfg_ws/src/abb_irb140_moveit_config -DCMAKE_INSTALL_PREFIX=/home/carles/tfg_ws/install/abb_irb140_moveit_config
[2.967s] DEBUG:colcon.colcon_core.event_handler.log_command:Invoking command in '/home/carles/tfg_ws/build/abb_irb140_moveit_config': CMAKE_PREFIX_PATH=/home/carles/tfg_ws/install/abb_irb140_support:/home/carles/tfg_ws/install/abb_irb140_moveit_config:/opt/ros/jazzy/opt/sdformat_vendor:/opt/ros/jazzy/opt/gz_math_vendor:/opt/ros/jazzy/opt/gz_utils_vendor:/opt/ros/jazzy/opt/gz_tools_vendor:/opt/ros/jazzy/opt/gz_cmake_vendor:/home/carles/tfg_ws/install/abb_control:/opt/ros/jazzy DEBUGINFOD_URLS=https://debuginfod.ubuntu.com /usr/bin/cmake --build /home/carles/tfg_ws/build/abb_irb140_moveit_config -- -j4 -l4
[3.006s] DEBUG:colcon.colcon_core.event_handler.log_command:Invoked command in '/home/carles/tfg_ws/build/abb_irb140_moveit_config' returned '0': CMAKE_PREFIX_PATH=/home/carles/tfg_ws/install/abb_irb140_support:/home/carles/tfg_ws/install/abb_irb140_moveit_config:/opt/ros/jazzy/opt/sdformat_vendor:/opt/ros/jazzy/opt/gz_math_vendor:/opt/ros/jazzy/opt/gz_utils_vendor:/opt/ros/jazzy/opt/gz_tools_vendor:/opt/ros/jazzy/opt/gz_cmake_vendor:/home/carles/tfg_ws/install/abb_control:/opt/ros/jazzy DEBUGINFOD_URLS=https://debuginfod.ubuntu.com /usr/bin/cmake --build /home/carles/tfg_ws/build/abb_irb140_moveit_config -- -j4 -l4
[3.007s] DEBUG:colcon.colcon_core.event_handler.log_command:Invoking command in '/home/carles/tfg_ws/build/abb_irb140_moveit_config': CMAKE_PREFIX_PATH=/home/carles/tfg_ws/install/abb_irb140_support:/home/carles/tfg_ws/install/abb_irb140_moveit_config:/opt/ros/jazzy/opt/sdformat_vendor:/opt/ros/jazzy/opt/gz_math_vendor:/opt/ros/jazzy/opt/gz_utils_vendor:/opt/ros/jazzy/opt/gz_tools_vendor:/opt/ros/jazzy/opt/gz_cmake_vendor:/home/carles/tfg_ws/install/abb_control:/opt/ros/jazzy DEBUGINFOD_URLS=https://debuginfod.ubuntu.com /usr/bin/cmake --install /home/carles/tfg_ws/build/abb_irb140_moveit_config
[3.026s] Level 1:colcon.colcon_core.environment:create_environment_scripts_only(abb_irb140_moveit_config)
[3.026s] Level 1:colcon.colcon_core.environment:checking '/home/carles/tfg_ws/install/abb_irb140_moveit_config' for CMake module files
[3.026s] DEBUG:colcon.colcon_core.event_handler.log_command:Invoked command in '/home/carles/tfg_ws/build/abb_irb140_moveit_config' returned '0': CMAKE_PREFIX_PATH=/home/carles/tfg_ws/install/abb_irb140_support:/home/carles/tfg_ws/install/abb_irb140_moveit_config:/opt/ros/jazzy/opt/sdformat_vendor:/opt/ros/jazzy/opt/gz_math_vendor:/opt/ros/jazzy/opt/gz_utils_vendor:/opt/ros/jazzy/opt/gz_tools_vendor:/opt/ros/jazzy/opt/gz_cmake_vendor:/home/carles/tfg_ws/install/abb_control:/opt/ros/jazzy DEBUGINFOD_URLS=https://debuginfod.ubuntu.com /usr/bin/cmake --install /home/carles/tfg_ws/build/abb_irb140_moveit_config
[3.027s] Level 1:colcon.colcon_core.environment:checking '/home/carles/tfg_ws/install/abb_irb140_moveit_config' for CMake config files
[3.027s] Level 1:colcon.colcon_core.shell:create_environment_hook('abb_irb140_moveit_config', 'cmake_prefix_path')
[3.027s] INFO:colcon.colcon_core.shell:Creating environment hook '/home/carles/tfg_ws/install/abb_irb140_moveit_config/share/abb_irb140_moveit_config/hook/cmake_prefix_path.ps1'
[3.028s] INFO:colcon.colcon_core.shell:Creating environment descriptor '/home/carles/tfg_ws/install/abb_irb140_moveit_config/share/abb_irb140_moveit_config/hook/cmake_prefix_path.dsv'
[3.028s] INFO:colcon.colcon_core.shell:Creating environment hook '/home/carles/tfg_ws/install/abb_irb140_moveit_config/share/abb_irb140_moveit_config/hook/cmake_prefix_path.sh'
[3.028s] Level 1:colcon.colcon_core.environment:checking '/home/carles/tfg_ws/install/abb_irb140_moveit_config/bin'
[3.028s] Level 1:colcon.colcon_core.environment:checking '/home/carles/tfg_ws/install/abb_irb140_moveit_config/lib/pkgconfig/abb_irb140_moveit_config.pc'
[3.028s] Level 1:colcon.colcon_core.environment:checking '/home/carles/tfg_ws/install/abb_irb140_moveit_config/lib/python3.12/site-packages'
[3.029s] Level 1:colcon.colcon_core.environment:checking '/home/carles/tfg_ws/install/abb_irb140_moveit_config/bin'
[3.029s] INFO:colcon.colcon_core.shell:Creating package script '/home/carles/tfg_ws/install/abb_irb140_moveit_config/share/abb_irb140_moveit_config/package.ps1'
[3.029s] INFO:colcon.colcon_core.shell:Creating package descriptor '/home/carles/tfg_ws/install/abb_irb140_moveit_config/share/abb_irb140_moveit_config/package.dsv'
[3.030s] INFO:colcon.colcon_core.shell:Creating package script '/home/carles/tfg_ws/install/abb_irb140_moveit_config/share/abb_irb140_moveit_config/package.sh'
[3.030s] INFO:colcon.colcon_core.shell:Creating package script '/home/carles/tfg_ws/install/abb_irb140_moveit_config/share/abb_irb140_moveit_config/package.bash'
[3.030s] INFO:colcon.colcon_core.shell:Creating package script '/home/carles/tfg_ws/install/abb_irb140_moveit_config/share/abb_irb140_moveit_config/package.zsh'
[3.031s] Level 1:colcon.colcon_core.environment:create_file_with_runtime_dependencies(/home/carles/tfg_ws/install/abb_irb140_moveit_config/share/colcon-core/packages/abb_irb140_moveit_config)
[3.031s] Level 1:colcon.colcon_core.environment:create_environment_scripts_only(abb_irb140_moveit_config)
[3.031s] Level 1:colcon.colcon_core.environment:checking '/home/carles/tfg_ws/install/abb_irb140_moveit_config' for CMake module files
[3.032s] Level 1:colcon.colcon_core.environment:checking '/home/carles/tfg_ws/install/abb_irb140_moveit_config' for CMake config files
[3.032s] Level 1:colcon.colcon_core.shell:create_environment_hook('abb_irb140_moveit_config', 'cmake_prefix_path')
[3.032s] INFO:colcon.colcon_core.shell:Creating environment hook '/home/carles/tfg_ws/install/abb_irb140_moveit_config/share/abb_irb140_moveit_config/hook/cmake_prefix_path.ps1'
[3.032s] INFO:colcon.colcon_core.shell:Creating environment descriptor '/home/carles/tfg_ws/install/abb_irb140_moveit_config/share/abb_irb140_moveit_config/hook/cmake_prefix_path.dsv'
[3.032s] INFO:colcon.colcon_core.shell:Creating environment hook '/home/carles/tfg_ws/install/abb_irb140_moveit_config/share/abb_irb140_moveit_config/hook/cmake_prefix_path.sh'
[3.033s] Level 1:colcon.colcon_core.environment:checking '/home/carles/tfg_ws/install/abb_irb140_moveit_config/bin'
[3.033s] Level 1:colcon.colcon_core.environment:checking '/home/carles/tfg_ws/install/abb_irb140_moveit_config/lib/pkgconfig/abb_irb140_moveit_config.pc'
[3.033s] Level 1:colcon.colcon_core.environment:checking '/home/carles/tfg_ws/install/abb_irb140_moveit_config/lib/python3.12/site-packages'
[3.033s] Level 1:colcon.colcon_core.environment:checking '/home/carles/tfg_ws/install/abb_irb140_moveit_config/bin'
[3.034s] INFO:colcon.colcon_core.shell:Creating package script '/home/carles/tfg_ws/install/abb_irb140_moveit_config/share/abb_irb140_moveit_config/package.ps1'
[3.034s] INFO:colcon.colcon_core.shell:Creating package descriptor '/home/carles/tfg_ws/install/abb_irb140_moveit_config/share/abb_irb140_moveit_config/package.dsv'
[3.034s] INFO:colcon.colcon_core.shell:Creating package script '/home/carles/tfg_ws/install/abb_irb140_moveit_config/share/abb_irb140_moveit_config/package.sh'
[3.035s] INFO:colcon.colcon_core.shell:Creating package script '/home/carles/tfg_ws/install/abb_irb140_moveit_config/share/abb_irb140_moveit_config/package.bash'
[3.036s] INFO:colcon.colcon_core.shell:Creating package script '/home/carles/tfg_ws/install/abb_irb140_moveit_config/share/abb_irb140_moveit_config/package.zsh'
[3.037s] Level 1:colcon.colcon_core.environment:create_file_with_runtime_dependencies(/home/carles/tfg_ws/install/abb_irb140_moveit_config/share/colcon-core/packages/abb_irb140_moveit_config)
[3.037s] DEBUG:colcon.colcon_parallel_executor.executor.parallel:closing loop
[3.038s] DEBUG:colcon.colcon_parallel_executor.executor.parallel:loop closed
[3.038s] DEBUG:colcon.colcon_parallel_executor.executor.parallel:run_until_complete finished with '0'
[3.038s] DEBUG:colcon.colcon_core.event_reactor:joining thread
[3.045s] INFO:colcon.colcon_core.plugin_system:Skipping extension 'colcon_notification.desktop_notification.terminal_notifier': Not used on non-Darwin systems
[3.045s] INFO:colcon.colcon_core.plugin_system:Skipping extension 'colcon_notification.desktop_notification.win32': Not used on non-Windows systems
[3.045s] INFO:colcon.colcon_notification.desktop_notification:Sending desktop notification using 'notify2'
[3.069s] DEBUG:colcon.colcon_core.event_reactor:joined thread
[3.069s] INFO:colcon.colcon_core.shell:Creating prefix script '/home/carles/tfg_ws/install/local_setup.ps1'
[3.070s] INFO:colcon.colcon_core.shell:Creating prefix util module '/home/carles/tfg_ws/install/_local_setup_util_ps1.py'
[3.071s] INFO:colcon.colcon_core.shell:Creating prefix chain script '/home/carles/tfg_ws/install/setup.ps1'
[3.072s] INFO:colcon.colcon_core.shell:Creating prefix script '/home/carles/tfg_ws/install/local_setup.sh'
[3.073s] INFO:colcon.colcon_core.shell:Creating prefix util module '/home/carles/tfg_ws/install/_local_setup_util_sh.py'
[3.074s] INFO:colcon.colcon_core.shell:Creating prefix chain script '/home/carles/tfg_ws/install/setup.sh'
[3.074s] INFO:colcon.colcon_core.shell:Creating prefix script '/home/carles/tfg_ws/install/local_setup.bash'
[3.074s] INFO:colcon.colcon_core.shell:Creating prefix chain script '/home/carles/tfg_ws/install/setup.bash'
[3.075s] INFO:colcon.colcon_core.shell:Creating prefix script '/home/carles/tfg_ws/install/local_setup.zsh'
[3.076s] INFO:colcon.colcon_core.shell:Creating prefix chain script '/home/carles/tfg_ws/install/setup.zsh'
