[0.027s] Invoking command in '/home/ubuntu/tfg_ws/build/abb_resources': CMAKE_PREFIX_PATH=${CMAKE_PREFIX_PATH}:/opt/ros/jazzy /usr/bin/cmake --build /home/ubuntu/tfg_ws/build/abb_resources -- -j4 -l4
[0.161s] Invoked command in '/home/ubuntu/tfg_ws/build/abb_resources' returned '0': CMAKE_PREFIX_PATH=${CMAKE_PREFIX_PATH}:/opt/ros/jazzy /usr/bin/cmake --build /home/ubuntu/tfg_ws/build/abb_resources -- -j4 -l4
[0.162s] Invoking command in '/home/ubuntu/tfg_ws/build/abb_resources': CMAKE_PREFIX_PATH=${CMAKE_PREFIX_PATH}:/opt/ros/jazzy /usr/bin/cmake --install /home/ubuntu/tfg_ws/build/abb_resources
[0.189s] -- Install configuration: ""
[0.189s] -- Execute custom install script
[0.189s] -- Up-to-date symlink: /home/ubuntu/tfg_ws/install/abb_resources/share/ament_index/resource_index/package_run_dependencies/abb_resources
[0.190s] -- Up-to-date symlink: /home/ubuntu/tfg_ws/install/abb_resources/share/ament_index/resource_index/parent_prefix_path/abb_resources
[0.190s] -- Up-to-date symlink: /home/ubuntu/tfg_ws/install/abb_resources/share/abb_resources/environment/ament_prefix_path.sh
[0.190s] -- Up-to-date symlink: /home/ubuntu/tfg_ws/install/abb_resources/share/abb_resources/environment/ament_prefix_path.dsv
[0.191s] -- Up-to-date symlink: /home/ubuntu/tfg_ws/install/abb_resources/share/abb_resources/environment/path.sh
[0.191s] -- Up-to-date symlink: /home/ubuntu/tfg_ws/install/abb_resources/share/abb_resources/environment/path.dsv
[0.191s] -- Up-to-date symlink: /home/ubuntu/tfg_ws/install/abb_resources/share/abb_resources/local_setup.bash
[0.191s] -- Up-to-date symlink: /home/ubuntu/tfg_ws/install/abb_resources/share/abb_resources/local_setup.sh
[0.191s] -- Up-to-date symlink: /home/ubuntu/tfg_ws/install/abb_resources/share/abb_resources/local_setup.zsh
[0.191s] -- Up-to-date symlink: /home/ubuntu/tfg_ws/install/abb_resources/share/abb_resources/local_setup.dsv
[0.191s] -- Symlinking: /home/ubuntu/tfg_ws/install/abb_resources/share/abb_resources/package.dsv
[0.216s] -- Up-to-date symlink: /home/ubuntu/tfg_ws/install/abb_resources/share/ament_index/resource_index/packages/abb_resources
[0.217s] -- Up-to-date symlink: /home/ubuntu/tfg_ws/install/abb_resources/share/abb_resources/cmake/abb_resourcesConfig.cmake
[0.217s] -- Up-to-date symlink: /home/ubuntu/tfg_ws/install/abb_resources/share/abb_resources/cmake/abb_resourcesConfig-version.cmake
[0.217s] -- Up-to-date symlink: /home/ubuntu/tfg_ws/install/abb_resources/share/abb_resources/package.xml
[0.218s] -- Up-to-date symlink: /home/ubuntu/tfg_ws/install/abb_resources/share/abb_resources/urdf/common_colours.xacro
[0.218s] -- Up-to-date symlink: /home/ubuntu/tfg_ws/install/abb_resources/share/abb_resources/urdf/common_materials.xacro
[0.268s] Invoked command in '/home/ubuntu/tfg_ws/build/abb_resources' returned '0': CMAKE_PREFIX_PATH=${CMAKE_PREFIX_PATH}:/opt/ros/jazzy /usr/bin/cmake --install /home/ubuntu/tfg_ws/build/abb_resources
