[1.372s] Invoking command in '/home/ubuntu/ros2_ws_clean/src/robot_control_pkg': CONDA_PROMPT_MODIFIER=(base) PYTHONPATH=/home/ubuntu/ros2_ws_clean/build/robot_control_pkg/prefix_override:/usr/lib/python3/dist-packages/colcon_core/task/python/colcon_distutils_commands:/home/ubuntu/ros2_ws_clean/install/robot_control_pkg/lib/python3.12/site-packages:${PYTHONPATH} /usr/bin/python3 -W ignore:setup.py install is deprecated -W ignore:easy_install command is deprecated setup.py egg_info --egg-base ../../build/robot_control_pkg build --build-base /home/ubuntu/ros2_ws_clean/build/robot_control_pkg/build install --record /home/ubuntu/ros2_ws_clean/build/robot_control_pkg/install.log --single-version-externally-managed install_data
[1.768s] running egg_info
[1.799s] writing ../../build/robot_control_pkg/robot_control_pkg.egg-info/PKG-INFO
[1.799s] writing dependency_links to ../../build/robot_control_pkg/robot_control_pkg.egg-info/dependency_links.txt
[1.800s] writing entry points to ../../build/robot_control_pkg/robot_control_pkg.egg-info/entry_points.txt
[1.800s] writing requirements to ../../build/robot_control_pkg/robot_control_pkg.egg-info/requires.txt
[1.801s] writing top-level names to ../../build/robot_control_pkg/robot_control_pkg.egg-info/top_level.txt
[1.863s] reading manifest file '../../build/robot_control_pkg/robot_control_pkg.egg-info/SOURCES.txt'
[1.864s] writing manifest file '../../build/robot_control_pkg/robot_control_pkg.egg-info/SOURCES.txt'
[1.864s] running build
[1.864s] running build_py
[1.865s] running install
[1.874s] running install_lib
[1.904s] warning: install_lib: '/home/ubuntu/ros2_ws_clean/build/robot_control_pkg/build/lib' does not exist -- no Python modules to install
[1.904s] 
[1.905s] running install_data
[1.905s] running install_egg_info
[1.937s] removing '/home/ubuntu/ros2_ws_clean/install/robot_control_pkg/lib/python3.12/site-packages/robot_control_pkg-1.0.0-py3.12.egg-info' (and everything under it)
[1.937s] Copying ../../build/robot_control_pkg/robot_control_pkg.egg-info to /home/ubuntu/ros2_ws_clean/install/robot_control_pkg/lib/python3.12/site-packages/robot_control_pkg-1.0.0-py3.12.egg-info
[1.938s] running install_scripts
[2.153s] Installing robot_control_node script to /home/ubuntu/ros2_ws_clean/install/robot_control_pkg/bin
[2.153s] writing list of installed files to '/home/ubuntu/ros2_ws_clean/build/robot_control_pkg/install.log'
[2.231s] Invoked command in '/home/ubuntu/ros2_ws_clean/src/robot_control_pkg' returned '0': CONDA_PROMPT_MODIFIER=(base) PYTHONPATH=/home/ubuntu/ros2_ws_clean/build/robot_control_pkg/prefix_override:/usr/lib/python3/dist-packages/colcon_core/task/python/colcon_distutils_commands:/home/ubuntu/ros2_ws_clean/install/robot_control_pkg/lib/python3.12/site-packages:${PYTHONPATH} /usr/bin/python3 -W ignore:setup.py install is deprecated -W ignore:easy_install command is deprecated setup.py egg_info --egg-base ../../build/robot_control_pkg build --build-base /home/ubuntu/ros2_ws_clean/build/robot_control_pkg/build install --record /home/ubuntu/ros2_ws_clean/build/robot_control_pkg/install.log --single-version-externally-managed install_data
