running egg_info
creating ../../build/robot_control_pkg/robot_control_pkg.egg-info
writing ../../build/robot_control_pkg/robot_control_pkg.egg-info/PKG-INFO
writing dependency_links to ../../build/robot_control_pkg/robot_control_pkg.egg-info/dependency_links.txt
writing entry points to ../../build/robot_control_pkg/robot_control_pkg.egg-info/entry_points.txt
writing requirements to ../../build/robot_control_pkg/robot_control_pkg.egg-info/requires.txt
writing top-level names to ../../build/robot_control_pkg/robot_control_pkg.egg-info/top_level.txt
writing manifest file '../../build/robot_control_pkg/robot_control_pkg.egg-info/SOURCES.txt'
reading manifest file '../../build/robot_control_pkg/robot_control_pkg.egg-info/SOURCES.txt'
writing manifest file '../../build/robot_control_pkg/robot_control_pkg.egg-info/SOURCES.txt'
running build
running build_py
running install
running install_lib
warning: install_lib: '/home/ubuntu/ros2_ws_clean/build/robot_control_pkg/build/lib' does not exist -- no Python modules to install

running install_data
creating /home/ubuntu/ros2_ws_clean/install/robot_control_pkg/share/ament_index
creating /home/ubuntu/ros2_ws_clean/install/robot_control_pkg/share/ament_index/resource_index
creating /home/ubuntu/ros2_ws_clean/install/robot_control_pkg/share/ament_index/resource_index/packages
error: can't copy 'resource/robot_control_pkg': doesn't exist or not a regular file
