[1.397s] Invoking command in '/home/ubuntu/ros2_ws_clean/src/robot_control_pkg': CONDA_PROMPT_MODIFIER=(base) PYTHONPATH=/home/ubuntu/ros2_ws_clean/build/robot_control_pkg/prefix_override:/usr/lib/python3/dist-packages/colcon_core/task/python/colcon_distutils_commands:/home/ubuntu/ros2_ws_clean/install/robot_control_pkg/lib/python3.12/site-packages:${PYTHONPATH} /usr/bin/python3 -W ignore:setup.py install is deprecated -W ignore:easy_install command is deprecated setup.py egg_info --egg-base ../../build/robot_control_pkg build --build-base /home/ubuntu/ros2_ws_clean/build/robot_control_pkg/build install --record /home/ubuntu/ros2_ws_clean/build/robot_control_pkg/install.log --single-version-externally-managed install_data
[1.787s] running egg_info
[1.787s] creating ../../build/robot_control_pkg/robot_control_pkg.egg-info
[1.818s] writing ../../build/robot_control_pkg/robot_control_pkg.egg-info/PKG-INFO
[1.818s] writing dependency_links to ../../build/robot_control_pkg/robot_control_pkg.egg-info/dependency_links.txt
[1.818s] writing entry points to ../../build/robot_control_pkg/robot_control_pkg.egg-info/entry_points.txt
[1.818s] writing requirements to ../../build/robot_control_pkg/robot_control_pkg.egg-info/requires.txt
[1.818s] writing top-level names to ../../build/robot_control_pkg/robot_control_pkg.egg-info/top_level.txt
[1.819s] writing manifest file '../../build/robot_control_pkg/robot_control_pkg.egg-info/SOURCES.txt'
[1.879s] reading manifest file '../../build/robot_control_pkg/robot_control_pkg.egg-info/SOURCES.txt'
[1.880s] writing manifest file '../../build/robot_control_pkg/robot_control_pkg.egg-info/SOURCES.txt'
[1.880s] running build
[1.881s] running build_py
[1.881s] running install
[1.890s] running install_lib
[1.920s] warning: install_lib: '/home/ubuntu/ros2_ws_clean/build/robot_control_pkg/build/lib' does not exist -- no Python modules to install
[1.920s] 
[1.920s] running install_data
[1.920s] creating /home/ubuntu/ros2_ws_clean/install/robot_control_pkg/share/ament_index
[1.920s] creating /home/ubuntu/ros2_ws_clean/install/robot_control_pkg/share/ament_index/resource_index
[1.921s] creating /home/ubuntu/ros2_ws_clean/install/robot_control_pkg/share/ament_index/resource_index/packages
[1.921s] error: can't copy 'resource/robot_control_pkg': doesn't exist or not a regular file
[1.974s] Invoked command in '/home/ubuntu/ros2_ws_clean/src/robot_control_pkg' returned '1': CONDA_PROMPT_MODIFIER=(base) PYTHONPATH=/home/ubuntu/ros2_ws_clean/build/robot_control_pkg/prefix_override:/usr/lib/python3/dist-packages/colcon_core/task/python/colcon_distutils_commands:/home/ubuntu/ros2_ws_clean/install/robot_control_pkg/lib/python3.12/site-packages:${PYTHONPATH} /usr/bin/python3 -W ignore:setup.py install is deprecated -W ignore:easy_install command is deprecated setup.py egg_info --egg-base ../../build/robot_control_pkg build --build-base /home/ubuntu/ros2_ws_clean/build/robot_control_pkg/build install --record /home/ubuntu/ros2_ws_clean/build/robot_control_pkg/install.log --single-version-externally-managed install_data
